+ export PATH=/opt/bin:/venv/bin:/usr/local/sbin:/usr/local/bin:/usr/sbin:/usr/bin:/sbin:/bin
+ PATH=/opt/bin:/venv/bin:/usr/local/sbin:/usr/local/bin:/usr/sbin:/usr/bin:/sbin:/bin
+ mkdir -p /src/trafficserver/output/adjust_autest_for_rockylinux8
+ umask 0000
+ '[' 4 -le 0 ']'
+ testsall=($( find . -iname "*.test.py" | awk -F'/' '{print $NF}' | awk -F'.' '{print $1}' ))
++ find . -iname '*.test.py'
++ awk -F/ '{print $NF}'
++ awk -F. '{print $1}'
+ testsall=($(
		for el in  "${testsall[@]}" ; do
			echo $el
		done | sort))
++ sort
++ for el in "${testsall[@]}"
++ echo ip_allow
++ for el in "${testsall[@]}"
++ echo bigobj
++ for el in "${testsall[@]}"
++ echo double
++ for el in "${testsall[@]}"
++ echo openclose
++ for el in "${testsall[@]}"
++ echo openclose_h2
++ for el in "${testsall[@]}"
++ echo session_id
++ for el in "${testsall[@]}"
++ echo double_h2
++ for el in "${testsall[@]}"
++ echo tls_hooks16
++ for el in "${testsall[@]}"
++ echo tls_hooks12
++ for el in "${testsall[@]}"
++ echo tls_hooks2
++ for el in "${testsall[@]}"
++ echo tls_hooks6
++ for el in "${testsall[@]}"
++ echo tls_hooks17
++ for el in "${testsall[@]}"
++ echo tls_hooks13
++ for el in "${testsall[@]}"
++ echo tls_hooks3
++ for el in "${testsall[@]}"
++ echo tls_hooks7
++ for el in "${testsall[@]}"
++ echo tls_hooks15
++ for el in "${testsall[@]}"
++ echo tls_hooks11
++ for el in "${testsall[@]}"
++ echo tls_hooks9
++ for el in "${testsall[@]}"
++ echo tls_hooks
++ for el in "${testsall[@]}"
++ echo tls_hooks14
++ for el in "${testsall[@]}"
++ echo tls_hooks10
++ for el in "${testsall[@]}"
++ echo tls_hooks18
++ for el in "${testsall[@]}"
++ echo tls_hooks8
++ for el in "${testsall[@]}"
++ echo tls_hooks4
++ for el in "${testsall[@]}"
++ echo remap_inc
++ for el in "${testsall[@]}"
++ echo slow_post
++ for el in "${testsall[@]}"
++ echo quick_server
++ for el in "${testsall[@]}"
++ echo proxy_serve_stale
++ for el in "${testsall[@]}"
++ echo proxy_serve_stale_dns_fail
++ for el in "${testsall[@]}"
++ echo proxy_protocol
++ for el in "${testsall[@]}"
++ echo cache-range-response
++ for el in "${testsall[@]}"
++ echo disjoint-wait-for-cache
++ for el in "${testsall[@]}"
++ echo background_fill
++ for el in "${testsall[@]}"
++ echo negative-revalidating
++ for el in "${testsall[@]}"
++ echo cache-generation-clear
++ for el in "${testsall[@]}"
++ echo cache-auth
++ for el in "${testsall[@]}"
++ echo conditional-get-hit
++ for el in "${testsall[@]}"
++ echo negative-caching
++ for el in "${testsall[@]}"
++ echo cache-request-method
++ for el in "${testsall[@]}"
++ echo cache-control
++ for el in "${testsall[@]}"
++ echo vary-handling
++ for el in "${testsall[@]}"
++ echo cache-generation-disjoint
++ for el in "${testsall[@]}"
++ echo cache-cookie
++ for el in "${testsall[@]}"
++ echo alternate-caching
++ for el in "${testsall[@]}"
++ echo basic_plugin_handler
++ for el in "${testsall[@]}"
++ echo jsonrpc_api_schema
++ for el in "${testsall[@]}"
++ echo multiplexer
++ for el in "${testsall[@]}"
++ echo combo_handler
++ for el in "${testsall[@]}"
++ echo remap_stats
++ for el in "${testsall[@]}"
++ echo remap_stats_post
++ for el in "${testsall[@]}"
++ echo client_context_dump
++ for el in "${testsall[@]}"
++ echo slice_regex
++ for el in "${testsall[@]}"
++ echo slice_selfhealing
++ for el in "${testsall[@]}"
++ echo slice_error
++ for el in "${testsall[@]}"
++ echo slice_rm_range
++ for el in "${testsall[@]}"
++ echo slice_prefetch
++ for el in "${testsall[@]}"
++ echo slice
++ for el in "${testsall[@]}"
++ echo header_rewrite
++ for el in "${testsall[@]}"
++ echo header_rewrite_l_value
++ for el in "${testsall[@]}"
++ echo header_rewrite_url
++ for el in "${testsall[@]}"
++ echo header_rewrite_cond_cache
++ for el in "${testsall[@]}"
++ echo header_rewrite_cond_ssn_txn_count
++ for el in "${testsall[@]}"
++ echo regex_revalidate_miss
++ for el in "${testsall[@]}"
++ echo regex_revalidate_state
++ for el in "${testsall[@]}"
++ echo regex_revalidate
++ for el in "${testsall[@]}"
++ echo s3_auth_config
++ for el in "${testsall[@]}"
++ echo prefetch_simple
++ for el in "${testsall[@]}"
++ echo stek_share
++ for el in "${testsall[@]}"
++ echo subcookie
++ for el in "${testsall[@]}"
++ echo matchcookie
++ for el in "${testsall[@]}"
++ echo bucketcookie
++ for el in "${testsall[@]}"
++ echo matchuri
++ for el in "${testsall[@]}"
++ echo psubstitute
++ for el in "${testsall[@]}"
++ echo notexistscookie
++ for el in "${testsall[@]}"
++ echo substitute
++ for el in "${testsall[@]}"
++ echo connector
++ for el in "${testsall[@]}"
++ echo setstatus
++ for el in "${testsall[@]}"
++ echo pcollapseslashes
++ for el in "${testsall[@]}"
++ echo collapseslashes
++ for el in "${testsall[@]}"
++ echo regexcookie
++ for el in "${testsall[@]}"
++ echo existscookie
++ for el in "${testsall[@]}"
++ echo matrixparams
++ for el in "${testsall[@]}"
++ echo sslheaders
++ for el in "${testsall[@]}"
++ echo esi
++ for el in "${testsall[@]}"
++ echo esi_304
++ for el in "${testsall[@]}"
++ echo stats_over_http
++ for el in "${testsall[@]}"
++ echo regex_remap
++ for el in "${testsall[@]}"
++ echo ssn_start_delay_hook
++ for el in "${testsall[@]}"
++ echo hook_add
++ for el in "${testsall[@]}"
++ echo test_hooks
++ for el in "${testsall[@]}"
++ echo body_buffer
++ for el in "${testsall[@]}"
++ echo certifier
++ for el in "${testsall[@]}"
++ echo CppDelayTransformation
++ for el in "${testsall[@]}"
++ echo url_sig
++ for el in "${testsall[@]}"
++ echo server_push_preload
++ for el in "${testsall[@]}"
++ echo money_trace_global
++ for el in "${testsall[@]}"
++ echo money_trace
++ for el in "${testsall[@]}"
++ echo traffic_dump_sni_filter
++ for el in "${testsall[@]}"
++ echo traffic_dump_response_body
++ for el in "${testsall[@]}"
++ echo traffic_dump_http3
++ for el in "${testsall[@]}"
++ echo traffic_dump
++ for el in "${testsall[@]}"
++ echo traffic_dump_ip_filter
++ for el in "${testsall[@]}"
++ echo cache_range_requests_ims
++ for el in "${testsall[@]}"
++ echo cache_range_requests
++ for el in "${testsall[@]}"
++ echo cache_range_requests_cachekey_global
++ for el in "${testsall[@]}"
++ echo cache_range_requests_cachekey
++ for el in "${testsall[@]}"
++ echo cache_range_requests_cache_complete_responses
++ for el in "${testsall[@]}"
++ echo cppapi
++ for el in "${testsall[@]}"
++ echo x_effective_url
++ for el in "${testsall[@]}"
++ echo x_remap
++ for el in "${testsall[@]}"
++ echo x_cache_info
++ for el in "${testsall[@]}"
++ echo uri_signing
++ for el in "${testsall[@]}"
++ echo tsapi
++ for el in "${testsall[@]}"
++ echo cert_update
++ for el in "${testsall[@]}"
++ echo polite_hook_wait
++ for el in "${testsall[@]}"
++ echo parent_select_optional_scheme_matching
++ for el in "${testsall[@]}"
++ echo parent_select_peer2
++ for el in "${testsall[@]}"
++ echo parent_select_peer
++ for el in "${testsall[@]}"
++ echo parent_select
++ for el in "${testsall[@]}"
++ echo TSVConnFd
++ for el in "${testsall[@]}"
++ echo transaction_data_sink
++ for el in "${testsall[@]}"
++ echo compress
++ for el in "${testsall[@]}"
++ echo lua_debug_tags
++ for el in "${testsall[@]}"
++ echo lua_watermark
++ for el in "${testsall[@]}"
++ echo lua_header_table
++ for el in "${testsall[@]}"
++ echo lua_states_stats
++ for el in "${testsall[@]}"
++ echo session_match
++ for el in "${testsall[@]}"
++ echo runroot_error
++ for el in "${testsall[@]}"
++ echo runroot_init
++ for el in "${testsall[@]}"
++ echo runroot_verify
++ for el in "${testsall[@]}"
++ echo runroot_remove
++ for el in "${testsall[@]}"
++ echo runroot_use
++ for el in "${testsall[@]}"
++ echo bad_http_fmt
++ for el in "${testsall[@]}"
++ echo connect
++ for el in "${testsall[@]}"
++ echo uri
++ for el in "${testsall[@]}"
++ echo config
++ for el in "${testsall[@]}"
++ echo deny0
++ for el in "${testsall[@]}"
++ echo copy_config
++ for el in "${testsall[@]}"
++ echo basic
++ for el in "${testsall[@]}"
++ echo copy_config2
++ for el in "${testsall[@]}"
++ echo per_server_connection_max
++ for el in "${testsall[@]}"
++ echo forward_proxy
++ for el in "${testsall[@]}"
++ echo active_timeout
++ for el in "${testsall[@]}"
++ echo inactive_client_timeout
++ for el in "${testsall[@]}"
++ echo default_inactivity_timeout
++ for el in "${testsall[@]}"
++ echo inactive_timeout
++ for el in "${testsall[@]}"
++ echo conn_timeout
++ for el in "${testsall[@]}"
++ echo accept_timeout
++ for el in "${testsall[@]}"
++ echo tls_conn_timeout
++ for el in "${testsall[@]}"
++ echo old_config_fail
++ for el in "${testsall[@]}"
++ echo records_config_to_yaml
++ for el in "${testsall[@]}"
++ echo records_yaml
++ for el in "${testsall[@]}"
++ echo thread_config
++ for el in "${testsall[@]}"
++ echo schedule_on_thread
++ for el in "${testsall[@]}"
++ echo thread_affinity
++ for el in "${testsall[@]}"
++ echo schedule_on_pool
++ for el in "${testsall[@]}"
++ echo range
++ for el in "${testsall[@]}"
++ echo http408
++ for el in "${testsall[@]}"
++ echo accept_webp
++ for el in "${testsall[@]}"
++ echo general-connection-failure-502
++ for el in "${testsall[@]}"
++ echo via
++ for el in "${testsall[@]}"
++ echo cachedIMSRange
++ for el in "${testsall[@]}"
++ echo hsts
++ for el in "${testsall[@]}"
++ echo normalize_ae
++ for el in "${testsall[@]}"
++ echo cache_and_req_body
++ for el in "${testsall[@]}"
++ echo good_request_after_bad
++ for el in "${testsall[@]}"
++ echo syntax
++ for el in "${testsall[@]}"
++ echo field_name_space
++ for el in "${testsall[@]}"
++ echo domain-blacklist-30x
++ for el in "${testsall[@]}"
++ echo forwarded
++ for el in "${testsall[@]}"
++ echo remap_load_empty_failure
++ for el in "${testsall[@]}"
++ echo remap_reload
++ for el in "${testsall[@]}"
++ echo conf_remap_float
++ for el in "${testsall[@]}"
++ echo remap_load_empty_success
++ for el in "${testsall[@]}"
++ echo remap_load_missing_failure
++ for el in "${testsall[@]}"
++ echo remap_https
++ for el in "${testsall[@]}"
++ echo remap_ip_resolve
++ for el in "${testsall[@]}"
++ echo remap_ws
++ for el in "${testsall[@]}"
++ echo remap_load_missing_success
++ for el in "${testsall[@]}"
++ echo regex_map
++ for el in "${testsall[@]}"
++ echo remap_http
++ for el in "${testsall[@]}"
++ echo http_with_origin
++ for el in "${testsall[@]}"
++ echo http204_response
++ for el in "${testsall[@]}"
++ echo http204_response_plugin
++ for el in "${testsall[@]}"
++ echo http304_response
++ for el in "${testsall[@]}"
++ echo http_head_no_origin
++ for el in "${testsall[@]}"
++ echo chunked_encoding_h2
++ for el in "${testsall[@]}"
++ echo chunked_encoding_disabled
++ for el in "${testsall[@]}"
++ echo chunked_encoding
++ for el in "${testsall[@]}"
++ echo bad_chunked_encoding
++ for el in "${testsall[@]}"
++ echo h2enable
++ for el in "${testsall[@]}"
++ echo http2
++ for el in "${testsall[@]}"
++ echo nghttp
++ for el in "${testsall[@]}"
++ echo http2_flow_control
++ for el in "${testsall[@]}"
++ echo h2disable_no_accept_threads
++ for el in "${testsall[@]}"
++ echo h2disable
++ for el in "${testsall[@]}"
++ echo h2enable_no_accept_threads
++ for el in "${testsall[@]}"
++ echo h2spec
++ for el in "${testsall[@]}"
++ echo http2_priority
++ for el in "${testsall[@]}"
++ echo httpbin
++ for el in "${testsall[@]}"
++ echo tls_verify_override
++ for el in "${testsall[@]}"
++ echo tls_verify_base
++ for el in "${testsall[@]}"
++ echo tls_origin_session_reuse
++ for el in "${testsall[@]}"
++ echo tls_client_cert
++ for el in "${testsall[@]}"
++ echo tls_verify
++ for el in "${testsall[@]}"
++ echo tls_client_cert_override
++ for el in "${testsall[@]}"
++ echo tls_verify_override_sni
++ for el in "${testsall[@]}"
++ echo tls_client_cert2
++ for el in "${testsall[@]}"
++ echo tls_check_cert_select_plugin
++ for el in "${testsall[@]}"
++ echo tls_ocsp
++ for el in "${testsall[@]}"
++ echo tls_sni_host_policy
++ for el in "${testsall[@]}"
++ echo tls_session_reuse
++ for el in "${testsall[@]}"
++ echo tls_check_cert_selection_reload
++ for el in "${testsall[@]}"
++ echo tls_engine
++ for el in "${testsall[@]}"
++ echo tls_check_dual_cert_selection_plugin
++ for el in "${testsall[@]}"
++ echo tls
++ for el in "${testsall[@]}"
++ echo tls_hooks_verify
++ for el in "${testsall[@]}"
++ echo tls_0rtt_server
++ for el in "${testsall[@]}"
++ echo tls_keepalive
++ for el in "${testsall[@]}"
++ echo tls_tunnel_forward
++ for el in "${testsall[@]}"
++ echo tls_partial_blind_tunnel
++ for el in "${testsall[@]}"
++ echo tls_verify_not_pristine
++ for el in "${testsall[@]}"
++ echo tls_bad_alpn
++ for el in "${testsall[@]}"
++ echo tls_sni_yaml_reload
++ for el in "${testsall[@]}"
++ echo tls_client_versions
++ for el in "${testsall[@]}"
++ echo tls_check_dual_cert_selection
++ for el in "${testsall[@]}"
++ echo tls_ticket
++ for el in "${testsall[@]}"
++ echo tls_client_cert_plugin
++ for el in "${testsall[@]}"
++ echo tls_client_alpn_configuration
++ for el in "${testsall[@]}"
++ echo tls_tunnel
++ for el in "${testsall[@]}"
++ echo tls_client_verify
++ for el in "${testsall[@]}"
++ echo tls_verify2
++ for el in "${testsall[@]}"
++ echo tls_verify_ca_override
++ for el in "${testsall[@]}"
++ echo tls_check_dual_cert_selection2
++ for el in "${testsall[@]}"
++ echo tls_verify_override_base
++ for el in "${testsall[@]}"
++ echo tls_client_verify2
++ for el in "${testsall[@]}"
++ echo ssl_multicert_loader
++ for el in "${testsall[@]}"
++ echo tls_session_key_logging
++ for el in "${testsall[@]}"
++ echo tls_forward_nonhttp
++ for el in "${testsall[@]}"
++ echo tls_check_cert_selection
++ for el in "${testsall[@]}"
++ echo tls_client_cert2_plugin
++ for el in "${testsall[@]}"
++ echo tls_verify3
++ for el in "${testsall[@]}"
++ echo tls_client_verify3
++ for el in "${testsall[@]}"
++ echo tls_client_cert_override_plugin
++ for el in "${testsall[@]}"
++ echo tls_hooks_client_verify
++ for el in "${testsall[@]}"
++ echo zzz_strategies_peer
++ for el in "${testsall[@]}"
++ echo strategies_ch
++ for el in "${testsall[@]}"
++ echo strategies_ch2
++ for el in "${testsall[@]}"
++ echo zzz_strategies_peer2
++ for el in "${testsall[@]}"
++ echo null_transform
++ for el in "${testsall[@]}"
++ echo dns_host_down
++ for el in "${testsall[@]}"
++ echo dns_ttl
++ for el in "${testsall[@]}"
++ echo dns_down_nameserver
++ for el in "${testsall[@]}"
++ echo splitdns
++ for el in "${testsall[@]}"
++ echo post-continue
++ for el in "${testsall[@]}"
++ echo post-early-return
++ for el in "${testsall[@]}"
++ echo log-field-json
++ for el in "${testsall[@]}"
++ echo log-debug-client-ip
++ for el in "${testsall[@]}"
++ echo log_retention
++ for el in "${testsall[@]}"
++ echo all_headers
++ for el in "${testsall[@]}"
++ echo custom-log
++ for el in "${testsall[@]}"
++ echo log_pipe
++ for el in "${testsall[@]}"
++ echo log-filenames
++ for el in "${testsall[@]}"
++ echo pqsi-pqsp
++ for el in "${testsall[@]}"
++ echo new_log_flds
++ for el in "${testsall[@]}"
++ echo sigusr2
++ for el in "${testsall[@]}"
++ echo log-filter
++ for el in "${testsall[@]}"
++ echo log-field
++ for el in "${testsall[@]}"
++ echo post_slow_server
++ for el in "${testsall[@]}"
++ echo post_slow_server_max_requests_in
++ for el in "${testsall[@]}"
++ echo verify_remap_plugin
++ for el in "${testsall[@]}"
++ echo verify_global_plugin
++ for el in "${testsall[@]}"
++ echo fatal
++ for el in "${testsall[@]}"
++ echo emergency
++ for el in "${testsall[@]}"
++ echo redirect
++ for el in "${testsall[@]}"
++ echo redirect_stale
++ for el in "${testsall[@]}"
++ echo number_of_redirects
++ for el in "${testsall[@]}"
++ echo redirect_actions
++ for el in "${testsall[@]}"
++ echo redirect_post
+ ntests=279
+ shardsize=69
+ '[' 0 -ne 3 ']'
+ shardsize=70
+ shardbeg=0
+ sliced='CppDelayTransformation TSVConnFd accept_timeout accept_webp active_timeout all_headers alternate-caching background_fill bad_chunked_encoding bad_http_fmt basic basic_plugin_handler bigobj body_buffer bucketcookie cache-auth cache-control cache-cookie cache-generation-clear cache-generation-disjoint cache-range-response cache-request-method cache_and_req_body cache_range_requests cache_range_requests_cache_complete_responses cache_range_requests_cachekey cache_range_requests_cachekey_global cache_range_requests_ims cachedIMSRange cert_update certifier chunked_encoding chunked_encoding_disabled chunked_encoding_h2 client_context_dump collapseslashes combo_handler compress conditional-get-hit conf_remap_float config conn_timeout connect connector copy_config copy_config2 cppapi custom-log default_inactivity_timeout deny0 disjoint-wait-for-cache dns_down_nameserver dns_host_down dns_ttl domain-blacklist-30x double double_h2 emergency esi esi_304 existscookie fatal field_name_space forward_proxy forwarded general-connection-failure-502 good_request_after_bad h2disable h2disable_no_accept_threads h2enable'
+ ./autest.sh --ats-bin /usr/bin/ --sandbox /tmp/sandbox -f CppDelayTransformation TSVConnFd accept_timeout accept_webp active_timeout all_headers alternate-caching background_fill bad_chunked_encoding bad_http_fmt basic basic_plugin_handler bigobj body_buffer bucketcookie cache-auth cache-control cache-cookie cache-generation-clear cache-generation-disjoint cache-range-response cache-request-method cache_and_req_body cache_range_requests cache_range_requests_cache_complete_responses cache_range_requests_cachekey cache_range_requests_cachekey_global cache_range_requests_ims cachedIMSRange cert_update certifier chunked_encoding chunked_encoding_disabled chunked_encoding_h2 client_context_dump collapseslashes combo_handler compress conditional-get-hit conf_remap_float config conn_timeout connect connector copy_config copy_config2 cppapi custom-log default_inactivity_timeout deny0 disjoint-wait-for-cache dns_down_nameserver dns_host_down dns_ttl domain-blacklist-30x double double_h2 emergency esi esi_304 existscookie fatal field_name_space forward_proxy forwarded general-connection-failure-502 good_request_after_bad h2disable h2disable_no_accept_threads h2enable
#=#=#                                                                         ##O#- #                                                                       ##O=#  #                                                                                                                                                 0.1%                                                                           0.3%                                                                           0.8%                                                                           1.1%#                                                                          1.4%#                                                                          1.7%#                                                                          2.0%#                                                                          2.4%#                                                                          2.7%##                                                                         3.0%##                                                                         3.4%##                                                                         3.7%##                                                                         4.1%###                                                                        4.4%###                                                                        4.8%###                                                                        5.2%####                                                                       5.6%####                                                                       5.9%####                                                                       6.3%####                                                                       6.7%#####                                                                      7.1%#####                                                                      7.4%#####                                                                      7.8%#####                                                                      8.1%######                                                                     8.4%######                                                                     8.8%######                                                                     9.2%######                                                                     9.7%#######                                                                   10.1%#######                                                                   10.5%#######                                                                   10.8%########                                                                  11.3%########                                                                  11.7%########                                                                  12.1%#########                                                                 12.6%#########                                                                 13.0%#########                                                                 13.5%#########                                                                 13.9%##########                                                                14.4%##########                                                                14.9%##########                                                                15.2%###########                                                               15.7%###########                                                               16.2%############                                                              16.8%############                                                              17.3%############                                                              17.8%#############                                                             18.3%#############                                                             18.8%#############                                                             19.3%##############                                                            19.8%##############                                                            20.3%##############                                                            20.8%###############                                                           21.3%###############                                                           21.9%################                                                          22.4%################                                                          22.9%################                                                          23.6%#################                                                         24.1%#################                                                         24.7%##################                                                        25.3%##################                                                        26.0%###################                                                       26.6%###################                                                       27.3%####################                                                      28.0%####################                                                      28.7%#####################                                                     29.5%#####################                                                     30.4%######################                                                    31.1%#######################                                                   32.2%#######################                                                   32.9%########################                                                  33.9%#########################                                                 34.9%#########################                                                 35.9%##########################                                                37.0%###########################                                               38.2%############################                                              39.3%#############################                                             40.6%##############################                                            41.8%###############################                                           43.1%################################                                          44.6%#################################                                         46.0%##################################                                        47.5%###################################                                       49.1%####################################                                      50.8%#####################################                                     52.5%#######################################                                   54.3%########################################                                  56.2%#########################################                                 58.1%###########################################                               60.1%############################################                              62.2%##############################################                            64.4%###############################################                           66.6%#################################################                         69.0%###################################################                       71.6%#####################################################                     74.2%#######################################################                   76.8%#########################################################                 79.6%###########################################################               82.5%#############################################################             85.5%###############################################################           88.7%##################################################################        92.0%####################################################################      95.2%#######################################################################   98.8%######################################################################## 100.0%
/src/trafficserver/tests/proxy-verifier/proxy-verifier-v2.6.0.tar.gz: OK
Python 3.6 or newer detected!
python3-dev/devel detected!
pipenv detected!
Using the pre-existing virtual environment.
Environment config finished. Running AuTest...
[1mRunning Test CppDelayTransformation:[0m[1m.[0m[1m [0m[32mPassed[0m[1m
[0m[1mRunning Test TSVConnFd:[0m[1m.[0m[1m.[0m[1m [0m[32mPassed[0m[1m
[0m[1mRunning Test accept_timeout:[0m[1m [0m[1mSkipped[0m[1m
[0m[93mWarning: Skipping test accept_timeout because:
 Need nc to send data to server
[0m[1mRunning Test accept_webp:[0m[1m.[0m[1m.[0m[1m.[0m[1m [0m[32mPassed[0m[1m
[0m[1mRunning Test active_timeout:[0m[1m.[0m[1m.[0m[1m.[0m[1m [0m[32mPassed[0m[1m
[0m[1mRunning Test all_headers:[0m[1m.[0m[1m.[0m[1m.[0m[1m [0m[32mPassed[0m[1m
[0m[1mRunning Test alternate-caching:[0m[1m.[0m[1m [0m[32mPassed[0m[1m
[0m[1mRunning Test background_fill:[0m[1m.[0m[1m.[0m[1m.[0m[1m [0m[32mPassed[0m[1m
[0m[1mRunning Test bad_chunked_encoding:[0m[1m.[0m[1m.[0m[1m.[0m[1m.[0m[1m [0m[32mPassed[0m[1m
[0m[1mRunning Test bad_http_fmt:[0m[1m.[0m[1m.[0m[1m.[0m[1m.[0m[1m.[0m[1m.[0m[1m.[0m[1m.[0m[1m.[0m[1mF[0m[1m [0m[31mFailed[0m[1m
[0m[1mRunning Test basic:[0m[1m.[0m[1m [0m[32mPassed[0m[1m
[0m[1mRunning Test basic_plugin_handler:[0m[1m.[0m[1m.[0m[1m.[0m[1m.[0m[1m.[0m[1m.[0m[1m.[0m[1m [0m[32mPassed[0m[1m
[0m[1mRunning Test bigobj:[0m[1mF[0m[1m [0m[31mFailed[0m[1m
[0m[1mRunning Test body_buffer:[0m[1m.[0m[1m [0m[32mPassed[0m[1m
[0m[1mRunning Test bucketcookie:[0m[1m.[0m[1m.[0m[1m [0m[32mPassed[0m[1m
[0m[1mRunning Test cache-auth:[0m[1m.[0m[1m.[0m[1m [0m[32mPassed[0m[1m
[0m[1mRunning Test cache-control:[0m[1m.[0m[1mF[0m[1mF[0m[1mF[0m[1mF[0m[1m.[0m[1m.[0m[1m.[0m[1m.[0m[1m.[0m[1m.[0m[1m [0m[31mFailed[0m[1m
[0m[1mRunning Test cache-cookie:[0m[1m.[0m[1m.[0m[1m.[0m[1m.[0m[1m.[0m[1m [0m[32mPassed[0m[1m
[0m[1mRunning Test cache-generation-clear:[0m[1m.[0m[1m.[0m[1m.[0m[1m.[0m[1m.[0m[1m.[0m[1m [0m[32mPassed[0m[1m
[0m[1mRunning Test cache-generation-disjoint:[0m[1m.[0m[1m.[0m[1m.[0m[1m.[0m[1m.[0m[1m.[0m[1m [0m[32mPassed[0m[1m
[0m[1mRunning Test cache-range-response:[0m[1m.[0m[1m [0m[32mPassed[0m[1m
[0m[1mRunning Test cache-request-method:[0m[1m.[0m[1m.[0m[1m.[0m[1m [0m[32mPassed[0m[1m
[0m[1mRunning Test cache_and_req_body:[0m[1m.[0m[1mF[0m[1mF[0m[1mF[0m[1m [0m[31mFailed[0m[1m
[0m[1mRunning Test cache_range_requests:[0m[1m.[0m[1m.[0m[1m.[0m[1m.[0m[1m.[0m[1m.[0m[1m.[0m[1m.[0m[1m.[0m[1m.[0m[1m.[0m[1m.[0m[1m.[0m[1m [0m[32mPassed[0m[1m
[0m[1mRunning Test cache_range_requests_cache_complete_responses:[0m[1m.[0m[1m.[0m[1m.[0m[1m.[0m[1m.[0m[1m.[0m[1m.[0m[1m.[0m[1m.[0m[1m.[0m[1m.[0m[1m.[0m[1m.[0m[1m.[0m[1m.[0m[1m [0m[32mPassed[0m[1m
[0m[1mRunning Test cache_range_requests_cachekey:[0m[1m.[0m[1m.[0m[1m.[0m[1m [0m[32mPassed[0m[1m
[0m[1mRunning Test cache_range_requests_cachekey_global:[0m[1m.[0m[1m [0m[32mPassed[0m[1m
[0m[1mRunning Test cache_range_requests_ims:[0m[1m.[0m[1m.[0m[1m.[0m[1m.[0m[1m [0m[32mPassed[0m[1m
[0m[1mRunning Test cachedIMSRange:[0m[1m.[0m[1m.[0m[1m.[0m[1m.[0m[1m.[0m[1m.[0m[1m.[0m[1m.[0m[1m.[0m[1m.[0m[1m.[0m[1m.[0m[1m.[0m[1m [0m[32mPassed[0m[1m
[0m[1mRunning Test cert_update:[0m[1m.[0m[1m.[0m[1mF[0m[1m [0m[31mFailed[0m[1m
[0m[1mRunning Test certifier:[0m[1m [0m[31mException[0m[1m
[0m[1mRunning Test chunked_encoding:[0m[1m.[0m[1m.[0m[1m.[0m[1m.[0m[1mF[0m[1m [0m[31mFailed[0m[1m
[0m[1mRunning Test chunked_encoding_disabled:[0m[1m.[0m[1m [0m[32mPassed[0m[1m
[0m[1mRunning Test chunked_encoding_h2:[0m[1mF[0m[1mF[0m[1mF[0m[1m [0m[31mFailed[0m[1m
[0m[1mRunning Test client_context_dump:[0m[1m.[0m[1m.[0m[1m [0m[32mPassed[0m[1m
[0m[1mRunning Test collapseslashes:[0m[1m.[0m[1m [0m[32mPassed[0m[1m
[0m[1mRunning Test combo_handler:[0m[1m.[0m[1m.[0m[1m.[0m[1m [0m[32mPassed[0m[1m
[0m[1mRunning Test compress:[0m[1m.[0m[1m.[0m[1m.[0m[1m.[0m[1m.[0m[1m.[0m[1m.[0m[1m.[0m[1m.[0m[1m.[0m[1m.[0m[1m.[0m[1m.[0m[1m.[0m[1m.[0m[1m.[0m[1m.[0m[1m.[0m[1m.[0m[1m.[0m[1m.[0m[1m.[0m[1m.[0m[1m.[0m[1m [0m[32mPassed[0m[1m
[0m[1mRunning Test conditional-get-hit:[0m[1m.[0m[1m [0m[32mPassed[0m[1m
[0m[1mRunning Test conf_remap_float:[0m[1m.[0m[1m [0m[32mPassed[0m[1m
[0m[1mRunning Test config:[0m[1m.[0m[1m [0m[32mPassed[0m[1m
[0m[1mRunning Test conn_timeout:[0m[1m [0m[1mSkipped[0m[1m
[0m[93mWarning: Skipping test conn_timeout because:
 Test requires privilege
[0m[1mRunning Test connect:[0m[1m.[0m[1m.[0m[1m.[0m[1m [0m[32mPassed[0m[1m
[0m[1mRunning Test connector:[0m[1m.[0m[1m.[0m[1m [0m[32mPassed[0m[1m
[0m[1mRunning Test copy_config:[0m[1m.[0m[1m.[0m[1m [0m[32mPassed[0m[1m
[0m[1mRunning Test copy_config2:[0m[1m.[0m[1m.[0m[1m [0m[32mPassed[0m[1m
[0m[1mRunning Test cppapi:[0m[1m.[0m[1m [0m[32mPassed[0m[1m
[0m[1mRunning Test custom-log:[0m[1m.[0m[1m.[0m[1m.[0m[1m.[0m[1m.[0m[1m.[0m[1m.[0m[1m.[0m[1m.[0m[1m [0m[32mPassed[0m[1m
[0m[1mRunning Test default_inactivity_timeout:[0m[1m.[0m[1m.[0m[1m [0m[32mPassed[0m[1m
[0m[1mRunning Test deny0:[0m[1m.[0m[1m.[0m[1m.[0m[1m.[0m[1m [0m[32mPassed[0m[1m
[0m[1mRunning Test disjoint-wait-for-cache:[0m[1m.[0m[1m.[0m[1m.[0m[1m.[0m[1m.[0m[1m.[0m[1m [0m[32mPassed[0m[1m
[0m[1mRunning Test dns_down_nameserver:[0m[1m.[0m[1m.[0m[1m.[0m[1m.[0m[1m.[0m[1m.[0m[1m.[0m[1m.[0m[1m [0m[32mPassed[0m[1m
[0m[1mRunning Test dns_host_down:[0m[1m.[0m[1m.[0m[1m.[0m[1m [0m[32mPassed[0m[1m
[0m[1mRunning Test dns_ttl:[0m[1m.[0m[1m.[0m[1m.[0m[1m.[0m[1m.[0m[1m.[0m[1m [0m[32mPassed[0m[1m
[0m[1mRunning Test domain-blacklist-30x:[0m[1m.[0m[1m.[0m[1m.[0m[1m.[0m[1m.[0m[1m.[0m[1m [0m[32mPassed[0m[1m
[0m[1mRunning Test double:[0m[1m.[0m[1mF[0m[1mF[0m[1m.[0m[1m [0m[31mFailed[0m[1m
[0m[1mRunning Test double_h2:[0m[1m.[0m[1m.[0m[1m.[0m[1m.[0m[1m [0m[32mPassed[0m[1m
[0m[1mRunning Test emergency:[0m[1m.[0m[1m [0m[32mPassed[0m[1m
[0m[1mRunning Test esi:[0m[1m.[0m[1m.[0m[1m.[0m[1m.[0m[1m.[0m[1m.[0m[1m.[0m[1m.[0m[1m.[0m[1m.[0m[1m.[0m[1m.[0m[1m.[0m[1m.[0m[1m.[0m[1m.[0m[1m.[0m[1m.[0m[1m [0m[32mPassed[0m[1m
[0m[1mRunning Test esi_304:[0m[1m.[0m[1m.[0m[1m.[0m[1m.[0m[1m [0m[32mPassed[0m[1m
[0m[1mRunning Test existscookie:[0m[1m.[0m[1m.[0m[1m [0m[32mPassed[0m[1m
[0m[1mRunning Test fatal:[0m[1m.[0m[1m [0m[32mPassed[0m[1m
[0m[1mRunning Test field_name_space:[0m[1m.[0m[1m [0m[32mPassed[0m[1m
[0m[1mRunning Test forward_proxy:[0m[1m.[0m[1m.[0m[1m.[0m[1m.[0m[1m [0m[32mPassed[0m[1m
[0m[1mRunning Test forwarded:[0m[1m.[0m[1m.[0m[1m.[0m[1m.[0m[1m.[0m[1m.[0m[1m.[0m[1m.[0m[1m.[0m[1m.[0m[1m.[0m[1m.[0m[1m.[0m[1m.[0m[1m.[0m[1m.[0m[1m.[0m[1m.[0m[1m.[0m[1m.[0m[1m.[0m[1m [0m[32mPassed[0m[1m
[0m[1mRunning Test general-connection-failure-502:[0m[1m.[0m[1m [0m[32mPassed[0m[1m
[0m[1mRunning Test good_request_after_bad:[0m[1mF[0m[1mF[0m[1mF[0m[1mF[0m[1mF[0m[1mF[0m[1mF[0m[1mF[0m[1mF[0m[1mF[0m[1m.[0m[1m.[0m[1mF[0m[1mF[0m[1mF[0m[1mF[0m[1mF[0m[1mF[0m[1mF[0m[1mF[0m[1m [0m[31mFailed[0m[1m
[0m[1mRunning Test h2disable:[0m[1m.[0m[1m.[0m[1m.[0m[1m [0m[32mPassed[0m[1m
[0m[1mRunning Test h2disable_no_accept_threads:[0m[1m.[0m[1m.[0m[1m.[0m[1m [0m[32mPassed[0m[1m
[0m[1mRunning Test h2enable:[0m[1m.[0m[1m.[0m[1m.[0m[1m [0m[32mPassed[0m[1m
[0m[1mRunning Test inactive_timeout:[0m[1m.[0m[1m.[0m[1m.[0m[1m [0m[32mPassed[0m[1m
[0m[1mRunning Test notexistscookie:[0m[1m.[0m[1m.[0m[1m [0m[32mPassed[0m[1m
[0m[1mRunning Test pcollapseslashes:[0m[1m.[0m[1m [0m[32mPassed[0m[1m
[0m[1mRunning Test s3_auth_config:[0m[1m.[0m[1m [0m[32mPassed[0m[1m
[0m[1mRunning Test thread_config:[0m[1m.[0m[1m.[0m[1m.[0m[1m.[0m[1m.[0m[1m.[0m[1m.[0m[1m.[0m[1m.[0m[1m.[0m[1m.[0m[1m.[0m[1m [0m[32mPassed[0m[1m
[0m[1mRunning Test tls_conn_timeout:[0m[1m.[0m[1m.[0m[1m.[0m[1m.[0m[1m [0m[32mPassed[0m[1m
[0m[1m
Generating Report: --------------
[0m[1m2 Tests were skipped:
[0m[1m--------------------------------------------------------------------------------
[0m[1m Test "conn_timeout" Skipped
    File: conn_timeout.test.py
    Directory: /src/trafficserver/tests/gold_tests/timeout
[0m[1m  Reason: Test requires privilege
[0m[1m
[0m[1m Test "accept_timeout" Skipped
    File: accept_timeout.test.py
    Directory: /src/trafficserver/tests/gold_tests/timeout
[0m[1m  Reason: Need nc to send data to server
[0m[1m
[0m[1m Test: bigobj: [0m[31mFailed[0m[1m
    File: bigobj.test.py
    Directory: /src/trafficserver/tests/gold_tests/bigobj
   Setting up : Copying '/src/trafficserver/tests/gold_tests/bigobj/push_request' to 'None' - [0m[32mPassed[0m[1m
   Setting up : Copying '/src/trafficserver/tests/gold_tests/bigobj/check_ramp' to 'None' - [0m[32mPassed[0m[1m
   file log2.txt : Checking that log2.txt matches log2.gold - [0m[31mFailed[0m[1m
      Reason: [Errno 2] No such file or directory: '/tmp/sandbox/bigobj/log2.txt'
   Starting Test bigobj : No issues found - [0m[32mPassed[0m[1m
      Reason: Started!
   Process: ts: [0m[32mPassed[0m[1m
     Setting up : Making Directory /tmp/sandbox/bigobj/ts - [0m[32mPassed[0m[1m
     Setting up : Copying '/usr/bin' to '/tmp/sandbox/bigobj/ts/bin' - [0m[32mPassed[0m[1m
     Setting up : Making Directory /tmp/sandbox/bigobj/ts/config - [0m[32mPassed[0m[1m
     Setting up : On /tmp/sandbox/bigobj/ts/config with uid: nobody gid: nobody - [0m[32mPassed[0m[1m
     Setting up : On /tmp/sandbox/bigobj/ts/config with uid: nobody gid: nogroup - [0m[32mPassed[0m[1m
     Setting up : Copying '/src/trafficserver/tests/gold_tests/autest-site/min_cfg/storage.config' to directory '/tmp/sandbox/bigobj/ts/config' as 'storage.config'' - [0m[32mPassed[0m[1m
     Setting up : Copying '/src/trafficserver/tests/gold_tests/autest-site/min_cfg/ip_allow.yaml' to directory '/tmp/sandbox/bigobj/ts/config' as 'ip_allow.yaml'' - [0m[32mPassed[0m[1m
     Setting up : Copying '/src/trafficserver/tests/gold_tests/autest-site/min_cfg/readme.txt' to directory '/tmp/sandbox/bigobj/ts/config' as 'readme.txt'' - [0m[32mPassed[0m[1m
     Setting up : Copying '/usr/etc/trafficserver/body_factory' to '/tmp/sandbox/bigobj/ts/config/body_factory' - [0m[32mPassed[0m[1m
     Setting up : Making Directory /tmp/sandbox/bigobj/ts/cache - [0m[32mPassed[0m[1m
     Setting up : Copying '/usr/libexec/trafficserver' to '/tmp/sandbox/bigobj/ts/plugin' - [0m[32mPassed[0m[1m
     Setting up : Making Directory /tmp/sandbox/bigobj/ts/log - [0m[32mPassed[0m[1m
     Setting up : On /tmp/sandbox/bigobj/ts/log with uid: nobody gid: nobody - [0m[32mPassed[0m[1m
     Setting up : On /tmp/sandbox/bigobj/ts/log with uid: nobody gid: nogroup - [0m[32mPassed[0m[1m
     Setting up : Making Directory /tmp/sandbox/bigobj/ts/runtime - [0m[32mPassed[0m[1m
     Setting up : On /tmp/sandbox/bigobj/ts/runtime with uid: nobody gid: nobody - [0m[32mPassed[0m[1m
     Setting up : On /tmp/sandbox/bigobj/ts/runtime with uid: nobody gid: nogroup - [0m[32mPassed[0m[1m
     Setting up : Making Directory /tmp/sandbox/bigobj/ts/ssl - [0m[32mPassed[0m[1m
     Setting up : On /tmp/sandbox/bigobj/ts/ssl with uid: nobody gid: nobody - [0m[32mPassed[0m[1m
     Setting up : On /tmp/sandbox/bigobj/ts/ssl with uid: nobody gid: nogroup - [0m[32mPassed[0m[1m
     Setting up : Making Directory /tmp/sandbox/bigobj/ts/storage - [0m[32mPassed[0m[1m
     Setting up : On /tmp/sandbox/bigobj/ts/storage with uid: nobody gid: nobody - [0m[32mPassed[0m[1m
     Setting up : On /tmp/sandbox/bigobj/ts/storage with uid: nobody gid: nogroup - [0m[32mPassed[0m[1m
     Setting up : recycling port: 61084, queue size: 993 - [0m[32mPassed[0m[1m
     Setting up : recycling port: 61085, queue size: 992 - [0m[32mPassed[0m[1m
     Setting up : recycling port: 61086, queue size: 991 - [0m[32mPassed[0m[1m
     Setting up : recycling port: 61087, queue size: 990 - [0m[32mPassed[0m[1m
     Setting up : recycling port: 61088, queue size: 989 - [0m[32mPassed[0m[1m
     Setting up : recycling port: 61089, queue size: 988 - [0m[32mPassed[0m[1m
     Setting up : Copying '/src/trafficserver/tests/gold_tests/autest-site/../../tools/ssl/server.pem' to directory '/tmp/sandbox/bigobj/ts/ssl' as 'server.pem'' - [0m[32mPassed[0m[1m
     Setting up : Copying '/src/trafficserver/tests/gold_tests/autest-site/../../tools/ssl/server.key' to directory '/tmp/sandbox/bigobj/ts/ssl' as 'server.key'' - [0m[32mPassed[0m[1m
     Test : Checking that ReturnCode == 0 - [0m[32mPassed[0m[1m
        Reason: Returned Value: 0 == 0
     file /tmp/sandbox/bigobj/ts/log/diags.log : Diags log file diags.log should not contain errors - [0m[32mPassed[0m[1m
        Reason: Contents of /tmp/sandbox/bigobj/ts/log/diags.log excludes expression
     file /tmp/sandbox/bigobj/ts/log/diags.log : Diags log file diags.log should not contain errors - [0m[32mPassed[0m[1m
        Reason: Contents of /tmp/sandbox/bigobj/ts/log/diags.log excludes expression
     file /tmp/sandbox/bigobj/ts/log/diags.log : Diags log file diags.log should not contain a warning about an unrecognized configuration - [0m[32mPassed[0m[1m
        Reason: Contents of /tmp/sandbox/bigobj/ts/log/diags.log excludes expression
     Appending File /tmp/sandbox/bigobj/ts/config/records.yaml : Writing config file records.yaml - [0m[32mPassed[0m[1m
        Reason: Success
     Appending File /tmp/sandbox/bigobj/ts/config/runroot.yaml : Appended file /tmp/sandbox/bigobj/ts/config/runroot.yaml - [0m[32mPassed[0m[1m
        Reason: Success
     Appending File /tmp/sandbox/bigobj/ts/config/ssl_multicert.config : Appended file /tmp/sandbox/bigobj/ts/config/ssl_multicert.config - [0m[32mPassed[0m[1m
        Reason: Success
     Appending File /tmp/sandbox/bigobj/ts/config/remap.config : Appended file /tmp/sandbox/bigobj/ts/config/remap.config - [0m[32mPassed[0m[1m
        Reason: Success
   Run: 0-tr: [0m[31mFailed[0m[1m
     Starting TestRun 0-tr : No Issues found - [0m[32mPassed[0m[1m
        Reason: Started!
     Process: Default: [0m[31mFailed[0m[1m
       Test : Checking that ReturnCode == 0 - [0m[31mFailed[0m[1m
          Reason: Returned Value 127 != 0
   Run: 1-tr: [0m[1mSkipped[0m[1m
      Reason: Test run 0-tr failed
   Run: 2-tr: [0m[1mSkipped[0m[1m
      Reason: Test run 0-tr failed
   Run: 3-tr: [0m[1mSkipped[0m[1m
      Reason: Test run 0-tr failed
   Run: 4-tr: [0m[1mSkipped[0m[1m
      Reason: Test run 0-tr failed
   Run: 5-tr: [0m[1mSkipped[0m[1m
      Reason: Test run 0-tr failed

[0m[1m Test: double: [0m[31mFailed[0m[1m
    File: double.test.py
    Directory: /src/trafficserver/tests/gold_tests/continuations
   Starting Test double : No issues found - [0m[32mPassed[0m[1m
      Reason: Started!
   Process: ts: [0m[31mFailed[0m[1m
     Setting up : Making Directory /tmp/sandbox/double/ts - [0m[32mPassed[0m[1m
     Setting up : Copying '/usr/bin' to '/tmp/sandbox/double/ts/bin' - [0m[32mPassed[0m[1m
     Setting up : Making Directory /tmp/sandbox/double/ts/config - [0m[32mPassed[0m[1m
     Setting up : On /tmp/sandbox/double/ts/config with uid: nobody gid: nobody - [0m[32mPassed[0m[1m
     Setting up : On /tmp/sandbox/double/ts/config with uid: nobody gid: nogroup - [0m[32mPassed[0m[1m
     Setting up : Copying '/src/trafficserver/tests/gold_tests/autest-site/min_cfg/storage.config' to directory '/tmp/sandbox/double/ts/config' as 'storage.config'' - [0m[32mPassed[0m[1m
     Setting up : Copying '/src/trafficserver/tests/gold_tests/autest-site/min_cfg/ip_allow.yaml' to directory '/tmp/sandbox/double/ts/config' as 'ip_allow.yaml'' - [0m[32mPassed[0m[1m
     Setting up : Copying '/src/trafficserver/tests/gold_tests/autest-site/min_cfg/readme.txt' to directory '/tmp/sandbox/double/ts/config' as 'readme.txt'' - [0m[32mPassed[0m[1m
     Setting up : Copying '/usr/etc/trafficserver/body_factory' to '/tmp/sandbox/double/ts/config/body_factory' - [0m[32mPassed[0m[1m
     Setting up : Making Directory /tmp/sandbox/double/ts/cache - [0m[32mPassed[0m[1m
     Setting up : Copying '/usr/libexec/trafficserver' to '/tmp/sandbox/double/ts/plugin' - [0m[32mPassed[0m[1m
     Setting up : Making Directory /tmp/sandbox/double/ts/log - [0m[32mPassed[0m[1m
     Setting up : On /tmp/sandbox/double/ts/log with uid: nobody gid: nobody - [0m[32mPassed[0m[1m
     Setting up : On /tmp/sandbox/double/ts/log with uid: nobody gid: nogroup - [0m[32mPassed[0m[1m
     Setting up : Making Directory /tmp/sandbox/double/ts/runtime - [0m[32mPassed[0m[1m
     Setting up : On /tmp/sandbox/double/ts/runtime with uid: nobody gid: nobody - [0m[32mPassed[0m[1m
     Setting up : On /tmp/sandbox/double/ts/runtime with uid: nobody gid: nogroup - [0m[32mPassed[0m[1m
     Setting up : Making Directory /tmp/sandbox/double/ts/ssl - [0m[32mPassed[0m[1m
     Setting up : On /tmp/sandbox/double/ts/ssl with uid: nobody gid: nobody - [0m[32mPassed[0m[1m
     Setting up : On /tmp/sandbox/double/ts/ssl with uid: nobody gid: nogroup - [0m[32mPassed[0m[1m
     Setting up : Making Directory /tmp/sandbox/double/ts/storage - [0m[32mPassed[0m[1m
     Setting up : On /tmp/sandbox/double/ts/storage with uid: nobody gid: nobody - [0m[32mPassed[0m[1m
     Setting up : On /tmp/sandbox/double/ts/storage with uid: nobody gid: nogroup - [0m[32mPassed[0m[1m
     Setting up : recycling port: 61467, queue size: 967 - [0m[32mPassed[0m[1m
     Setting up : recycling port: 61468, queue size: 966 - [0m[32mPassed[0m[1m
     Setting up : recycling port: 61469, queue size: 965 - [0m[32mPassed[0m[1m
     Setting up : recycling port: 61470, queue size: 964 - [0m[32mPassed[0m[1m
     Setting up : Copying '/src/trafficserver/tests/tools/plugins/.libs/continuations_verify.so' to '/tmp/sandbox/double/ts/plugin' - [0m[32mPassed[0m[1m
     Test : Checking that ReturnCode == 0 - [0m[31mFailed[0m[1m
        Reason: Returned Value -6 != 0
     Time-Out : Process finishes within expected time - [0m[32mPassed[0m[1m
        Reason: Returned value: 1.1404085159301758 < 600.0
     file /tmp/sandbox/double/ts/log/diags.log : Diags log file diags.log should not contain errors - [0m[32mPassed[0m[1m
        Reason: Contents of /tmp/sandbox/double/ts/log/diags.log excludes expression
     file /tmp/sandbox/double/ts/log/diags.log : Diags log file diags.log should not contain errors - [0m[32mPassed[0m[1m
        Reason: Contents of /tmp/sandbox/double/ts/log/diags.log excludes expression
     file /tmp/sandbox/double/ts/log/diags.log : Diags log file diags.log should not contain a warning about an unrecognized configuration - [0m[32mPassed[0m[1m
        Reason: Contents of /tmp/sandbox/double/ts/log/diags.log excludes expression
     Appending File /tmp/sandbox/double/ts/config/records.yaml : Writing config file records.yaml - [0m[32mPassed[0m[1m
        Reason: Success
     Appending File /tmp/sandbox/double/ts/config/runroot.yaml : Appended file /tmp/sandbox/double/ts/config/runroot.yaml - [0m[32mPassed[0m[1m
        Reason: Success
     Appending File /tmp/sandbox/double/ts/config/remap.config : Appended file /tmp/sandbox/double/ts/config/remap.config - [0m[32mPassed[0m[1m
        Reason: Success
     Appending File /tmp/sandbox/double/ts/config/plugin.config : Appended file /tmp/sandbox/double/ts/config/plugin.config - [0m[32mPassed[0m[1m
        Reason: Success
   Process: server: [0m[32mPassed[0m[1m
     Setting up : recycling port: 61471, queue size: 963 - [0m[32mPassed[0m[1m
     Setting up : Making Directory /tmp/sandbox/double/server - [0m[32mPassed[0m[1m
     Test : Checking that any test passes - [0m[32mPassed[0m[1m
        Reason: One or more tests passed
     
       Test : Checking that ReturnCode == None - [0m[31mFailed[0m[1m
          Reason: Returned Value 0 != None
       
     
       Test : Checking that ReturnCode == 0 - [0m[32mPassed[0m[1m
          Reason: Returned Value: 0 == 0
       
     Time-Out : Process finishes within expected time - [0m[32mPassed[0m[1m
        Reason: Returned value: 2.993987798690796 < 600.0
   Run: 0-tr: [0m[32mPassed[0m[1m
     Process: cmdline-0: [0m[32mPassed[0m[1m
       Test : Checking that any test passes - [0m[32mPassed[0m[1m
          Reason: One or more tests passed
       
         Test : Checking that ReturnCode == 0 - [0m[31mFailed[0m[1m
            Reason: Returned Value -2 != 0
         
       
         Test : Checking that ReturnCode == 2 - [0m[31mFailed[0m[1m
            Reason: Returned Value -2 != 2
         
     Process: cmdline-1: [0m[32mPassed[0m[1m
       Test : Checking that any test passes - [0m[32mPassed[0m[1m
          Reason: One or more tests passed
       
         Test : Checking that ReturnCode == 0 - [0m[31mFailed[0m[1m
            Reason: Returned Value -2 != 0
         
       
         Test : Checking that ReturnCode == 2 - [0m[31mFailed[0m[1m
            Reason: Returned Value -2 != 2
         
     Process: cmdline-2: [0m[32mPassed[0m[1m
       Test : Checking that any test passes - [0m[32mPassed[0m[1m
          Reason: One or more tests passed
       
         Test : Checking that ReturnCode == 0 - [0m[31mFailed[0m[1m
            Reason: Returned Value -2 != 0
         
       
         Test : Checking that ReturnCode == 2 - [0m[31mFailed[0m[1m
            Reason: Returned Value -2 != 2
         
     Process: cmdline-3: [0m[32mPassed[0m[1m
       Test : Checking that any test passes - [0m[32mPassed[0m[1m
          Reason: One or more tests passed
       
         Test : Checking that ReturnCode == 0 - [0m[31mFailed[0m[1m
            Reason: Returned Value -2 != 0
         
       
         Test : Checking that ReturnCode == 2 - [0m[31mFailed[0m[1m
            Reason: Returned Value -2 != 2
         
     Process: cmdline-4: [0m[32mPassed[0m[1m
       Test : Checking that any test passes - [0m[32mPassed[0m[1m
          Reason: One or more tests passed
       
         Test : Checking that ReturnCode == 0 - [0m[31mFailed[0m[1m
            Reason: Returned Value -2 != 0
         
       
         Test : Checking that ReturnCode == 2 - [0m[31mFailed[0m[1m
            Reason: Returned Value -2 != 2
         
     Process: cmdline-5: [0m[32mPassed[0m[1m
       Test : Checking that any test passes - [0m[32mPassed[0m[1m
          Reason: One or more tests passed
       
         Test : Checking that ReturnCode == 0 - [0m[31mFailed[0m[1m
            Reason: Returned Value -2 != 0
         
       
         Test : Checking that ReturnCode == 2 - [0m[31mFailed[0m[1m
            Reason: Returned Value -2 != 2
         
     Process: cmdline-6: [0m[32mPassed[0m[1m
       Test : Checking that any test passes - [0m[32mPassed[0m[1m
          Reason: One or more tests passed
       
         Test : Checking that ReturnCode == 0 - [0m[31mFailed[0m[1m
            Reason: Returned Value -2 != 0
         
       
         Test : Checking that ReturnCode == 2 - [0m[31mFailed[0m[1m
            Reason: Returned Value -2 != 2
         
     Process: cmdline-7: [0m[32mPassed[0m[1m
       Test : Checking that any test passes - [0m[32mPassed[0m[1m
          Reason: One or more tests passed
       
         Test : Checking that ReturnCode == 0 - [0m[31mFailed[0m[1m
            Reason: Returned Value -2 != 0
         
       
         Test : Checking that ReturnCode == 2 - [0m[31mFailed[0m[1m
            Reason: Returned Value -2 != 2
         
     Process: cmdline-8: [0m[32mPassed[0m[1m
       Test : Checking that any test passes - [0m[32mPassed[0m[1m
          Reason: One or more tests passed
       
         Test : Checking that ReturnCode == 0 - [0m[31mFailed[0m[1m
            Reason: Returned Value -2 != 0
         
       
         Test : Checking that ReturnCode == 2 - [0m[31mFailed[0m[1m
            Reason: Returned Value -2 != 2
         
     Process: cmdline-9: [0m[32mPassed[0m[1m
       Test : Checking that any test passes - [0m[32mPassed[0m[1m
          Reason: One or more tests passed
       
         Test : Checking that ReturnCode == 0 - [0m[31mFailed[0m[1m
            Reason: Returned Value -2 != 0
         
       
         Test : Checking that ReturnCode == 2 - [0m[31mFailed[0m[1m
            Reason: Returned Value -2 != 2
         
     Process: cmdline-10: [0m[32mPassed[0m[1m
       Test : Checking that any test passes - [0m[32mPassed[0m[1m
          Reason: One or more tests passed
       
         Test : Checking that ReturnCode == 0 - [0m[31mFailed[0m[1m
            Reason: Returned Value -2 != 0
         
       
         Test : Checking that ReturnCode == 2 - [0m[31mFailed[0m[1m
            Reason: Returned Value -2 != 2
         
       Time-Out : Process finishes within expected time - [0m[32mPassed[0m[1m
          Reason: Returned value: 0.5053069591522217 < 600.0
     Process: cmdline-11: [0m[32mPassed[0m[1m
       Test : Checking that any test passes - [0m[32mPassed[0m[1m
          Reason: One or more tests passed
       
         Test : Checking that ReturnCode == 0 - [0m[31mFailed[0m[1m
            Reason: Returned Value -2 != 0
         
       
         Test : Checking that ReturnCode == 2 - [0m[31mFailed[0m[1m
            Reason: Returned Value -2 != 2
         
     Process: cmdline-12: [0m[32mPassed[0m[1m
       Test : Checking that any test passes - [0m[32mPassed[0m[1m
          Reason: One or more tests passed
       
         Test : Checking that ReturnCode == 0 - [0m[31mFailed[0m[1m
            Reason: Returned Value -2 != 0
         
       
         Test : Checking that ReturnCode == 2 - [0m[31mFailed[0m[1m
            Reason: Returned Value -2 != 2
         
     Process: cmdline-13: [0m[32mPassed[0m[1m
       Test : Checking that any test passes - [0m[32mPassed[0m[1m
          Reason: One or more tests passed
       
         Test : Checking that ReturnCode == 0 - [0m[31mFailed[0m[1m
            Reason: Returned Value -2 != 0
         
       
         Test : Checking that ReturnCode == 2 - [0m[31mFailed[0m[1m
            Reason: Returned Value -2 != 2
         
     Process: cmdline-14: [0m[32mPassed[0m[1m
       Test : Checking that any test passes - [0m[32mPassed[0m[1m
          Reason: One or more tests passed
       
         Test : Checking that ReturnCode == 0 - [0m[31mFailed[0m[1m
            Reason: Returned Value -2 != 0
         
       
         Test : Checking that ReturnCode == 2 - [0m[31mFailed[0m[1m
            Reason: Returned Value -2 != 2
         
     Process: cmdline-15: [0m[32mPassed[0m[1m
       Test : Checking that any test passes - [0m[32mPassed[0m[1m
          Reason: One or more tests passed
       
         Test : Checking that ReturnCode == 0 - [0m[31mFailed[0m[1m
            Reason: Returned Value -2 != 0
         
       
         Test : Checking that ReturnCode == 2 - [0m[31mFailed[0m[1m
            Reason: Returned Value -2 != 2
         
     Process: cmdline-16: [0m[32mPassed[0m[1m
       Test : Checking that any test passes - [0m[32mPassed[0m[1m
          Reason: One or more tests passed
       
         Test : Checking that ReturnCode == 0 - [0m[31mFailed[0m[1m
            Reason: Returned Value -2 != 0
         
       
         Test : Checking that ReturnCode == 2 - [0m[31mFailed[0m[1m
            Reason: Returned Value -2 != 2
         
     Process: cmdline-17: [0m[32mPassed[0m[1m
       Test : Checking that any test passes - [0m[32mPassed[0m[1m
          Reason: One or more tests passed
       
         Test : Checking that ReturnCode == 0 - [0m[31mFailed[0m[1m
            Reason: Returned Value -2 != 0
         
       
         Test : Checking that ReturnCode == 2 - [0m[31mFailed[0m[1m
            Reason: Returned Value -2 != 2
         
     Process: cmdline-18: [0m[32mPassed[0m[1m
       Test : Checking that any test passes - [0m[32mPassed[0m[1m
          Reason: One or more tests passed
       
         Test : Checking that ReturnCode == 0 - [0m[31mFailed[0m[1m
            Reason: Returned Value -2 != 0
         
       
         Test : Checking that ReturnCode == 2 - [0m[31mFailed[0m[1m
            Reason: Returned Value -2 != 2
         
     Process: cmdline-19: [0m[32mPassed[0m[1m
       Test : Checking that any test passes - [0m[32mPassed[0m[1m
          Reason: One or more tests passed
       
         Test : Checking that ReturnCode == 0 - [0m[31mFailed[0m[1m
            Reason: Returned Value -2 != 0
         
       
         Test : Checking that ReturnCode == 2 - [0m[31mFailed[0m[1m
            Reason: Returned Value -2 != 2
         
     Process: cmdline-20: [0m[32mPassed[0m[1m
       Test : Checking that any test passes - [0m[32mPassed[0m[1m
          Reason: One or more tests passed
       
         Test : Checking that ReturnCode == 0 - [0m[31mFailed[0m[1m
            Reason: Returned Value -2 != 0
         
       
         Test : Checking that ReturnCode == 2 - [0m[31mFailed[0m[1m
            Reason: Returned Value -2 != 2
         
     Process: cmdline-21: [0m[32mPassed[0m[1m
       Test : Checking that any test passes - [0m[32mPassed[0m[1m
          Reason: One or more tests passed
       
         Test : Checking that ReturnCode == 0 - [0m[31mFailed[0m[1m
            Reason: Returned Value -2 != 0
         
       
         Test : Checking that ReturnCode == 2 - [0m[31mFailed[0m[1m
            Reason: Returned Value -2 != 2
         
     Process: cmdline-22: [0m[32mPassed[0m[1m
       Test : Checking that any test passes - [0m[32mPassed[0m[1m
          Reason: One or more tests passed
       
         Test : Checking that ReturnCode == 0 - [0m[31mFailed[0m[1m
            Reason: Returned Value -2 != 0
         
       
         Test : Checking that ReturnCode == 2 - [0m[31mFailed[0m[1m
            Reason: Returned Value -2 != 2
         
     Process: cmdline-23: [0m[32mPassed[0m[1m
       Test : Checking that any test passes - [0m[32mPassed[0m[1m
          Reason: One or more tests passed
       
         Test : Checking that ReturnCode == 0 - [0m[31mFailed[0m[1m
            Reason: Returned Value -2 != 0
         
       
         Test : Checking that ReturnCode == 2 - [0m[31mFailed[0m[1m
            Reason: Returned Value -2 != 2
         
     Process: cmdline-24: [0m[32mPassed[0m[1m
       Test : Checking that any test passes - [0m[32mPassed[0m[1m
          Reason: One or more tests passed
       
         Test : Checking that ReturnCode == 0 - [0m[31mFailed[0m[1m
            Reason: Returned Value -2 != 0
         
       
         Test : Checking that ReturnCode == 2 - [0m[31mFailed[0m[1m
            Reason: Returned Value -2 != 2
         
     Process: cmdline-25: [0m[32mPassed[0m[1m
       Test : Checking that any test passes - [0m[32mPassed[0m[1m
          Reason: One or more tests passed
       
         Test : Checking that ReturnCode == 0 - [0m[31mFailed[0m[1m
            Reason: Returned Value -2 != 0
         
       
         Test : Checking that ReturnCode == 2 - [0m[31mFailed[0m[1m
            Reason: Returned Value -2 != 2
         
     Process: cmdline-26: [0m[32mPassed[0m[1m
       Test : Checking that any test passes - [0m[32mPassed[0m[1m
          Reason: One or more tests passed
       
         Test : Checking that ReturnCode == 0 - [0m[31mFailed[0m[1m
            Reason: Returned Value -2 != 0
         
       
         Test : Checking that ReturnCode == 2 - [0m[31mFailed[0m[1m
            Reason: Returned Value -2 != 2
         
     Process: cmdline-27: [0m[32mPassed[0m[1m
       Test : Checking that any test passes - [0m[32mPassed[0m[1m
          Reason: One or more tests passed
       
         Test : Checking that ReturnCode == 0 - [0m[31mFailed[0m[1m
            Reason: Returned Value -2 != 0
         
       
         Test : Checking that ReturnCode == 2 - [0m[31mFailed[0m[1m
            Reason: Returned Value -2 != 2
         
     Process: cmdline-28: [0m[32mPassed[0m[1m
       Test : Checking that any test passes - [0m[32mPassed[0m[1m
          Reason: One or more tests passed
       
         Test : Checking that ReturnCode == 0 - [0m[31mFailed[0m[1m
            Reason: Returned Value -2 != 0
         
       
         Test : Checking that ReturnCode == 2 - [0m[31mFailed[0m[1m
            Reason: Returned Value -2 != 2
         
     Process: cmdline-29: [0m[32mPassed[0m[1m
       Test : Checking that any test passes - [0m[32mPassed[0m[1m
          Reason: One or more tests passed
       
         Test : Checking that ReturnCode == 0 - [0m[31mFailed[0m[1m
            Reason: Returned Value -2 != 0
         
       
         Test : Checking that ReturnCode == 2 - [0m[31mFailed[0m[1m
            Reason: Returned Value -2 != 2
         
     Process: cmdline-30: [0m[32mPassed[0m[1m
       Test : Checking that any test passes - [0m[32mPassed[0m[1m
          Reason: One or more tests passed
       
         Test : Checking that ReturnCode == 0 - [0m[31mFailed[0m[1m
            Reason: Returned Value -2 != 0
         
       
         Test : Checking that ReturnCode == 2 - [0m[31mFailed[0m[1m
            Reason: Returned Value -2 != 2
         
     Process: cmdline-31: [0m[32mPassed[0m[1m
       Test : Checking that any test passes - [0m[32mPassed[0m[1m
          Reason: One or more tests passed
       
         Test : Checking that ReturnCode == 0 - [0m[31mFailed[0m[1m
            Reason: Returned Value -2 != 0
         
       
         Test : Checking that ReturnCode == 2 - [0m[31mFailed[0m[1m
            Reason: Returned Value -2 != 2
         
     Process: cmdline-32: [0m[32mPassed[0m[1m
       Test : Checking that any test passes - [0m[32mPassed[0m[1m
          Reason: One or more tests passed
       
         Test : Checking that ReturnCode == 0 - [0m[31mFailed[0m[1m
            Reason: Returned Value -2 != 0
         
       
         Test : Checking that ReturnCode == 2 - [0m[31mFailed[0m[1m
            Reason: Returned Value -2 != 2
         
     Process: cmdline-33: [0m[32mPassed[0m[1m
       Test : Checking that any test passes - [0m[32mPassed[0m[1m
          Reason: One or more tests passed
       
         Test : Checking that ReturnCode == 0 - [0m[31mFailed[0m[1m
            Reason: Returned Value -2 != 0
         
       
         Test : Checking that ReturnCode == 2 - [0m[31mFailed[0m[1m
            Reason: Returned Value -2 != 2
         
     Process: cmdline-34: [0m[32mPassed[0m[1m
       Test : Checking that any test passes - [0m[32mPassed[0m[1m
          Reason: One or more tests passed
       
         Test : Checking that ReturnCode == 0 - [0m[31mFailed[0m[1m
            Reason: Returned Value -2 != 0
         
       
         Test : Checking that ReturnCode == 2 - [0m[31mFailed[0m[1m
            Reason: Returned Value -2 != 2
         
     Process: cmdline-35: [0m[32mPassed[0m[1m
       Test : Checking that any test passes - [0m[32mPassed[0m[1m
          Reason: One or more tests passed
       
         Test : Checking that ReturnCode == 0 - [0m[31mFailed[0m[1m
            Reason: Returned Value -2 != 0
         
       
         Test : Checking that ReturnCode == 2 - [0m[31mFailed[0m[1m
            Reason: Returned Value -2 != 2
         
     Process: cmdline-36: [0m[32mPassed[0m[1m
       Test : Checking that any test passes - [0m[32mPassed[0m[1m
          Reason: One or more tests passed
       
         Test : Checking that ReturnCode == 0 - [0m[31mFailed[0m[1m
            Reason: Returned Value -2 != 0
         
       
         Test : Checking that ReturnCode == 2 - [0m[31mFailed[0m[1m
            Reason: Returned Value -2 != 2
         
     Process: cmdline-37: [0m[32mPassed[0m[1m
       Test : Checking that any test passes - [0m[32mPassed[0m[1m
          Reason: One or more tests passed
       
         Test : Checking that ReturnCode == 0 - [0m[31mFailed[0m[1m
            Reason: Returned Value -2 != 0
         
       
         Test : Checking that ReturnCode == 2 - [0m[31mFailed[0m[1m
            Reason: Returned Value -2 != 2
         
     Process: cmdline-38: [0m[32mPassed[0m[1m
       Test : Checking that any test passes - [0m[32mPassed[0m[1m
          Reason: One or more tests passed
       
         Test : Checking that ReturnCode == 0 - [0m[31mFailed[0m[1m
            Reason: Returned Value -2 != 0
         
       
         Test : Checking that ReturnCode == 2 - [0m[31mFailed[0m[1m
            Reason: Returned Value -2 != 2
         
     Process: cmdline-39: [0m[32mPassed[0m[1m
       Test : Checking that any test passes - [0m[32mPassed[0m[1m
          Reason: One or more tests passed
       
         Test : Checking that ReturnCode == 0 - [0m[31mFailed[0m[1m
            Reason: Returned Value -2 != 0
         
       
         Test : Checking that ReturnCode == 2 - [0m[31mFailed[0m[1m
            Reason: Returned Value -2 != 2
         
     Process: cmdline-40: [0m[32mPassed[0m[1m
       Test : Checking that any test passes - [0m[32mPassed[0m[1m
          Reason: One or more tests passed
       
         Test : Checking that ReturnCode == 0 - [0m[31mFailed[0m[1m
            Reason: Returned Value -2 != 0
         
       
         Test : Checking that ReturnCode == 2 - [0m[31mFailed[0m[1m
            Reason: Returned Value -2 != 2
         
     Process: cmdline-41: [0m[32mPassed[0m[1m
       Test : Checking that any test passes - [0m[32mPassed[0m[1m
          Reason: One or more tests passed
       
         Test : Checking that ReturnCode == 0 - [0m[31mFailed[0m[1m
            Reason: Returned Value -2 != 0
         
       
         Test : Checking that ReturnCode == 2 - [0m[31mFailed[0m[1m
            Reason: Returned Value -2 != 2
         
     Process: cmdline-42: [0m[32mPassed[0m[1m
       Test : Checking that any test passes - [0m[32mPassed[0m[1m
          Reason: One or more tests passed
       
         Test : Checking that ReturnCode == 0 - [0m[31mFailed[0m[1m
            Reason: Returned Value -2 != 0
         
       
         Test : Checking that ReturnCode == 2 - [0m[31mFailed[0m[1m
            Reason: Returned Value -2 != 2
         
     Process: cmdline-43: [0m[32mPassed[0m[1m
       Test : Checking that any test passes - [0m[32mPassed[0m[1m
          Reason: One or more tests passed
       
         Test : Checking that ReturnCode == 0 - [0m[31mFailed[0m[1m
            Reason: Returned Value -2 != 0
         
       
         Test : Checking that ReturnCode == 2 - [0m[31mFailed[0m[1m
            Reason: Returned Value -2 != 2
         
     Process: cmdline-44: [0m[32mPassed[0m[1m
       Test : Checking that any test passes - [0m[32mPassed[0m[1m
          Reason: One or more tests passed
       
         Test : Checking that ReturnCode == 0 - [0m[31mFailed[0m[1m
            Reason: Returned Value -2 != 0
         
       
         Test : Checking that ReturnCode == 2 - [0m[31mFailed[0m[1m
            Reason: Returned Value -2 != 2
         
     Process: cmdline-45: [0m[32mPassed[0m[1m
       Test : Checking that any test passes - [0m[32mPassed[0m[1m
          Reason: One or more tests passed
       
         Test : Checking that ReturnCode == 0 - [0m[31mFailed[0m[1m
            Reason: Returned Value -2 != 0
         
       
         Test : Checking that ReturnCode == 2 - [0m[31mFailed[0m[1m
            Reason: Returned Value -2 != 2
         
     Process: cmdline-46: [0m[32mPassed[0m[1m
       Test : Checking that any test passes - [0m[32mPassed[0m[1m
          Reason: One or more tests passed
       
         Test : Checking that ReturnCode == 0 - [0m[31mFailed[0m[1m
            Reason: Returned Value -2 != 0
         
       
         Test : Checking that ReturnCode == 2 - [0m[31mFailed[0m[1m
            Reason: Returned Value -2 != 2
         
     Process: cmdline-47: [0m[32mPassed[0m[1m
       Test : Checking that any test passes - [0m[32mPassed[0m[1m
          Reason: One or more tests passed
       
         Test : Checking that ReturnCode == 0 - [0m[31mFailed[0m[1m
            Reason: Returned Value -2 != 0
         
       
         Test : Checking that ReturnCode == 2 - [0m[31mFailed[0m[1m
            Reason: Returned Value -2 != 2
         
     Process: cmdline-48: [0m[32mPassed[0m[1m
       Test : Checking that any test passes - [0m[32mPassed[0m[1m
          Reason: One or more tests passed
       
         Test : Checking that ReturnCode == 0 - [0m[31mFailed[0m[1m
            Reason: Returned Value -2 != 0
         
       
         Test : Checking that ReturnCode == 2 - [0m[31mFailed[0m[1m
            Reason: Returned Value -2 != 2
         
     Process: cmdline-49: [0m[32mPassed[0m[1m
       Test : Checking that any test passes - [0m[32mPassed[0m[1m
          Reason: One or more tests passed
       
         Test : Checking that ReturnCode == 0 - [0m[31mFailed[0m[1m
            Reason: Returned Value -2 != 0
         
       
         Test : Checking that ReturnCode == 2 - [0m[31mFailed[0m[1m
            Reason: Returned Value -2 != 2
         
     Process: cmdline-50: [0m[32mPassed[0m[1m
       Test : Checking that any test passes - [0m[32mPassed[0m[1m
          Reason: One or more tests passed
       
         Test : Checking that ReturnCode == 0 - [0m[31mFailed[0m[1m
            Reason: Returned Value -2 != 0
         
       
         Test : Checking that ReturnCode == 2 - [0m[31mFailed[0m[1m
            Reason: Returned Value -2 != 2
         
     Process: cmdline-51: [0m[32mPassed[0m[1m
       Test : Checking that any test passes - [0m[32mPassed[0m[1m
          Reason: One or more tests passed
       
         Test : Checking that ReturnCode == 0 - [0m[31mFailed[0m[1m
            Reason: Returned Value -2 != 0
         
       
         Test : Checking that ReturnCode == 2 - [0m[31mFailed[0m[1m
            Reason: Returned Value -2 != 2
         
     Process: cmdline-52: [0m[32mPassed[0m[1m
       Test : Checking that any test passes - [0m[32mPassed[0m[1m
          Reason: One or more tests passed
       
         Test : Checking that ReturnCode == 0 - [0m[31mFailed[0m[1m
            Reason: Returned Value -2 != 0
         
       
         Test : Checking that ReturnCode == 2 - [0m[31mFailed[0m[1m
            Reason: Returned Value -2 != 2
         
     Process: cmdline-53: [0m[32mPassed[0m[1m
       Test : Checking that any test passes - [0m[32mPassed[0m[1m
          Reason: One or more tests passed
       
         Test : Checking that ReturnCode == 0 - [0m[31mFailed[0m[1m
            Reason: Returned Value -2 != 0
         
       
         Test : Checking that ReturnCode == 2 - [0m[31mFailed[0m[1m
            Reason: Returned Value -2 != 2
         
     Process: Default: [0m[32mPassed[0m[1m
       Test : Checking that any test passes - [0m[32mPassed[0m[1m
          Reason: One or more tests passed
       
         Test : Checking that ReturnCode == 0 - [0m[32mPassed[0m[1m
            Reason: Returned Value: 0 == 0
         
       
         Test : Checking that ReturnCode == 2 - [0m[31mFailed[0m[1m
            Reason: Returned Value 0 != 2
         
   Run: Curl Done: [0m[31mFailed[0m[1m
     Test : Checking that True == _isRunningAfter - [0m[32mPassed[0m[1m
        Reason: Returned Value: True == _isRunningAfter
     Starting TestRun 1-tr : No Issues found - [0m[32mPassed[0m[1m
        Reason: Started!
     Process: Default: [0m[31mFailed[0m[1m
       Test : Checking that ReturnCode == 0 - [0m[31mFailed[0m[1m
          Reason: Returned Value 1 != 0
   Run: Check Ssn: [0m[31mFailed[0m[1m
     Test : Checking that True == _isRunningAfter - [0m[32mPassed[0m[1m
        Reason: Returned Value: True == _isRunningAfter
     Starting TestRun 2-tr : No Issues found - [0m[32mPassed[0m[1m
        Reason: Started!
     Process: Default: [0m[31mFailed[0m[1m
       Test : Checking that ReturnCode == 0 - [0m[32mPassed[0m[1m
          Reason: Returned Value: 0 == 0
       file /tmp/sandbox/double/_output/2-tr-Default/stream.stdout.txt : should verify contents - [0m[32mPassed[0m[1m
          Reason: Contents of /tmp/sandbox/double/_output/2-tr-Default/stream.stdout.txt contained expression
       file /tmp/sandbox/double/_output/2-tr-Default/stream.stdout.txt : should be nonzero - [0m[32mPassed[0m[1m
          Reason: Contents of /tmp/sandbox/double/_output/2-tr-Default/stream.stdout.txt excludes expression
       file /tmp/sandbox/double/_output/2-tr-Default/stream.stdout.txt : should be nonzero - [0m[32mPassed[0m[1m
          Reason: Contents of /tmp/sandbox/double/_output/2-tr-Default/stream.stdout.txt excludes expression
       file /tmp/sandbox/double/_output/2-tr-Default/stream.stdout.txt : should be nonzero - [0m[32mPassed[0m[1m
          Reason: Contents of /tmp/sandbox/double/_output/2-tr-Default/stream.stdout.txt excludes expression
       file /tmp/sandbox/double/_output/2-tr-Default/stream.stdout.txt : should be nonzero - [0m[32mPassed[0m[1m
          Reason: Contents of /tmp/sandbox/double/_output/2-tr-Default/stream.stdout.txt excludes expression
       file /tmp/sandbox/double/_output/2-tr-Default/stream.stdout.txt : should be the number of transactions we made - [0m[31mFailed[0m[1m
          Reason: Contents of /tmp/sandbox/double/_output/2-tr-Default/stream.stdout.txt did not contains expression: "continuations_verify.txn.close.1 55"
       file /tmp/sandbox/double/_output/2-tr-Default/stream.stdout.txt : should be the number of transactions we made - [0m[31mFailed[0m[1m
          Reason: Contents of /tmp/sandbox/double/_output/2-tr-Default/stream.stdout.txt did not contains expression: "continuations_verify.txn.close.2 55"
   Run: Check Txn: [0m[32mPassed[0m[1m
     Process: Default: [0m[32mPassed[0m[1m
       Test : Checking that ReturnCode == 0 - [0m[32mPassed[0m[1m
          Reason: Returned Value: 0 == 0
       file /tmp/sandbox/double/_output/3-tr-Default/stream.stdout.txt : should verify contents - [0m[32mPassed[0m[1m
          Reason: Contents of /tmp/sandbox/double/_output/3-tr-Default/stream.stdout.txt contained expression

[0m[1m Test: cache-control: [0m[31mFailed[0m[1m
    File: cache-control.test.py
    Directory: /src/trafficserver/tests/gold_tests/cache
   Starting Test cache-control : No issues found - [0m[32mPassed[0m[1m
      Reason: Started!
   Process: ts: [0m[32mPassed[0m[1m
     Setting up : Making Directory /tmp/sandbox/cache-control/ts - [0m[32mPassed[0m[1m
     Setting up : Copying '/usr/bin' to '/tmp/sandbox/cache-control/ts/bin' - [0m[32mPassed[0m[1m
     Setting up : Making Directory /tmp/sandbox/cache-control/ts/config - [0m[32mPassed[0m[1m
     Setting up : On /tmp/sandbox/cache-control/ts/config with uid: nobody gid: nobody - [0m[32mPassed[0m[1m
     Setting up : On /tmp/sandbox/cache-control/ts/config with uid: nobody gid: nogroup - [0m[32mPassed[0m[1m
     Setting up : Copying '/src/trafficserver/tests/gold_tests/autest-site/min_cfg/storage.config' to directory '/tmp/sandbox/cache-control/ts/config' as 'storage.config'' - [0m[32mPassed[0m[1m
     Setting up : Copying '/src/trafficserver/tests/gold_tests/autest-site/min_cfg/ip_allow.yaml' to directory '/tmp/sandbox/cache-control/ts/config' as 'ip_allow.yaml'' - [0m[32mPassed[0m[1m
     Setting up : Copying '/src/trafficserver/tests/gold_tests/autest-site/min_cfg/readme.txt' to directory '/tmp/sandbox/cache-control/ts/config' as 'readme.txt'' - [0m[32mPassed[0m[1m
     Setting up : Copying '/usr/etc/trafficserver/body_factory' to '/tmp/sandbox/cache-control/ts/config/body_factory' - [0m[32mPassed[0m[1m
     Setting up : Making Directory /tmp/sandbox/cache-control/ts/cache - [0m[32mPassed[0m[1m
     Setting up : Copying '/usr/libexec/trafficserver' to '/tmp/sandbox/cache-control/ts/plugin' - [0m[32mPassed[0m[1m
     Setting up : Making Directory /tmp/sandbox/cache-control/ts/log - [0m[32mPassed[0m[1m
     Setting up : On /tmp/sandbox/cache-control/ts/log with uid: nobody gid: nobody - [0m[32mPassed[0m[1m
     Setting up : On /tmp/sandbox/cache-control/ts/log with uid: nobody gid: nogroup - [0m[32mPassed[0m[1m
     Setting up : Making Directory /tmp/sandbox/cache-control/ts/runtime - [0m[32mPassed[0m[1m
     Setting up : On /tmp/sandbox/cache-control/ts/runtime with uid: nobody gid: nobody - [0m[32mPassed[0m[1m
     Setting up : On /tmp/sandbox/cache-control/ts/runtime with uid: nobody gid: nogroup - [0m[32mPassed[0m[1m
     Setting up : Making Directory /tmp/sandbox/cache-control/ts/ssl - [0m[32mPassed[0m[1m
     Setting up : On /tmp/sandbox/cache-control/ts/ssl with uid: nobody gid: nobody - [0m[32mPassed[0m[1m
     Setting up : On /tmp/sandbox/cache-control/ts/ssl with uid: nobody gid: nogroup - [0m[32mPassed[0m[1m
     Setting up : Making Directory /tmp/sandbox/cache-control/ts/storage - [0m[32mPassed[0m[1m
     Setting up : On /tmp/sandbox/cache-control/ts/storage with uid: nobody gid: nobody - [0m[32mPassed[0m[1m
     Setting up : On /tmp/sandbox/cache-control/ts/storage with uid: nobody gid: nogroup - [0m[32mPassed[0m[1m
     Setting up : recycling port: 61113, queue size: 993 - [0m[32mPassed[0m[1m
     Setting up : recycling port: 61114, queue size: 992 - [0m[32mPassed[0m[1m
     Setting up : recycling port: 61115, queue size: 991 - [0m[32mPassed[0m[1m
     Setting up : recycling port: 61116, queue size: 990 - [0m[32mPassed[0m[1m
     Test : Checking that ReturnCode == 0 - [0m[32mPassed[0m[1m
        Reason: Returned Value: 0 == 0
     Time-Out : Process finishes within expected time - [0m[32mPassed[0m[1m
        Reason: Returned value: 31.348660469055176 < 600.0
     file /tmp/sandbox/cache-control/ts/log/diags.log : Diags log file diags.log should not contain errors - [0m[32mPassed[0m[1m
        Reason: Contents of /tmp/sandbox/cache-control/ts/log/diags.log excludes expression
     file /tmp/sandbox/cache-control/ts/log/diags.log : Diags log file diags.log should not contain errors - [0m[32mPassed[0m[1m
        Reason: Contents of /tmp/sandbox/cache-control/ts/log/diags.log excludes expression
     file /tmp/sandbox/cache-control/ts/log/diags.log : Diags log file diags.log should not contain a warning about an unrecognized configuration - [0m[32mPassed[0m[1m
        Reason: Contents of /tmp/sandbox/cache-control/ts/log/diags.log excludes expression
     Appending File /tmp/sandbox/cache-control/ts/config/records.yaml : Writing config file records.yaml - [0m[32mPassed[0m[1m
        Reason: Success
     Appending File /tmp/sandbox/cache-control/ts/config/runroot.yaml : Appended file /tmp/sandbox/cache-control/ts/config/runroot.yaml - [0m[32mPassed[0m[1m
        Reason: Success
     Appending File /tmp/sandbox/cache-control/ts/config/plugin.config : Appended file /tmp/sandbox/cache-control/ts/config/plugin.config - [0m[32mPassed[0m[1m
        Reason: Success
     Appending File /tmp/sandbox/cache-control/ts/config/remap.config : Appended file /tmp/sandbox/cache-control/ts/config/remap.config - [0m[32mPassed[0m[1m
        Reason: Success
   Process: server: [0m[32mPassed[0m[1m
     Setting up : recycling port: 61117, queue size: 989 - [0m[32mPassed[0m[1m
     Setting up : Making Directory /tmp/sandbox/cache-control/server - [0m[32mPassed[0m[1m
     Test : Checking that any test passes - [0m[32mPassed[0m[1m
        Reason: One or more tests passed
     
       Test : Checking that ReturnCode == None - [0m[31mFailed[0m[1m
          Reason: Returned Value 0 != None
       
     
       Test : Checking that ReturnCode == 0 - [0m[32mPassed[0m[1m
          Reason: Returned Value: 0 == 0
       
     Time-Out : Process finishes within expected time - [0m[32mPassed[0m[1m
        Reason: Returned value: 32.141987562179565 < 600.0
   Process: ts-for-proxy-verifier: [0m[32mPassed[0m[1m
     Setting up : Making Directory /tmp/sandbox/cache-control/ts-for-proxy-verifier - [0m[32mPassed[0m[1m
     Setting up : Copying '/usr/bin' to '/tmp/sandbox/cache-control/ts-for-proxy-verifier/bin' - [0m[32mPassed[0m[1m
     Setting up : Making Directory /tmp/sandbox/cache-control/ts-for-proxy-verifier/config - [0m[32mPassed[0m[1m
     Setting up : On /tmp/sandbox/cache-control/ts-for-proxy-verifier/config with uid: nobody gid: nobody - [0m[32mPassed[0m[1m
     Setting up : On /tmp/sandbox/cache-control/ts-for-proxy-verifier/config with uid: nobody gid: nogroup - [0m[32mPassed[0m[1m
     Setting up : Copying '/src/trafficserver/tests/gold_tests/autest-site/min_cfg/storage.config' to directory '/tmp/sandbox/cache-control/ts-for-proxy-verifier/config' as 'storage.config'' - [0m[32mPassed[0m[1m
     Setting up : Copying '/src/trafficserver/tests/gold_tests/autest-site/min_cfg/ip_allow.yaml' to directory '/tmp/sandbox/cache-control/ts-for-proxy-verifier/config' as 'ip_allow.yaml'' - [0m[32mPassed[0m[1m
     Setting up : Copying '/src/trafficserver/tests/gold_tests/autest-site/min_cfg/readme.txt' to directory '/tmp/sandbox/cache-control/ts-for-proxy-verifier/config' as 'readme.txt'' - [0m[32mPassed[0m[1m
     Setting up : Copying '/usr/etc/trafficserver/body_factory' to '/tmp/sandbox/cache-control/ts-for-proxy-verifier/config/body_factory' - [0m[32mPassed[0m[1m
     Setting up : Making Directory /tmp/sandbox/cache-control/ts-for-proxy-verifier/cache - [0m[32mPassed[0m[1m
     Setting up : Copying '/usr/libexec/trafficserver' to '/tmp/sandbox/cache-control/ts-for-proxy-verifier/plugin' - [0m[32mPassed[0m[1m
     Setting up : Making Directory /tmp/sandbox/cache-control/ts-for-proxy-verifier/log - [0m[32mPassed[0m[1m
     Setting up : On /tmp/sandbox/cache-control/ts-for-proxy-verifier/log with uid: nobody gid: nobody - [0m[32mPassed[0m[1m
     Setting up : On /tmp/sandbox/cache-control/ts-for-proxy-verifier/log with uid: nobody gid: nogroup - [0m[32mPassed[0m[1m
     Setting up : Making Directory /tmp/sandbox/cache-control/ts-for-proxy-verifier/runtime - [0m[32mPassed[0m[1m
     Setting up : On /tmp/sandbox/cache-control/ts-for-proxy-verifier/runtime with uid: nobody gid: nobody - [0m[32mPassed[0m[1m
     Setting up : On /tmp/sandbox/cache-control/ts-for-proxy-verifier/runtime with uid: nobody gid: nogroup - [0m[32mPassed[0m[1m
     Setting up : Making Directory /tmp/sandbox/cache-control/ts-for-proxy-verifier/ssl - [0m[32mPassed[0m[1m
     Setting up : On /tmp/sandbox/cache-control/ts-for-proxy-verifier/ssl with uid: nobody gid: nobody - [0m[32mPassed[0m[1m
     Setting up : On /tmp/sandbox/cache-control/ts-for-proxy-verifier/ssl with uid: nobody gid: nogroup - [0m[32mPassed[0m[1m
     Setting up : Making Directory /tmp/sandbox/cache-control/ts-for-proxy-verifier/storage - [0m[32mPassed[0m[1m
     Setting up : On /tmp/sandbox/cache-control/ts-for-proxy-verifier/storage with uid: nobody gid: nobody - [0m[32mPassed[0m[1m
     Setting up : On /tmp/sandbox/cache-control/ts-for-proxy-verifier/storage with uid: nobody gid: nogroup - [0m[32mPassed[0m[1m
     Setting up : recycling port: 61118, queue size: 988 - [0m[32mPassed[0m[1m
     Setting up : recycling port: 61119, queue size: 987 - [0m[32mPassed[0m[1m
     Setting up : recycling port: 61120, queue size: 986 - [0m[32mPassed[0m[1m
     Setting up : recycling port: 61121, queue size: 985 - [0m[32mPassed[0m[1m
     Test : Checking that ReturnCode == 0 - [0m[32mPassed[0m[1m
        Reason: Returned Value: 0 == 0
     Time-Out : Process finishes within expected time - [0m[32mPassed[0m[1m
        Reason: Returned value: 17.09060049057007 < 600.0
     file /tmp/sandbox/cache-control/ts-for-proxy-verifier/log/diags.log : Diags log file diags.log should not contain errors - [0m[32mPassed[0m[1m
        Reason: Contents of /tmp/sandbox/cache-control/ts-for-proxy-verifier/log/diags.log excludes expression
     file /tmp/sandbox/cache-control/ts-for-proxy-verifier/log/diags.log : Diags log file diags.log should not contain errors - [0m[32mPassed[0m[1m
        Reason: Contents of /tmp/sandbox/cache-control/ts-for-proxy-verifier/log/diags.log excludes expression
     file /tmp/sandbox/cache-control/ts-for-proxy-verifier/log/diags.log : Diags log file diags.log should not contain a warning about an unrecognized configuration - [0m[32mPassed[0m[1m
        Reason: Contents of /tmp/sandbox/cache-control/ts-for-proxy-verifier/log/diags.log excludes expression
     Appending File /tmp/sandbox/cache-control/ts-for-proxy-verifier/config/records.yaml : Writing config file records.yaml - [0m[32mPassed[0m[1m
        Reason: Success
     Appending File /tmp/sandbox/cache-control/ts-for-proxy-verifier/config/runroot.yaml : Appended file /tmp/sandbox/cache-control/ts-for-proxy-verifier/config/runroot.yaml - [0m[32mPassed[0m[1m
        Reason: Success
     Appending File /tmp/sandbox/cache-control/ts-for-proxy-verifier/config/remap.config : Appended file /tmp/sandbox/cache-control/ts-for-proxy-verifier/config/remap.config - [0m[32mPassed[0m[1m
        Reason: Success
   Process: proxy-verifier-server: [0m[32mPassed[0m[1m
     Setting up : Copying '/src/trafficserver/tests/proxy-verifier/unpack/v2.6.0/bin' to '/tmp/sandbox/cache-control/proxy-verifier-server/bin' - [0m[32mPassed[0m[1m
     Setting up : recycling port: 61122, queue size: 984 - [0m[32mPassed[0m[1m
     Setting up : recycling port: 61123, queue size: 983 - [0m[32mPassed[0m[1m
     Setting up : recycling port: 61124, queue size: 982 - [0m[32mPassed[0m[1m
     Setting up : Copying '/src/trafficserver/tests/gold_tests/autest-site/../../tools/proxy-verifier/ssl/server.pem' to '/tmp/sandbox/cache-control/proxy-verifier-server/server.pem' - [0m[32mPassed[0m[1m
     Setting up : Copying '/src/trafficserver/tests/gold_tests/autest-site/../../tools/proxy-verifier/ssl/ca.pem' to '/tmp/sandbox/cache-control/proxy-verifier-server/ca.pem' - [0m[32mPassed[0m[1m
     Setting up : Copying 'replay/cache-control-max-age.replay.yaml' to '/tmp/sandbox/cache-control/proxy-verifier-server/cache-control-max-age.replay.yaml' - [0m[32mPassed[0m[1m
     Test : Checking that ReturnCode == 0 - [0m[32mPassed[0m[1m
        Reason: Returned Value: 0 == 0
     Time-Out : Process finishes within expected time - [0m[32mPassed[0m[1m
        Reason: Returned value: 17.738909006118774 < 600.0
     file /tmp/sandbox/cache-control/_output/cache-control-proxy-verifier-server/stream.stdout.txt : There should be no Proxy Verifier violation errors. - [0m[32mPassed[0m[1m
        Reason: Contents of /tmp/sandbox/cache-control/_output/cache-control-proxy-verifier-server/stream.stdout.txt excludes expression
   Process: ts-cache-control-pragma: [0m[32mPassed[0m[1m
     Setting up : Making Directory /tmp/sandbox/cache-control/ts-cache-control-pragma - [0m[32mPassed[0m[1m
     Setting up : Copying '/usr/bin' to '/tmp/sandbox/cache-control/ts-cache-control-pragma/bin' - [0m[32mPassed[0m[1m
     Setting up : Making Directory /tmp/sandbox/cache-control/ts-cache-control-pragma/config - [0m[32mPassed[0m[1m
     Setting up : On /tmp/sandbox/cache-control/ts-cache-control-pragma/config with uid: nobody gid: nobody - [0m[32mPassed[0m[1m
     Setting up : On /tmp/sandbox/cache-control/ts-cache-control-pragma/config with uid: nobody gid: nogroup - [0m[32mPassed[0m[1m
     Setting up : Copying '/src/trafficserver/tests/gold_tests/autest-site/min_cfg/storage.config' to directory '/tmp/sandbox/cache-control/ts-cache-control-pragma/config' as 'storage.config'' - [0m[32mPassed[0m[1m
     Setting up : Copying '/src/trafficserver/tests/gold_tests/autest-site/min_cfg/ip_allow.yaml' to directory '/tmp/sandbox/cache-control/ts-cache-control-pragma/config' as 'ip_allow.yaml'' - [0m[32mPassed[0m[1m
     Setting up : Copying '/src/trafficserver/tests/gold_tests/autest-site/min_cfg/readme.txt' to directory '/tmp/sandbox/cache-control/ts-cache-control-pragma/config' as 'readme.txt'' - [0m[32mPassed[0m[1m
     Setting up : Copying '/usr/etc/trafficserver/body_factory' to '/tmp/sandbox/cache-control/ts-cache-control-pragma/config/body_factory' - [0m[32mPassed[0m[1m
     Setting up : Making Directory /tmp/sandbox/cache-control/ts-cache-control-pragma/cache - [0m[32mPassed[0m[1m
     Setting up : Copying '/usr/libexec/trafficserver' to '/tmp/sandbox/cache-control/ts-cache-control-pragma/plugin' - [0m[32mPassed[0m[1m
     Setting up : Making Directory /tmp/sandbox/cache-control/ts-cache-control-pragma/log - [0m[32mPassed[0m[1m
     Setting up : On /tmp/sandbox/cache-control/ts-cache-control-pragma/log with uid: nobody gid: nobody - [0m[32mPassed[0m[1m
     Setting up : On /tmp/sandbox/cache-control/ts-cache-control-pragma/log with uid: nobody gid: nogroup - [0m[32mPassed[0m[1m
     Setting up : Making Directory /tmp/sandbox/cache-control/ts-cache-control-pragma/runtime - [0m[32mPassed[0m[1m
     Setting up : On /tmp/sandbox/cache-control/ts-cache-control-pragma/runtime with uid: nobody gid: nobody - [0m[32mPassed[0m[1m
     Setting up : On /tmp/sandbox/cache-control/ts-cache-control-pragma/runtime with uid: nobody gid: nogroup - [0m[32mPassed[0m[1m
     Setting up : Making Directory /tmp/sandbox/cache-control/ts-cache-control-pragma/ssl - [0m[32mPassed[0m[1m
     Setting up : On /tmp/sandbox/cache-control/ts-cache-control-pragma/ssl with uid: nobody gid: nobody - [0m[32mPassed[0m[1m
     Setting up : On /tmp/sandbox/cache-control/ts-cache-control-pragma/ssl with uid: nobody gid: nogroup - [0m[32mPassed[0m[1m
     Setting up : Making Directory /tmp/sandbox/cache-control/ts-cache-control-pragma/storage - [0m[32mPassed[0m[1m
     Setting up : On /tmp/sandbox/cache-control/ts-cache-control-pragma/storage with uid: nobody gid: nobody - [0m[32mPassed[0m[1m
     Setting up : On /tmp/sandbox/cache-control/ts-cache-control-pragma/storage with uid: nobody gid: nogroup - [0m[32mPassed[0m[1m
     Setting up : recycling port: 61125, queue size: 981 - [0m[32mPassed[0m[1m
     Setting up : recycling port: 61126, queue size: 980 - [0m[32mPassed[0m[1m
     Setting up : recycling port: 61127, queue size: 979 - [0m[32mPassed[0m[1m
     Setting up : recycling port: 61128, queue size: 978 - [0m[32mPassed[0m[1m
     Test : Checking that ReturnCode == 0 - [0m[32mPassed[0m[1m
        Reason: Returned Value: 0 == 0
     Time-Out : Process finishes within expected time - [0m[32mPassed[0m[1m
        Reason: Returned value: 15.773998498916626 < 600.0
     file /tmp/sandbox/cache-control/ts-cache-control-pragma/log/diags.log : Diags log file diags.log should not contain errors - [0m[32mPassed[0m[1m
        Reason: Contents of /tmp/sandbox/cache-control/ts-cache-control-pragma/log/diags.log excludes expression
     file /tmp/sandbox/cache-control/ts-cache-control-pragma/log/diags.log : Diags log file diags.log should not contain errors - [0m[32mPassed[0m[1m
        Reason: Contents of /tmp/sandbox/cache-control/ts-cache-control-pragma/log/diags.log excludes expression
     file /tmp/sandbox/cache-control/ts-cache-control-pragma/log/diags.log : Diags log file diags.log should not contain a warning about an unrecognized configuration - [0m[32mPassed[0m[1m
        Reason: Contents of /tmp/sandbox/cache-control/ts-cache-control-pragma/log/diags.log excludes expression
     Appending File /tmp/sandbox/cache-control/ts-cache-control-pragma/config/records.yaml : Writing config file records.yaml - [0m[32mPassed[0m[1m
        Reason: Success
     Appending File /tmp/sandbox/cache-control/ts-cache-control-pragma/config/runroot.yaml : Appended file /tmp/sandbox/cache-control/ts-cache-control-pragma/config/runroot.yaml - [0m[32mPassed[0m[1m
        Reason: Success
     Appending File /tmp/sandbox/cache-control/ts-cache-control-pragma/config/remap.config : Appended file /tmp/sandbox/cache-control/ts-cache-control-pragma/config/remap.config - [0m[32mPassed[0m[1m
        Reason: Success
   Process: request-cache-control-default-verifier-server: [0m[32mPassed[0m[1m
     Setting up : Copying '/src/trafficserver/tests/proxy-verifier/unpack/v2.6.0/bin' to '/tmp/sandbox/cache-control/request-cache-control-default-verifier-server/bin' - [0m[32mPassed[0m[1m
     Setting up : recycling port: 61132, queue size: 974 - [0m[32mPassed[0m[1m
     Setting up : recycling port: 61133, queue size: 973 - [0m[32mPassed[0m[1m
     Setting up : recycling port: 61134, queue size: 972 - [0m[32mPassed[0m[1m
     Setting up : Copying '/src/trafficserver/tests/gold_tests/autest-site/../../tools/proxy-verifier/ssl/server.pem' to '/tmp/sandbox/cache-control/request-cache-control-default-verifier-server/server.pem' - [0m[32mPassed[0m[1m
     Setting up : Copying '/src/trafficserver/tests/gold_tests/autest-site/../../tools/proxy-verifier/ssl/ca.pem' to '/tmp/sandbox/cache-control/request-cache-control-default-verifier-server/ca.pem' - [0m[32mPassed[0m[1m
     Setting up : Copying 'replay/request-cache-control-default.replay.yaml' to '/tmp/sandbox/cache-control/request-cache-control-default-verifier-server/request-cache-control-default.replay.yaml' - [0m[32mPassed[0m[1m
     Test : Checking that ReturnCode == 0 - [0m[32mPassed[0m[1m
        Reason: Returned Value: 0 == 0
     Time-Out : Process finishes within expected time - [0m[32mPassed[0m[1m
        Reason: Returned value: 17.45918107032776 < 600.0
     file /tmp/sandbox/cache-control/_output/cache-control-request-cache-control-default-verifier-server/stream.stdout.txt : There should be no Proxy Verifier violation errors. - [0m[32mPassed[0m[1m
        Reason: Contents of /tmp/sandbox/cache-control/_output/cache-control-request-cache-control-default-verifier-server/stream.stdout.txt excludes expression
   Process: ts-request-cache-control-default: [0m[32mPassed[0m[1m
     Setting up : Making Directory /tmp/sandbox/cache-control/ts-request-cache-control-default - [0m[32mPassed[0m[1m
     Setting up : Copying '/usr/bin' to '/tmp/sandbox/cache-control/ts-request-cache-control-default/bin' - [0m[32mPassed[0m[1m
     Setting up : Making Directory /tmp/sandbox/cache-control/ts-request-cache-control-default/config - [0m[32mPassed[0m[1m
     Setting up : On /tmp/sandbox/cache-control/ts-request-cache-control-default/config with uid: nobody gid: nobody - [0m[32mPassed[0m[1m
     Setting up : On /tmp/sandbox/cache-control/ts-request-cache-control-default/config with uid: nobody gid: nogroup - [0m[32mPassed[0m[1m
     Setting up : Copying '/src/trafficserver/tests/gold_tests/autest-site/min_cfg/storage.config' to directory '/tmp/sandbox/cache-control/ts-request-cache-control-default/config' as 'storage.config'' - [0m[32mPassed[0m[1m
     Setting up : Copying '/src/trafficserver/tests/gold_tests/autest-site/min_cfg/ip_allow.yaml' to directory '/tmp/sandbox/cache-control/ts-request-cache-control-default/config' as 'ip_allow.yaml'' - [0m[32mPassed[0m[1m
     Setting up : Copying '/src/trafficserver/tests/gold_tests/autest-site/min_cfg/readme.txt' to directory '/tmp/sandbox/cache-control/ts-request-cache-control-default/config' as 'readme.txt'' - [0m[32mPassed[0m[1m
     Setting up : Copying '/usr/etc/trafficserver/body_factory' to '/tmp/sandbox/cache-control/ts-request-cache-control-default/config/body_factory' - [0m[32mPassed[0m[1m
     Setting up : Making Directory /tmp/sandbox/cache-control/ts-request-cache-control-default/cache - [0m[32mPassed[0m[1m
     Setting up : Copying '/usr/libexec/trafficserver' to '/tmp/sandbox/cache-control/ts-request-cache-control-default/plugin' - [0m[32mPassed[0m[1m
     Setting up : Making Directory /tmp/sandbox/cache-control/ts-request-cache-control-default/log - [0m[32mPassed[0m[1m
     Setting up : On /tmp/sandbox/cache-control/ts-request-cache-control-default/log with uid: nobody gid: nobody - [0m[32mPassed[0m[1m
     Setting up : On /tmp/sandbox/cache-control/ts-request-cache-control-default/log with uid: nobody gid: nogroup - [0m[32mPassed[0m[1m
     Setting up : Making Directory /tmp/sandbox/cache-control/ts-request-cache-control-default/runtime - [0m[32mPassed[0m[1m
     Setting up : On /tmp/sandbox/cache-control/ts-request-cache-control-default/runtime with uid: nobody gid: nobody - [0m[32mPassed[0m[1m
     Setting up : On /tmp/sandbox/cache-control/ts-request-cache-control-default/runtime with uid: nobody gid: nogroup - [0m[32mPassed[0m[1m
     Setting up : Making Directory /tmp/sandbox/cache-control/ts-request-cache-control-default/ssl - [0m[32mPassed[0m[1m
     Setting up : On /tmp/sandbox/cache-control/ts-request-cache-control-default/ssl with uid: nobody gid: nobody - [0m[32mPassed[0m[1m
     Setting up : On /tmp/sandbox/cache-control/ts-request-cache-control-default/ssl with uid: nobody gid: nogroup - [0m[32mPassed[0m[1m
     Setting up : Making Directory /tmp/sandbox/cache-control/ts-request-cache-control-default/storage - [0m[32mPassed[0m[1m
     Setting up : On /tmp/sandbox/cache-control/ts-request-cache-control-default/storage with uid: nobody gid: nobody - [0m[32mPassed[0m[1m
     Setting up : On /tmp/sandbox/cache-control/ts-request-cache-control-default/storage with uid: nobody gid: nogroup - [0m[32mPassed[0m[1m
     Setting up : recycling port: 61135, queue size: 971 - [0m[32mPassed[0m[1m
     Setting up : recycling port: 61136, queue size: 970 - [0m[32mPassed[0m[1m
     Setting up : recycling port: 61137, queue size: 969 - [0m[32mPassed[0m[1m
     Setting up : recycling port: 61138, queue size: 968 - [0m[32mPassed[0m[1m
     Test : Checking that ReturnCode == 0 - [0m[32mPassed[0m[1m
        Reason: Returned Value: 0 == 0
     Time-Out : Process finishes within expected time - [0m[32mPassed[0m[1m
        Reason: Returned value: 16.748677968978882 < 600.0
     file /tmp/sandbox/cache-control/ts-request-cache-control-default/log/diags.log : Diags log file diags.log should not contain errors - [0m[32mPassed[0m[1m
        Reason: Contents of /tmp/sandbox/cache-control/ts-request-cache-control-default/log/diags.log excludes expression
     file /tmp/sandbox/cache-control/ts-request-cache-control-default/log/diags.log : Diags log file diags.log should not contain errors - [0m[32mPassed[0m[1m
        Reason: Contents of /tmp/sandbox/cache-control/ts-request-cache-control-default/log/diags.log excludes expression
     file /tmp/sandbox/cache-control/ts-request-cache-control-default/log/diags.log : Diags log file diags.log should not contain a warning about an unrecognized configuration - [0m[32mPassed[0m[1m
        Reason: Contents of /tmp/sandbox/cache-control/ts-request-cache-control-default/log/diags.log excludes expression
     Appending File /tmp/sandbox/cache-control/ts-request-cache-control-default/config/records.yaml : Writing config file records.yaml - [0m[32mPassed[0m[1m
        Reason: Success
     Appending File /tmp/sandbox/cache-control/ts-request-cache-control-default/config/runroot.yaml : Appended file /tmp/sandbox/cache-control/ts-request-cache-control-default/config/runroot.yaml - [0m[32mPassed[0m[1m
        Reason: Success
     Appending File /tmp/sandbox/cache-control/ts-request-cache-control-default/config/remap.config : Appended file /tmp/sandbox/cache-control/ts-request-cache-control-default/config/remap.config - [0m[32mPassed[0m[1m
        Reason: Success
   Process: request-cache-control-honor-client-verifier-server: [0m[32mPassed[0m[1m
     Setting up : Copying '/src/trafficserver/tests/proxy-verifier/unpack/v2.6.0/bin' to '/tmp/sandbox/cache-control/request-cache-control-honor-client-verifier-server/bin' - [0m[32mPassed[0m[1m
     Setting up : recycling port: 61139, queue size: 967 - [0m[32mPassed[0m[1m
     Setting up : recycling port: 61140, queue size: 966 - [0m[32mPassed[0m[1m
     Setting up : recycling port: 61141, queue size: 965 - [0m[32mPassed[0m[1m
     Setting up : Copying '/src/trafficserver/tests/gold_tests/autest-site/../../tools/proxy-verifier/ssl/server.pem' to '/tmp/sandbox/cache-control/request-cache-control-honor-client-verifier-server/server.pem' - [0m[32mPassed[0m[1m
     Setting up : Copying '/src/trafficserver/tests/gold_tests/autest-site/../../tools/proxy-verifier/ssl/ca.pem' to '/tmp/sandbox/cache-control/request-cache-control-honor-client-verifier-server/ca.pem' - [0m[32mPassed[0m[1m
     Setting up : Copying 'replay/request-cache-control-honor-client.replay.yaml' to '/tmp/sandbox/cache-control/request-cache-control-honor-client-verifier-server/request-cache-control-honor-client.replay.yaml' - [0m[32mPassed[0m[1m
     Test : Checking that ReturnCode == 0 - [0m[32mPassed[0m[1m
        Reason: Returned Value: 0 == 0
     Time-Out : Process finishes within expected time - [0m[32mPassed[0m[1m
        Reason: Returned value: 18.422669887542725 < 600.0
     file /tmp/sandbox/cache-control/_output/cache-control-request-cache-control-honor-client-verifier-server/stream.stdout.txt : There should be no Proxy Verifier violation errors. - [0m[32mPassed[0m[1m
        Reason: Contents of /tmp/sandbox/cache-control/_output/cache-control-request-cache-control-honor-client-verifier-server/stream.stdout.txt excludes expression
   Process: ts-request-cache-control-honor-client: [0m[32mPassed[0m[1m
     Setting up : Making Directory /tmp/sandbox/cache-control/ts-request-cache-control-honor-client - [0m[32mPassed[0m[1m
     Setting up : Copying '/usr/bin' to '/tmp/sandbox/cache-control/ts-request-cache-control-honor-client/bin' - [0m[32mPassed[0m[1m
     Setting up : Making Directory /tmp/sandbox/cache-control/ts-request-cache-control-honor-client/config - [0m[32mPassed[0m[1m
     Setting up : On /tmp/sandbox/cache-control/ts-request-cache-control-honor-client/config with uid: nobody gid: nobody - [0m[32mPassed[0m[1m
     Setting up : On /tmp/sandbox/cache-control/ts-request-cache-control-honor-client/config with uid: nobody gid: nogroup - [0m[32mPassed[0m[1m
     Setting up : Copying '/src/trafficserver/tests/gold_tests/autest-site/min_cfg/storage.config' to directory '/tmp/sandbox/cache-control/ts-request-cache-control-honor-client/config' as 'storage.config'' - [0m[32mPassed[0m[1m
     Setting up : Copying '/src/trafficserver/tests/gold_tests/autest-site/min_cfg/ip_allow.yaml' to directory '/tmp/sandbox/cache-control/ts-request-cache-control-honor-client/config' as 'ip_allow.yaml'' - [0m[32mPassed[0m[1m
     Setting up : Copying '/src/trafficserver/tests/gold_tests/autest-site/min_cfg/readme.txt' to directory '/tmp/sandbox/cache-control/ts-request-cache-control-honor-client/config' as 'readme.txt'' - [0m[32mPassed[0m[1m
     Setting up : Copying '/usr/etc/trafficserver/body_factory' to '/tmp/sandbox/cache-control/ts-request-cache-control-honor-client/config/body_factory' - [0m[32mPassed[0m[1m
     Setting up : Making Directory /tmp/sandbox/cache-control/ts-request-cache-control-honor-client/cache - [0m[32mPassed[0m[1m
     Setting up : Copying '/usr/libexec/trafficserver' to '/tmp/sandbox/cache-control/ts-request-cache-control-honor-client/plugin' - [0m[32mPassed[0m[1m
     Setting up : Making Directory /tmp/sandbox/cache-control/ts-request-cache-control-honor-client/log - [0m[32mPassed[0m[1m
     Setting up : On /tmp/sandbox/cache-control/ts-request-cache-control-honor-client/log with uid: nobody gid: nobody - [0m[32mPassed[0m[1m
     Setting up : On /tmp/sandbox/cache-control/ts-request-cache-control-honor-client/log with uid: nobody gid: nogroup - [0m[32mPassed[0m[1m
     Setting up : Making Directory /tmp/sandbox/cache-control/ts-request-cache-control-honor-client/runtime - [0m[32mPassed[0m[1m
     Setting up : On /tmp/sandbox/cache-control/ts-request-cache-control-honor-client/runtime with uid: nobody gid: nobody - [0m[32mPassed[0m[1m
     Setting up : On /tmp/sandbox/cache-control/ts-request-cache-control-honor-client/runtime with uid: nobody gid: nogroup - [0m[32mPassed[0m[1m
     Setting up : Making Directory /tmp/sandbox/cache-control/ts-request-cache-control-honor-client/ssl - [0m[32mPassed[0m[1m
     Setting up : On /tmp/sandbox/cache-control/ts-request-cache-control-honor-client/ssl with uid: nobody gid: nobody - [0m[32mPassed[0m[1m
     Setting up : On /tmp/sandbox/cache-control/ts-request-cache-control-honor-client/ssl with uid: nobody gid: nogroup - [0m[32mPassed[0m[1m
     Setting up : Making Directory /tmp/sandbox/cache-control/ts-request-cache-control-honor-client/storage - [0m[32mPassed[0m[1m
     Setting up : On /tmp/sandbox/cache-control/ts-request-cache-control-honor-client/storage with uid: nobody gid: nobody - [0m[32mPassed[0m[1m
     Setting up : On /tmp/sandbox/cache-control/ts-request-cache-control-honor-client/storage with uid: nobody gid: nogroup - [0m[32mPassed[0m[1m
     Setting up : recycling port: 61142, queue size: 964 - [0m[32mPassed[0m[1m
     Setting up : recycling port: 61143, queue size: 963 - [0m[32mPassed[0m[1m
     Setting up : recycling port: 61144, queue size: 962 - [0m[32mPassed[0m[1m
     Setting up : recycling port: 61145, queue size: 961 - [0m[32mPassed[0m[1m
     Test : Checking that ReturnCode == 0 - [0m[32mPassed[0m[1m
        Reason: Returned Value: 0 == 0
     Time-Out : Process finishes within expected time - [0m[32mPassed[0m[1m
        Reason: Returned value: 17.658855676651 < 600.0
     file /tmp/sandbox/cache-control/ts-request-cache-control-honor-client/log/diags.log : Diags log file diags.log should not contain errors - [0m[32mPassed[0m[1m
        Reason: Contents of /tmp/sandbox/cache-control/ts-request-cache-control-honor-client/log/diags.log excludes expression
     file /tmp/sandbox/cache-control/ts-request-cache-control-honor-client/log/diags.log : Diags log file diags.log should not contain errors - [0m[32mPassed[0m[1m
        Reason: Contents of /tmp/sandbox/cache-control/ts-request-cache-control-honor-client/log/diags.log excludes expression
     file /tmp/sandbox/cache-control/ts-request-cache-control-honor-client/log/diags.log : Diags log file diags.log should not contain a warning about an unrecognized configuration - [0m[32mPassed[0m[1m
        Reason: Contents of /tmp/sandbox/cache-control/ts-request-cache-control-honor-client/log/diags.log excludes expression
     file /tmp/sandbox/cache-control/ts-request-cache-control-honor-client/log/traffic.out : Verify that ATS honors the no-cache and performs a revalidation. - [0m[32mPassed[0m[1m
        Reason: Contents of /tmp/sandbox/cache-control/ts-request-cache-control-honor-client/log/traffic.out contained expression
     file /tmp/sandbox/cache-control/ts-request-cache-control-honor-client/log/traffic.out : Verify that ATS honors the no-store. - [0m[32mPassed[0m[1m
        Reason: Contents of /tmp/sandbox/cache-control/ts-request-cache-control-honor-client/log/traffic.out contained expression
     Appending File /tmp/sandbox/cache-control/ts-request-cache-control-honor-client/config/records.yaml : Writing config file records.yaml - [0m[32mPassed[0m[1m
        Reason: Success
     Appending File /tmp/sandbox/cache-control/ts-request-cache-control-honor-client/config/runroot.yaml : Appended file /tmp/sandbox/cache-control/ts-request-cache-control-honor-client/config/runroot.yaml - [0m[32mPassed[0m[1m
        Reason: Success
     Appending File /tmp/sandbox/cache-control/ts-request-cache-control-honor-client/config/remap.config : Appended file /tmp/sandbox/cache-control/ts-request-cache-control-honor-client/config/remap.config - [0m[32mPassed[0m[1m
        Reason: Success
   Process: response-cache-control-default-verifier-server: [0m[32mPassed[0m[1m
     Setting up : Copying '/src/trafficserver/tests/proxy-verifier/unpack/v2.6.0/bin' to '/tmp/sandbox/cache-control/response-cache-control-default-verifier-server/bin' - [0m[32mPassed[0m[1m
     Setting up : recycling port: 61146, queue size: 960 - [0m[32mPassed[0m[1m
     Setting up : recycling port: 61147, queue size: 959 - [0m[32mPassed[0m[1m
     Setting up : recycling port: 61148, queue size: 958 - [0m[32mPassed[0m[1m
     Setting up : Copying '/src/trafficserver/tests/gold_tests/autest-site/../../tools/proxy-verifier/ssl/server.pem' to '/tmp/sandbox/cache-control/response-cache-control-default-verifier-server/server.pem' - [0m[32mPassed[0m[1m
     Setting up : Copying '/src/trafficserver/tests/gold_tests/autest-site/../../tools/proxy-verifier/ssl/ca.pem' to '/tmp/sandbox/cache-control/response-cache-control-default-verifier-server/ca.pem' - [0m[32mPassed[0m[1m
     Setting up : Copying 'replay/response-cache-control-default.replay.yaml' to '/tmp/sandbox/cache-control/response-cache-control-default-verifier-server/response-cache-control-default.replay.yaml' - [0m[32mPassed[0m[1m
     Test : Checking that ReturnCode == 0 - [0m[32mPassed[0m[1m
        Reason: Returned Value: 0 == 0
     Time-Out : Process finishes within expected time - [0m[32mPassed[0m[1m
        Reason: Returned value: 19.271296739578247 < 600.0
     file /tmp/sandbox/cache-control/_output/cache-control-response-cache-control-default-verifier-server/stream.stdout.txt : There should be no Proxy Verifier violation errors. - [0m[32mPassed[0m[1m
        Reason: Contents of /tmp/sandbox/cache-control/_output/cache-control-response-cache-control-default-verifier-server/stream.stdout.txt excludes expression
   Process: ts-response-cache-control-default: [0m[32mPassed[0m[1m
     Setting up : Making Directory /tmp/sandbox/cache-control/ts-response-cache-control-default - [0m[32mPassed[0m[1m
     Setting up : Copying '/usr/bin' to '/tmp/sandbox/cache-control/ts-response-cache-control-default/bin' - [0m[32mPassed[0m[1m
     Setting up : Making Directory /tmp/sandbox/cache-control/ts-response-cache-control-default/config - [0m[32mPassed[0m[1m
     Setting up : On /tmp/sandbox/cache-control/ts-response-cache-control-default/config with uid: nobody gid: nobody - [0m[32mPassed[0m[1m
     Setting up : On /tmp/sandbox/cache-control/ts-response-cache-control-default/config with uid: nobody gid: nogroup - [0m[32mPassed[0m[1m
     Setting up : Copying '/src/trafficserver/tests/gold_tests/autest-site/min_cfg/storage.config' to directory '/tmp/sandbox/cache-control/ts-response-cache-control-default/config' as 'storage.config'' - [0m[32mPassed[0m[1m
     Setting up : Copying '/src/trafficserver/tests/gold_tests/autest-site/min_cfg/ip_allow.yaml' to directory '/tmp/sandbox/cache-control/ts-response-cache-control-default/config' as 'ip_allow.yaml'' - [0m[32mPassed[0m[1m
     Setting up : Copying '/src/trafficserver/tests/gold_tests/autest-site/min_cfg/readme.txt' to directory '/tmp/sandbox/cache-control/ts-response-cache-control-default/config' as 'readme.txt'' - [0m[32mPassed[0m[1m
     Setting up : Copying '/usr/etc/trafficserver/body_factory' to '/tmp/sandbox/cache-control/ts-response-cache-control-default/config/body_factory' - [0m[32mPassed[0m[1m
     Setting up : Making Directory /tmp/sandbox/cache-control/ts-response-cache-control-default/cache - [0m[32mPassed[0m[1m
     Setting up : Copying '/usr/libexec/trafficserver' to '/tmp/sandbox/cache-control/ts-response-cache-control-default/plugin' - [0m[32mPassed[0m[1m
     Setting up : Making Directory /tmp/sandbox/cache-control/ts-response-cache-control-default/log - [0m[32mPassed[0m[1m
     Setting up : On /tmp/sandbox/cache-control/ts-response-cache-control-default/log with uid: nobody gid: nobody - [0m[32mPassed[0m[1m
     Setting up : On /tmp/sandbox/cache-control/ts-response-cache-control-default/log with uid: nobody gid: nogroup - [0m[32mPassed[0m[1m
     Setting up : Making Directory /tmp/sandbox/cache-control/ts-response-cache-control-default/runtime - [0m[32mPassed[0m[1m
     Setting up : On /tmp/sandbox/cache-control/ts-response-cache-control-default/runtime with uid: nobody gid: nobody - [0m[32mPassed[0m[1m
     Setting up : On /tmp/sandbox/cache-control/ts-response-cache-control-default/runtime with uid: nobody gid: nogroup - [0m[32mPassed[0m[1m
     Setting up : Making Directory /tmp/sandbox/cache-control/ts-response-cache-control-default/ssl - [0m[32mPassed[0m[1m
     Setting up : On /tmp/sandbox/cache-control/ts-response-cache-control-default/ssl with uid: nobody gid: nobody - [0m[32mPassed[0m[1m
     Setting up : On /tmp/sandbox/cache-control/ts-response-cache-control-default/ssl with uid: nobody gid: nogroup - [0m[32mPassed[0m[1m
     Setting up : Making Directory /tmp/sandbox/cache-control/ts-response-cache-control-default/storage - [0m[32mPassed[0m[1m
     Setting up : On /tmp/sandbox/cache-control/ts-response-cache-control-default/storage with uid: nobody gid: nobody - [0m[32mPassed[0m[1m
     Setting up : On /tmp/sandbox/cache-control/ts-response-cache-control-default/storage with uid: nobody gid: nogroup - [0m[32mPassed[0m[1m
     Setting up : recycling port: 61149, queue size: 957 - [0m[32mPassed[0m[1m
     Setting up : recycling port: 61150, queue size: 956 - [0m[32mPassed[0m[1m
     Setting up : recycling port: 61151, queue size: 955 - [0m[32mPassed[0m[1m
     Setting up : recycling port: 61152, queue size: 954 - [0m[32mPassed[0m[1m
     Test : Checking that ReturnCode == 0 - [0m[32mPassed[0m[1m
        Reason: Returned Value: 0 == 0
     Time-Out : Process finishes within expected time - [0m[32mPassed[0m[1m
        Reason: Returned value: 18.56263542175293 < 600.0
     file /tmp/sandbox/cache-control/ts-response-cache-control-default/log/diags.log : Diags log file diags.log should not contain errors - [0m[32mPassed[0m[1m
        Reason: Contents of /tmp/sandbox/cache-control/ts-response-cache-control-default/log/diags.log excludes expression
     file /tmp/sandbox/cache-control/ts-response-cache-control-default/log/diags.log : Diags log file diags.log should not contain errors - [0m[32mPassed[0m[1m
        Reason: Contents of /tmp/sandbox/cache-control/ts-response-cache-control-default/log/diags.log excludes expression
     file /tmp/sandbox/cache-control/ts-response-cache-control-default/log/diags.log : Diags log file diags.log should not contain a warning about an unrecognized configuration - [0m[32mPassed[0m[1m
        Reason: Contents of /tmp/sandbox/cache-control/ts-response-cache-control-default/log/diags.log excludes expression
     file /tmp/sandbox/cache-control/ts-response-cache-control-default/log/traffic.out : Verify that ATS honors the no-cache in response and performs a revalidation. - [0m[32mPassed[0m[1m
        Reason: Contents of /tmp/sandbox/cache-control/ts-response-cache-control-default/log/traffic.out contained expression
     file /tmp/sandbox/cache-control/ts-response-cache-control-default/log/traffic.out : Verify that ATS honors the no-store in response and bypasses the cache. - [0m[32mPassed[0m[1m
        Reason: Contents of /tmp/sandbox/cache-control/ts-response-cache-control-default/log/traffic.out contained expression
     Appending File /tmp/sandbox/cache-control/ts-response-cache-control-default/config/records.yaml : Writing config file records.yaml - [0m[32mPassed[0m[1m
        Reason: Success
     Appending File /tmp/sandbox/cache-control/ts-response-cache-control-default/config/runroot.yaml : Appended file /tmp/sandbox/cache-control/ts-response-cache-control-default/config/runroot.yaml - [0m[32mPassed[0m[1m
        Reason: Success
     Appending File /tmp/sandbox/cache-control/ts-response-cache-control-default/config/remap.config : Appended file /tmp/sandbox/cache-control/ts-response-cache-control-default/config/remap.config - [0m[32mPassed[0m[1m
        Reason: Success
   Process: response-cache-control-ignored-verifier-server: [0m[32mPassed[0m[1m
     Setting up : Copying '/src/trafficserver/tests/proxy-verifier/unpack/v2.6.0/bin' to '/tmp/sandbox/cache-control/response-cache-control-ignored-verifier-server/bin' - [0m[32mPassed[0m[1m
     Setting up : recycling port: 61153, queue size: 953 - [0m[32mPassed[0m[1m
     Setting up : recycling port: 61154, queue size: 952 - [0m[32mPassed[0m[1m
     Setting up : recycling port: 61155, queue size: 951 - [0m[32mPassed[0m[1m
     Setting up : Copying '/src/trafficserver/tests/gold_tests/autest-site/../../tools/proxy-verifier/ssl/server.pem' to '/tmp/sandbox/cache-control/response-cache-control-ignored-verifier-server/server.pem' - [0m[32mPassed[0m[1m
     Setting up : Copying '/src/trafficserver/tests/gold_tests/autest-site/../../tools/proxy-verifier/ssl/ca.pem' to '/tmp/sandbox/cache-control/response-cache-control-ignored-verifier-server/ca.pem' - [0m[32mPassed[0m[1m
     Setting up : Copying 'replay/response-cache-control-ignored.replay.yaml' to '/tmp/sandbox/cache-control/response-cache-control-ignored-verifier-server/response-cache-control-ignored.replay.yaml' - [0m[32mPassed[0m[1m
     Test : Checking that ReturnCode == 0 - [0m[32mPassed[0m[1m
        Reason: Returned Value: 0 == 0
     Time-Out : Process finishes within expected time - [0m[32mPassed[0m[1m
        Reason: Returned value: 20.167699575424194 < 600.0
     file /tmp/sandbox/cache-control/_output/cache-control-response-cache-control-ignored-verifier-server/stream.stdout.txt : There should be no Proxy Verifier violation errors. - [0m[32mPassed[0m[1m
        Reason: Contents of /tmp/sandbox/cache-control/_output/cache-control-response-cache-control-ignored-verifier-server/stream.stdout.txt excludes expression
   Process: ts-response-cache-control-ignored: [0m[32mPassed[0m[1m
     Setting up : Making Directory /tmp/sandbox/cache-control/ts-response-cache-control-ignored - [0m[32mPassed[0m[1m
     Setting up : Copying '/usr/bin' to '/tmp/sandbox/cache-control/ts-response-cache-control-ignored/bin' - [0m[32mPassed[0m[1m
     Setting up : Making Directory /tmp/sandbox/cache-control/ts-response-cache-control-ignored/config - [0m[32mPassed[0m[1m
     Setting up : On /tmp/sandbox/cache-control/ts-response-cache-control-ignored/config with uid: nobody gid: nobody - [0m[32mPassed[0m[1m
     Setting up : On /tmp/sandbox/cache-control/ts-response-cache-control-ignored/config with uid: nobody gid: nogroup - [0m[32mPassed[0m[1m
     Setting up : Copying '/src/trafficserver/tests/gold_tests/autest-site/min_cfg/storage.config' to directory '/tmp/sandbox/cache-control/ts-response-cache-control-ignored/config' as 'storage.config'' - [0m[32mPassed[0m[1m
     Setting up : Copying '/src/trafficserver/tests/gold_tests/autest-site/min_cfg/ip_allow.yaml' to directory '/tmp/sandbox/cache-control/ts-response-cache-control-ignored/config' as 'ip_allow.yaml'' - [0m[32mPassed[0m[1m
     Setting up : Copying '/src/trafficserver/tests/gold_tests/autest-site/min_cfg/readme.txt' to directory '/tmp/sandbox/cache-control/ts-response-cache-control-ignored/config' as 'readme.txt'' - [0m[32mPassed[0m[1m
     Setting up : Copying '/usr/etc/trafficserver/body_factory' to '/tmp/sandbox/cache-control/ts-response-cache-control-ignored/config/body_factory' - [0m[32mPassed[0m[1m
     Setting up : Making Directory /tmp/sandbox/cache-control/ts-response-cache-control-ignored/cache - [0m[32mPassed[0m[1m
     Setting up : Copying '/usr/libexec/trafficserver' to '/tmp/sandbox/cache-control/ts-response-cache-control-ignored/plugin' - [0m[32mPassed[0m[1m
     Setting up : Making Directory /tmp/sandbox/cache-control/ts-response-cache-control-ignored/log - [0m[32mPassed[0m[1m
     Setting up : On /tmp/sandbox/cache-control/ts-response-cache-control-ignored/log with uid: nobody gid: nobody - [0m[32mPassed[0m[1m
     Setting up : On /tmp/sandbox/cache-control/ts-response-cache-control-ignored/log with uid: nobody gid: nogroup - [0m[32mPassed[0m[1m
     Setting up : Making Directory /tmp/sandbox/cache-control/ts-response-cache-control-ignored/runtime - [0m[32mPassed[0m[1m
     Setting up : On /tmp/sandbox/cache-control/ts-response-cache-control-ignored/runtime with uid: nobody gid: nobody - [0m[32mPassed[0m[1m
     Setting up : On /tmp/sandbox/cache-control/ts-response-cache-control-ignored/runtime with uid: nobody gid: nogroup - [0m[32mPassed[0m[1m
     Setting up : Making Directory /tmp/sandbox/cache-control/ts-response-cache-control-ignored/ssl - [0m[32mPassed[0m[1m
     Setting up : On /tmp/sandbox/cache-control/ts-response-cache-control-ignored/ssl with uid: nobody gid: nobody - [0m[32mPassed[0m[1m
     Setting up : On /tmp/sandbox/cache-control/ts-response-cache-control-ignored/ssl with uid: nobody gid: nogroup - [0m[32mPassed[0m[1m
     Setting up : Making Directory /tmp/sandbox/cache-control/ts-response-cache-control-ignored/storage - [0m[32mPassed[0m[1m
     Setting up : On /tmp/sandbox/cache-control/ts-response-cache-control-ignored/storage with uid: nobody gid: nobody - [0m[32mPassed[0m[1m
     Setting up : On /tmp/sandbox/cache-control/ts-response-cache-control-ignored/storage with uid: nobody gid: nogroup - [0m[32mPassed[0m[1m
     Setting up : recycling port: 61156, queue size: 950 - [0m[32mPassed[0m[1m
     Setting up : recycling port: 61157, queue size: 949 - [0m[32mPassed[0m[1m
     Setting up : recycling port: 61158, queue size: 948 - [0m[32mPassed[0m[1m
     Setting up : recycling port: 61159, queue size: 947 - [0m[32mPassed[0m[1m
     Test : Checking that ReturnCode == 0 - [0m[32mPassed[0m[1m
        Reason: Returned Value: 0 == 0
     Time-Out : Process finishes within expected time - [0m[32mPassed[0m[1m
        Reason: Returned value: 19.45003581047058 < 600.0
     file /tmp/sandbox/cache-control/ts-response-cache-control-ignored/log/diags.log : Diags log file diags.log should not contain errors - [0m[32mPassed[0m[1m
        Reason: Contents of /tmp/sandbox/cache-control/ts-response-cache-control-ignored/log/diags.log excludes expression
     file /tmp/sandbox/cache-control/ts-response-cache-control-ignored/log/diags.log : Diags log file diags.log should not contain errors - [0m[32mPassed[0m[1m
        Reason: Contents of /tmp/sandbox/cache-control/ts-response-cache-control-ignored/log/diags.log excludes expression
     file /tmp/sandbox/cache-control/ts-response-cache-control-ignored/log/diags.log : Diags log file diags.log should not contain a warning about an unrecognized configuration - [0m[32mPassed[0m[1m
        Reason: Contents of /tmp/sandbox/cache-control/ts-response-cache-control-ignored/log/diags.log excludes expression
     file /tmp/sandbox/cache-control/ts-response-cache-control-ignored/log/traffic.out : Verify that ATS ignores the no-cache in response and therefore doesn't perform a revalidation. - [0m[32mPassed[0m[1m
        Reason: Contents of /tmp/sandbox/cache-control/ts-response-cache-control-ignored/log/traffic.out excludes expression
     file /tmp/sandbox/cache-control/ts-response-cache-control-ignored/log/traffic.out : Verify that ATS ignores the no-store in response and caches the responses despite its presence. - [0m[32mPassed[0m[1m
        Reason: Contents of /tmp/sandbox/cache-control/ts-response-cache-control-ignored/log/traffic.out excludes expression
     Appending File /tmp/sandbox/cache-control/ts-response-cache-control-ignored/config/records.yaml : Writing config file records.yaml - [0m[32mPassed[0m[1m
        Reason: Success
     Appending File /tmp/sandbox/cache-control/ts-response-cache-control-ignored/config/runroot.yaml : Appended file /tmp/sandbox/cache-control/ts-response-cache-control-ignored/config/runroot.yaml - [0m[32mPassed[0m[1m
        Reason: Success
     Appending File /tmp/sandbox/cache-control/ts-response-cache-control-ignored/config/remap.config : Appended file /tmp/sandbox/cache-control/ts-response-cache-control-ignored/config/remap.config - [0m[32mPassed[0m[1m
        Reason: Success
   Run: 0-tr: [0m[32mPassed[0m[1m
     Process: Default: [0m[32mPassed[0m[1m
       Test : Checking that ReturnCode == 0 - [0m[32mPassed[0m[1m
          Reason: Returned Value: 0 == 0
       file /tmp/sandbox/cache-control/_output/0-tr-Default/stream.stdout.txt : Checking that /tmp/sandbox/cache-control/_output/0-tr-Default/stream.stdout.txt matches gold/cache_and_req_body-miss.gold - [0m[32mPassed[0m[1m
          Reason: Values match
   Run: 1-tr: [0m[31mFailed[0m[1m
     Test : Checking that True == _isRunningAfter - [0m[32mPassed[0m[1m
        Reason: Returned Value: True == _isRunningAfter
     Starting TestRun 1-tr : No Issues found - [0m[32mPassed[0m[1m
        Reason: Started!
     Process: Default: [0m[31mFailed[0m[1m
       Test : Checking that ReturnCode == 0 - [0m[31mFailed[0m[1m
          Reason: Returned Value 127 != 0
       file /tmp/sandbox/cache-control/_output/1-tr-Default/stream.stdout.txt : Checking that /tmp/sandbox/cache-control/_output/1-tr-Default/stream.stdout.txt matches gold/cache_and_req_body-hit.gold - [0m[31mFailed[0m[1m
          Reason: File differences
           Gold File : /src/trafficserver/tests/gold_tests/cache/gold/cache_and_req_body-hit.gold
           Data File : /tmp/sandbox/cache-control/_output/1-tr-Default/stream.stdout.txt
           - HTTP/1.1 200 OK
           - Cache-Control: max-age=10,public
           - Content-Length: 11
           - Date: ``
           - Connection: keep-alive
           - Via: ``
           - Server: ``
           - X-Cache: hit-fresh
           - ``
           - yabadabadoo``
   Run: 2-tr: [0m[31mFailed[0m[1m
     Test : Checking that True == _isRunningAfter - [0m[32mPassed[0m[1m
        Reason: Returned Value: True == _isRunningAfter
     Starting TestRun 2-tr : No Issues found - [0m[32mPassed[0m[1m
        Reason: Started!
     Process: Default: [0m[31mFailed[0m[1m
       Test : Checking that ReturnCode == 0 - [0m[31mFailed[0m[1m
          Reason: Returned Value 127 != 0
       file /tmp/sandbox/cache-control/_output/2-tr-Default/stream.stdout.txt : Checking that /tmp/sandbox/cache-control/_output/2-tr-Default/stream.stdout.txt matches gold/cache_no_cc.gold - [0m[31mFailed[0m[1m
          Reason: File differences
           Gold File : /src/trafficserver/tests/gold_tests/cache/gold/cache_no_cc.gold
           Data File : /tmp/sandbox/cache-control/_output/2-tr-Default/stream.stdout.txt
           - HTTP/1.1 200 OK
           - Content-Length: 14
           - Date: ``
           - Connection: keep-alive
           - Via: ``
           - Server: ``
           - X-Cache: miss
           - ``
           - the flinstones``
   Run: 3-tr: [0m[31mFailed[0m[1m
     Test : Checking that True == _isRunningAfter - [0m[32mPassed[0m[1m
        Reason: Returned Value: True == _isRunningAfter
     Starting TestRun 3-tr : No Issues found - [0m[32mPassed[0m[1m
        Reason: Started!
     Process: Default: [0m[31mFailed[0m[1m
       Test : Checking that ReturnCode == 0 - [0m[31mFailed[0m[1m
          Reason: Returned Value 127 != 0
       Time-Out : Process finishes within expected time - [0m[32mPassed[0m[1m
          Reason: Returned value: 14.562453985214233 < 600.0
       file /tmp/sandbox/cache-control/_output/3-tr-Default/stream.stdout.txt : Checking that /tmp/sandbox/cache-control/_output/3-tr-Default/stream.stdout.txt matches gold/cache_hit_stale.gold - [0m[31mFailed[0m[1m
          Reason: File differences
           Gold File : /src/trafficserver/tests/gold_tests/cache/gold/cache_hit_stale.gold
           Data File : /tmp/sandbox/cache-control/_output/3-tr-Default/stream.stdout.txt
           - HTTP/1.1 200 OK
           - Cache-Control: max-age=10,public
           - Content-Length: 11
           - Date: ``
           - Connection: keep-alive
           - Via: ``
           - Server: ``
           - X-Cache: hit-stale
           - ``
           - yabadabadoo``
   Run: 4-tr: [0m[31mFailed[0m[1m
     Test : Checking that True == _isRunningAfter - [0m[32mPassed[0m[1m
        Reason: Returned Value: True == _isRunningAfter
     Starting TestRun 4-tr : No Issues found - [0m[32mPassed[0m[1m
        Reason: Started!
     Process: Default: [0m[31mFailed[0m[1m
       Test : Checking that ReturnCode == 0 - [0m[31mFailed[0m[1m
          Reason: Returned Value 127 != 0
       file /tmp/sandbox/cache-control/_output/4-tr-Default/stream.stdout.txt : Checking that /tmp/sandbox/cache-control/_output/4-tr-Default/stream.stdout.txt matches gold/cache_no_cache.gold - [0m[31mFailed[0m[1m
          Reason: File differences
           Gold File : /src/trafficserver/tests/gold_tests/cache/gold/cache_no_cache.gold
           Data File : /tmp/sandbox/cache-control/_output/4-tr-Default/stream.stdout.txt
           - HTTP/1.1 504 Not Cached ``
           - Date: ``
           - Connection: keep-alive
           - Via: http/1.1 ``
           - Server: ``
           - Cache-Control: no-store
           - Content-Type: text/html
           - Content-Language: en
           - ``
           - X-Cache: miss
           - Content-Length: 340
           - ``
   Run: Verify correct max-age cache-control behavior.: [0m[32mPassed[0m[1m
     Process: Default: [0m[32mPassed[0m[1m
       Setting up : Copying '/src/trafficserver/tests/proxy-verifier/unpack/v2.6.0/bin' to '/tmp/sandbox/cache-control/proxy-verifier-client/bin' - [0m[32mPassed[0m[1m
       Setting up : Copying 'replay/cache-control-max-age.replay.yaml' to '/tmp/sandbox/cache-control/proxy-verifier-client/cache-control-max-age.replay.yaml' - [0m[32mPassed[0m[1m
       Setting up : Copying '/src/trafficserver/tests/gold_tests/autest-site/../../tools/proxy-verifier/ssl/client.pem' to '/tmp/sandbox/cache-control/proxy-verifier-client/client.pem' - [0m[32mPassed[0m[1m
       Setting up : Copying '/src/trafficserver/tests/gold_tests/autest-site/../../tools/proxy-verifier/ssl/ca.pem' to '/tmp/sandbox/cache-control/proxy-verifier-client/ca.pem' - [0m[32mPassed[0m[1m
       Test : Checking that ReturnCode == 0 - [0m[32mPassed[0m[1m
          Reason: Returned Value: 0 == 0
       Time-Out : Process finishes within expected time - [0m[32mPassed[0m[1m
          Reason: Returned value: 1.0047593116760254 < 600.0
       file /tmp/sandbox/cache-control/_output/5-tr-Default/stream.stdout.txt : There should be no Proxy Verifier violation errors. - [0m[32mPassed[0m[1m
          Reason: Contents of /tmp/sandbox/cache-control/_output/5-tr-Default/stream.stdout.txt excludes expression
   Run: Verify Pragma: no-cache does not conflict with Cache-Control headers: [0m[32mPassed[0m[1m
     Process: pragma-server: [0m[32mPassed[0m[1m
       Setting up : Copying '/src/trafficserver/tests/proxy-verifier/unpack/v2.6.0/bin' to '/tmp/sandbox/cache-control/pragma-server/bin' - [0m[32mPassed[0m[1m
       Setting up : recycling port: 61129, queue size: 977 - [0m[32mPassed[0m[1m
       Setting up : recycling port: 61130, queue size: 976 - [0m[32mPassed[0m[1m
       Setting up : recycling port: 61131, queue size: 975 - [0m[32mPassed[0m[1m
       Setting up : Copying '/src/trafficserver/tests/gold_tests/autest-site/../../tools/proxy-verifier/ssl/server.pem' to '/tmp/sandbox/cache-control/pragma-server/server.pem' - [0m[32mPassed[0m[1m
       Setting up : Copying '/src/trafficserver/tests/gold_tests/autest-site/../../tools/proxy-verifier/ssl/ca.pem' to '/tmp/sandbox/cache-control/pragma-server/ca.pem' - [0m[32mPassed[0m[1m
       Setting up : Copying 'replay/cache-control-pragma.replay.yaml' to '/tmp/sandbox/cache-control/pragma-server/cache-control-pragma.replay.yaml' - [0m[32mPassed[0m[1m
       Test : Checking that ReturnCode == 0 - [0m[32mPassed[0m[1m
          Reason: Returned Value: 0 == 0
       Time-Out : Process finishes within expected time - [0m[32mPassed[0m[1m
          Reason: Returned value: 1.8072240352630615 < 600.0
       file /tmp/sandbox/cache-control/_output/6-tr-pragma-server/stream.stdout.txt : There should be no Proxy Verifier violation errors. - [0m[32mPassed[0m[1m
          Reason: Contents of /tmp/sandbox/cache-control/_output/6-tr-pragma-server/stream.stdout.txt excludes expression
     Process: Default: [0m[32mPassed[0m[1m
       Setting up : Copying '/src/trafficserver/tests/proxy-verifier/unpack/v2.6.0/bin' to '/tmp/sandbox/cache-control/pragma-client/bin' - [0m[32mPassed[0m[1m
       Setting up : Copying 'replay/cache-control-pragma.replay.yaml' to '/tmp/sandbox/cache-control/pragma-client/cache-control-pragma.replay.yaml' - [0m[32mPassed[0m[1m
       Setting up : Copying '/src/trafficserver/tests/gold_tests/autest-site/../../tools/proxy-verifier/ssl/client.pem' to '/tmp/sandbox/cache-control/pragma-client/client.pem' - [0m[32mPassed[0m[1m
       Setting up : Copying '/src/trafficserver/tests/gold_tests/autest-site/../../tools/proxy-verifier/ssl/ca.pem' to '/tmp/sandbox/cache-control/pragma-client/ca.pem' - [0m[32mPassed[0m[1m
       Test : Checking that ReturnCode == 0 - [0m[32mPassed[0m[1m
          Reason: Returned Value: 0 == 0
       file /tmp/sandbox/cache-control/_output/6-tr-Default/stream.stdout.txt : There should be no Proxy Verifier violation errors. - [0m[32mPassed[0m[1m
          Reason: Contents of /tmp/sandbox/cache-control/_output/6-tr-Default/stream.stdout.txt excludes expression
   Run: Verify the proper handling of cache-control directives in requests in default configuration: [0m[32mPassed[0m[1m
     Process: Default: [0m[32mPassed[0m[1m
       Setting up : Copying '/src/trafficserver/tests/proxy-verifier/unpack/v2.6.0/bin' to '/tmp/sandbox/cache-control/request-cache-control-default-client/bin' - [0m[32mPassed[0m[1m
       Setting up : Copying 'replay/request-cache-control-default.replay.yaml' to '/tmp/sandbox/cache-control/request-cache-control-default-client/request-cache-control-default.replay.yaml' - [0m[32mPassed[0m[1m
       Setting up : Copying '/src/trafficserver/tests/gold_tests/autest-site/../../tools/proxy-verifier/ssl/client.pem' to '/tmp/sandbox/cache-control/request-cache-control-default-client/client.pem' - [0m[32mPassed[0m[1m
       Setting up : Copying '/src/trafficserver/tests/gold_tests/autest-site/../../tools/proxy-verifier/ssl/ca.pem' to '/tmp/sandbox/cache-control/request-cache-control-default-client/ca.pem' - [0m[32mPassed[0m[1m
       Test : Checking that ReturnCode == 0 - [0m[32mPassed[0m[1m
          Reason: Returned Value: 0 == 0
       file /tmp/sandbox/cache-control/_output/7-tr-Default/stream.stdout.txt : There should be no Proxy Verifier violation errors. - [0m[32mPassed[0m[1m
          Reason: Contents of /tmp/sandbox/cache-control/_output/7-tr-Default/stream.stdout.txt excludes expression
   Run: Verify the proper handling of cache-control directives in requests when ATS is configured to honor client's request to bypass the cache: [0m[32mPassed[0m[1m
     Process: Default: [0m[32mPassed[0m[1m
       Setting up : Copying '/src/trafficserver/tests/proxy-verifier/unpack/v2.6.0/bin' to '/tmp/sandbox/cache-control/request-cache-control-honor-client-client/bin' - [0m[32mPassed[0m[1m
       Setting up : Copying 'replay/request-cache-control-honor-client.replay.yaml' to '/tmp/sandbox/cache-control/request-cache-control-honor-client-client/request-cache-control-honor-client.replay.yaml' - [0m[32mPassed[0m[1m
       Setting up : Copying '/src/trafficserver/tests/gold_tests/autest-site/../../tools/proxy-verifier/ssl/client.pem' to '/tmp/sandbox/cache-control/request-cache-control-honor-client-client/client.pem' - [0m[32mPassed[0m[1m
       Setting up : Copying '/src/trafficserver/tests/gold_tests/autest-site/../../tools/proxy-verifier/ssl/ca.pem' to '/tmp/sandbox/cache-control/request-cache-control-honor-client-client/ca.pem' - [0m[32mPassed[0m[1m
       Test : Checking that ReturnCode == 0 - [0m[32mPassed[0m[1m
          Reason: Returned Value: 0 == 0
       file /tmp/sandbox/cache-control/_output/8-tr-Default/stream.stdout.txt : There should be no Proxy Verifier violation errors. - [0m[32mPassed[0m[1m
          Reason: Contents of /tmp/sandbox/cache-control/_output/8-tr-Default/stream.stdout.txt excludes expression
   Run: Verify the proper handling of cache-control directives in responses in default configuration: [0m[32mPassed[0m[1m
     Process: Default: [0m[32mPassed[0m[1m
       Setting up : Copying '/src/trafficserver/tests/proxy-verifier/unpack/v2.6.0/bin' to '/tmp/sandbox/cache-control/response-cache-control-client-default/bin' - [0m[32mPassed[0m[1m
       Setting up : Copying 'replay/response-cache-control-default.replay.yaml' to '/tmp/sandbox/cache-control/response-cache-control-client-default/response-cache-control-default.replay.yaml' - [0m[32mPassed[0m[1m
       Setting up : Copying '/src/trafficserver/tests/gold_tests/autest-site/../../tools/proxy-verifier/ssl/client.pem' to '/tmp/sandbox/cache-control/response-cache-control-client-default/client.pem' - [0m[32mPassed[0m[1m
       Setting up : Copying '/src/trafficserver/tests/gold_tests/autest-site/../../tools/proxy-verifier/ssl/ca.pem' to '/tmp/sandbox/cache-control/response-cache-control-client-default/ca.pem' - [0m[32mPassed[0m[1m
       Test : Checking that ReturnCode == 0 - [0m[32mPassed[0m[1m
          Reason: Returned Value: 0 == 0
       file /tmp/sandbox/cache-control/_output/9-tr-Default/stream.stdout.txt : There should be no Proxy Verifier violation errors. - [0m[32mPassed[0m[1m
          Reason: Contents of /tmp/sandbox/cache-control/_output/9-tr-Default/stream.stdout.txt excludes expression
   Run: Verify the proper handling of cache-control directives in responses when ATS is configured to ignore server's request to bypass the cache: [0m[32mPassed[0m[1m
     Process: Default: [0m[32mPassed[0m[1m
       Setting up : Copying '/src/trafficserver/tests/proxy-verifier/unpack/v2.6.0/bin' to '/tmp/sandbox/cache-control/response-cache-control-client-ignored/bin' - [0m[32mPassed[0m[1m
       Setting up : Copying 'replay/response-cache-control-ignored.replay.yaml' to '/tmp/sandbox/cache-control/response-cache-control-client-ignored/response-cache-control-ignored.replay.yaml' - [0m[32mPassed[0m[1m
       Setting up : Copying '/src/trafficserver/tests/gold_tests/autest-site/../../tools/proxy-verifier/ssl/client.pem' to '/tmp/sandbox/cache-control/response-cache-control-client-ignored/client.pem' - [0m[32mPassed[0m[1m
       Setting up : Copying '/src/trafficserver/tests/gold_tests/autest-site/../../tools/proxy-verifier/ssl/ca.pem' to '/tmp/sandbox/cache-control/response-cache-control-client-ignored/ca.pem' - [0m[32mPassed[0m[1m
       Test : Checking that ReturnCode == 0 - [0m[32mPassed[0m[1m
          Reason: Returned Value: 0 == 0
       file /tmp/sandbox/cache-control/_output/10-tr-Default/stream.stdout.txt : There should be no Proxy Verifier violation errors. - [0m[32mPassed[0m[1m
          Reason: Contents of /tmp/sandbox/cache-control/_output/10-tr-Default/stream.stdout.txt excludes expression

[0m[1m Test: certifier: [0m[31mException[0m[1m
    File: certifier.test.py
    Directory: /src/trafficserver/tests/gold_tests/pluginTest/certifier
   Setting up : Copying '/src/trafficserver/tests/gold_tests/pluginTest/certifier/certs' to '/tmp/sandbox/certifier/ts1/config/certifier-certs' - [0m[32mPassed[0m[1m
   Setting up : On /tmp/sandbox/certifier/ts1/config/certifier-certs/ca-serial.txt with uid: nobody gid: nobody - [0m[31mException[0m[1m
      Reason: Traceback (most recent call last):
         File "/root/.local/share/virtualenvs/tests-L5-scKRl/lib/python3.8/site-packages/autest/core/setup.py", line 22, in dosetup
           item.setup()
         File "/root/.local/share/virtualenvs/tests-L5-scKRl/lib/python3.8/site-packages/autest/setupitems/chown.py", line 17, in setup
           self.Chown(self.path, self.uid, self.gid)
         File "/root/.local/share/virtualenvs/tests-L5-scKRl/lib/python3.8/site-packages/autest/core/setupitem.py", line 209, in Chown
           gid = grp.getgrnam(gid).gr_gid
       KeyError: "getgrnam(): name not found: 'nobody'"
   Setting up : Making Directory /tmp/sandbox/certifier/ts1/config/certifier-certs/store - [0m[32mPassed[0m[1m
   Setting up : Copying '/src/trafficserver/tests/gold_tests/pluginTest/certifier/certs' to '/tmp/sandbox/certifier/ts2/config/certifier-certs' - [0m[32mPassed[0m[1m
   Setting up : On /tmp/sandbox/certifier/ts2/config/certifier-certs/ca-serial.txt with uid: nobody gid: nobody - [0m[31mException[0m[1m
      Reason: Traceback (most recent call last):
         File "/root/.local/share/virtualenvs/tests-L5-scKRl/lib/python3.8/site-packages/autest/core/setup.py", line 22, in dosetup
           item.setup()
         File "/root/.local/share/virtualenvs/tests-L5-scKRl/lib/python3.8/site-packages/autest/setupitems/chown.py", line 17, in setup
           self.Chown(self.path, self.uid, self.gid)
         File "/root/.local/share/virtualenvs/tests-L5-scKRl/lib/python3.8/site-packages/autest/core/setupitem.py", line 209, in Chown
           gid = grp.getgrnam(gid).gr_gid
       KeyError: "getgrnam(): name not found: 'nobody'"
   Setting up : Making Directory /tmp/sandbox/certifier/ts2/config/certifier-certs/store - [0m[32mPassed[0m[1m
   Process: verifier-server1: [0m[32mPassed[0m[1m
   Process: ts1: [0m[32mPassed[0m[1m
   Process: verifier-server2: [0m[32mPassed[0m[1m
   Process: ts2: [0m[32mPassed[0m[1m
   Run: Verify the cert doesn't exist in the store: [0m[1mUnknown[0m[1m
     Process: Default: [0m[1mSkipped[0m[1m
        Reason: Was not started
   Run: Test dynamic generation of certs: [0m[32mPassed[0m[1m
     Process: Default: [0m[32mPassed[0m[1m
   Run: Verify the content of the generated cert: [0m[1mUnknown[0m[1m
     Process: Default: [0m[1mSkipped[0m[1m
        Reason: Was not started
   Run: Test dynamic generation of certs: [0m[32mPassed[0m[1m
     Process: Default: [0m[32mPassed[0m[1m

[0m[1m Test: cert_update: [0m[31mFailed[0m[1m
    File: cert_update.test.py
    Directory: /src/trafficserver/tests/gold_tests/pluginTest/cert_update
   Starting Test cert_update : No issues found - [0m[32mPassed[0m[1m
      Reason: Started!
   Process: server: [0m[32mPassed[0m[1m
     Setting up : recycling port: 61268, queue size: 993 - [0m[32mPassed[0m[1m
     Setting up : Making Directory /tmp/sandbox/cert_update/server - [0m[32mPassed[0m[1m
     Test : Checking that any test passes - [0m[32mPassed[0m[1m
        Reason: One or more tests passed
     
       Test : Checking that ReturnCode == None - [0m[31mFailed[0m[1m
          Reason: Returned Value 0 != None
       
     
       Test : Checking that ReturnCode == 0 - [0m[32mPassed[0m[1m
          Reason: Returned Value: 0 == 0
       
     Time-Out : Process finishes within expected time - [0m[32mPassed[0m[1m
        Reason: Returned value: 2.547480821609497 < 600.0
   Process: ts: [0m[32mPassed[0m[1m
     Setting up : Making Directory /tmp/sandbox/cert_update/ts - [0m[32mPassed[0m[1m
     Setting up : Copying '/usr/bin' to '/tmp/sandbox/cert_update/ts/bin' - [0m[32mPassed[0m[1m
     Setting up : Making Directory /tmp/sandbox/cert_update/ts/config - [0m[32mPassed[0m[1m
     Setting up : On /tmp/sandbox/cert_update/ts/config with uid: nobody gid: nobody - [0m[32mPassed[0m[1m
     Setting up : On /tmp/sandbox/cert_update/ts/config with uid: nobody gid: nogroup - [0m[32mPassed[0m[1m
     Setting up : Copying '/src/trafficserver/tests/gold_tests/autest-site/min_cfg/storage.config' to directory '/tmp/sandbox/cert_update/ts/config' as 'storage.config'' - [0m[32mPassed[0m[1m
     Setting up : Copying '/src/trafficserver/tests/gold_tests/autest-site/min_cfg/ip_allow.yaml' to directory '/tmp/sandbox/cert_update/ts/config' as 'ip_allow.yaml'' - [0m[32mPassed[0m[1m
     Setting up : Copying '/src/trafficserver/tests/gold_tests/autest-site/min_cfg/readme.txt' to directory '/tmp/sandbox/cert_update/ts/config' as 'readme.txt'' - [0m[32mPassed[0m[1m
     Setting up : Copying '/usr/etc/trafficserver/body_factory' to '/tmp/sandbox/cert_update/ts/config/body_factory' - [0m[32mPassed[0m[1m
     Setting up : Making Directory /tmp/sandbox/cert_update/ts/cache - [0m[32mPassed[0m[1m
     Setting up : Copying '/usr/libexec/trafficserver' to '/tmp/sandbox/cert_update/ts/plugin' - [0m[32mPassed[0m[1m
     Setting up : Making Directory /tmp/sandbox/cert_update/ts/log - [0m[32mPassed[0m[1m
     Setting up : On /tmp/sandbox/cert_update/ts/log with uid: nobody gid: nobody - [0m[32mPassed[0m[1m
     Setting up : On /tmp/sandbox/cert_update/ts/log with uid: nobody gid: nogroup - [0m[32mPassed[0m[1m
     Setting up : Making Directory /tmp/sandbox/cert_update/ts/runtime - [0m[32mPassed[0m[1m
     Setting up : On /tmp/sandbox/cert_update/ts/runtime with uid: nobody gid: nobody - [0m[32mPassed[0m[1m
     Setting up : On /tmp/sandbox/cert_update/ts/runtime with uid: nobody gid: nogroup - [0m[32mPassed[0m[1m
     Setting up : Making Directory /tmp/sandbox/cert_update/ts/ssl - [0m[32mPassed[0m[1m
     Setting up : On /tmp/sandbox/cert_update/ts/ssl with uid: nobody gid: nobody - [0m[32mPassed[0m[1m
     Setting up : On /tmp/sandbox/cert_update/ts/ssl with uid: nobody gid: nogroup - [0m[32mPassed[0m[1m
     Setting up : Making Directory /tmp/sandbox/cert_update/ts/storage - [0m[32mPassed[0m[1m
     Setting up : On /tmp/sandbox/cert_update/ts/storage with uid: nobody gid: nobody - [0m[32mPassed[0m[1m
     Setting up : On /tmp/sandbox/cert_update/ts/storage with uid: nobody gid: nogroup - [0m[32mPassed[0m[1m
     Setting up : recycling port: 61269, queue size: 992 - [0m[32mPassed[0m[1m
     Setting up : recycling port: 61270, queue size: 991 - [0m[32mPassed[0m[1m
     Setting up : recycling port: 61271, queue size: 990 - [0m[32mPassed[0m[1m
     Setting up : recycling port: 61272, queue size: 989 - [0m[32mPassed[0m[1m
     Setting up : recycling port: 61273, queue size: 988 - [0m[32mPassed[0m[1m
     Setting up : recycling port: 61274, queue size: 987 - [0m[32mPassed[0m[1m
     Setting up : Copying 'ssl/server1.pem' to directory '/tmp/sandbox/cert_update/ts/ssl' as 'server1.pem'' - [0m[32mPassed[0m[1m
     Setting up : Copying 'ssl/server2.pem' to directory '/tmp/sandbox/cert_update/ts/ssl' as 'server2.pem'' - [0m[32mPassed[0m[1m
     Setting up : Copying 'ssl/client1.pem' to directory '/tmp/sandbox/cert_update/ts/ssl' as 'client1.pem'' - [0m[32mPassed[0m[1m
     Setting up : Copying 'ssl/client2.pem' to directory '/tmp/sandbox/cert_update/ts/ssl' as 'client2.pem'' - [0m[32mPassed[0m[1m
     Setting up : recycling port: 61275, queue size: 986 - [0m[32mPassed[0m[1m
     Test : Checking that ReturnCode == 0 - [0m[32mPassed[0m[1m
        Reason: Returned Value: 0 == 0
     Time-Out : Process finishes within expected time - [0m[32mPassed[0m[1m
        Reason: Returned value: 1.6684083938598633 < 600.0
     file /tmp/sandbox/cert_update/ts/log/diags.log : Diags log file diags.log should not contain errors - [0m[32mPassed[0m[1m
        Reason: Contents of /tmp/sandbox/cert_update/ts/log/diags.log excludes expression
     file /tmp/sandbox/cert_update/ts/log/diags.log : Diags log file diags.log should not contain errors - [0m[32mPassed[0m[1m
        Reason: Contents of /tmp/sandbox/cert_update/ts/log/diags.log excludes expression
     file /tmp/sandbox/cert_update/ts/log/diags.log : Diags log file diags.log should not contain a warning about an unrecognized configuration - [0m[32mPassed[0m[1m
        Reason: Contents of /tmp/sandbox/cert_update/ts/log/diags.log excludes expression
     file /tmp/sandbox/cert_update/ts/log/traffic.out : Checking that /tmp/sandbox/cert_update/ts/log/traffic.out matches gold/update.gold - [0m[32mPassed[0m[1m
        Reason: Values match
     Appending File /tmp/sandbox/cert_update/ts/config/records.yaml : Writing config file records.yaml - [0m[32mPassed[0m[1m
        Reason: Success
     Appending File /tmp/sandbox/cert_update/ts/config/runroot.yaml : Appended file /tmp/sandbox/cert_update/ts/config/runroot.yaml - [0m[32mPassed[0m[1m
        Reason: Success
     Appending File /tmp/sandbox/cert_update/ts/config/ssl_multicert.config : Appended file /tmp/sandbox/cert_update/ts/config/ssl_multicert.config - [0m[32mPassed[0m[1m
        Reason: Success
     Appending File /tmp/sandbox/cert_update/ts/config/remap.config : Appended file /tmp/sandbox/cert_update/ts/config/remap.config - [0m[32mPassed[0m[1m
        Reason: Success
     Appending File /tmp/sandbox/cert_update/ts/config/sni.yaml : Appended file /tmp/sandbox/cert_update/ts/config/sni.yaml - [0m[32mPassed[0m[1m
        Reason: Success
     Appending File /tmp/sandbox/cert_update/ts/config/plugin.config : Appended file /tmp/sandbox/cert_update/ts/config/plugin.config - [0m[32mPassed[0m[1m
        Reason: Success
   Run: Server-Cert-Pre: [0m[32mPassed[0m[1m
     Process: Default: [0m[32mPassed[0m[1m
       Test : Checking that ReturnCode == 0 - [0m[32mPassed[0m[1m
          Reason: Returned Value: 0 == 0
       file /tmp/sandbox/cert_update/_output/0-tr-Default/stream.stderr.txt : Checking that /tmp/sandbox/cert_update/_output/0-tr-Default/stream.stderr.txt matches gold/server-cert-pre.gold - [0m[32mPassed[0m[1m
          Reason: Values match
   Run: Server-Cert-Update: [0m[32mPassed[0m[1m
     Process: Default: [0m[1mSkipped[0m[1m
        Reason: Was not started
   Run: Server-Cert-After: [0m[31mFailed[0m[1m
     Starting TestRun 2-tr : No Issues found - [0m[32mPassed[0m[1m
        Reason: Started!
     Process: Default: [0m[31mFailed[0m[1m
       Test : Checking that ReturnCode == 0 - [0m[31mFailed[0m[1m
          Reason: Returned Value 35 != 0
       file /tmp/sandbox/cert_update/_output/2-tr-Default/stream.stderr.txt : Checking that /tmp/sandbox/cert_update/_output/2-tr-Default/stream.stderr.txt matches gold/server-cert-after.gold - [0m[31mFailed[0m[1m
          Reason: File differences
           Gold File : /src/trafficserver/tests/gold_tests/pluginTest/cert_update/gold/server-cert-after.gold
           Data File : /tmp/sandbox/cert_update/_output/2-tr-Default/stream.stderr.txt
           - ``bob@bar.com:61271:127.0.0.1 to DNS cache
           ? ^^^^^^
           
           + * Added bar.com:61271:127.0.0.1 to DNS cache
           ? ^^^^^^^^
           
             * Rebuilt URL to: https://bar.com:61271/
             * Hostname bar.com was found in DNS cache
             *   Trying 127.0.0.1...
             * TCP_NODELAY set
               % Total    % Received % Xferd  Average Speed   Time    Time     Time  Current
                                              Dload  Upload   Total   Spent    Left  Speed
             
               0     0    0     0    0     0      0      0 --:--:-- --:--:-- --:--:--     0* Connected to bar.com (127.0.0.1) port 61271 (#0)
             * ALPN, offering h2
             * ALPN, offering http/1.1
             * successfully set certificate verify locations:
             *   CAfile: /etc/ssl/certs/ca-certificates.crt
               CApath: /etc/ssl/certs
             } [5 bytes data]
             * TLSv1.3 (OUT), TLS handshake, Client hello (1):
             } [512 bytes data]
             * TLSv1.3 (IN), TLS alert, Server hello (2):
             { [2 bytes data]
             * error:14094410:SSL routines:ssl3_read_bytes:sslv3 alert handshake failure
             * stopped the pause stream!
             
               0     0    0     0    0     0      0      0 --:--:-- --:--:-- --:--:--     0
             * Closing connection 0
             curl: (35) error:14094410:SSL routines:ssl3_read_bytes:sslv3 alert handshake failure
   Run: Client-Cert-Pre: [0m[1mSkipped[0m[1m
      Reason: Test run 2-tr failed
   Run: Client-Cert-Update: [0m[1mSkipped[0m[1m
      Reason: Test run 2-tr failed
   Run: Client-Cert-After: [0m[1mSkipped[0m[1m
      Reason: Test run 2-tr failed

[0m[1m Test: bad_http_fmt: [0m[31mFailed[0m[1m
    File: bad_http_fmt.test.py
    Directory: /src/trafficserver/tests/gold_tests/bad_http_fmt
   Setting up : recycling port: 61075, queue size: 989 - [0m[32mPassed[0m[1m
   Starting Test bad_http_fmt : No issues found - [0m[32mPassed[0m[1m
      Reason: Started!
   Process: ts: [0m[32mPassed[0m[1m
     Setting up : Making Directory /tmp/sandbox/bad_http_fmt/ts - [0m[32mPassed[0m[1m
     Setting up : Copying '/usr/bin' to '/tmp/sandbox/bad_http_fmt/ts/bin' - [0m[32mPassed[0m[1m
     Setting up : Making Directory /tmp/sandbox/bad_http_fmt/ts/config - [0m[32mPassed[0m[1m
     Setting up : On /tmp/sandbox/bad_http_fmt/ts/config with uid: nobody gid: nobody - [0m[32mPassed[0m[1m
     Setting up : On /tmp/sandbox/bad_http_fmt/ts/config with uid: nobody gid: nogroup - [0m[32mPassed[0m[1m
     Setting up : Copying '/src/trafficserver/tests/gold_tests/autest-site/min_cfg/storage.config' to directory '/tmp/sandbox/bad_http_fmt/ts/config' as 'storage.config'' - [0m[32mPassed[0m[1m
     Setting up : Copying '/src/trafficserver/tests/gold_tests/autest-site/min_cfg/ip_allow.yaml' to directory '/tmp/sandbox/bad_http_fmt/ts/config' as 'ip_allow.yaml'' - [0m[32mPassed[0m[1m
     Setting up : Copying '/src/trafficserver/tests/gold_tests/autest-site/min_cfg/readme.txt' to directory '/tmp/sandbox/bad_http_fmt/ts/config' as 'readme.txt'' - [0m[32mPassed[0m[1m
     Setting up : Copying '/usr/etc/trafficserver/body_factory' to '/tmp/sandbox/bad_http_fmt/ts/config/body_factory' - [0m[32mPassed[0m[1m
     Setting up : Making Directory /tmp/sandbox/bad_http_fmt/ts/cache - [0m[32mPassed[0m[1m
     Setting up : Copying '/usr/libexec/trafficserver' to '/tmp/sandbox/bad_http_fmt/ts/plugin' - [0m[32mPassed[0m[1m
     Setting up : Making Directory /tmp/sandbox/bad_http_fmt/ts/log - [0m[32mPassed[0m[1m
     Setting up : On /tmp/sandbox/bad_http_fmt/ts/log with uid: nobody gid: nobody - [0m[32mPassed[0m[1m
     Setting up : On /tmp/sandbox/bad_http_fmt/ts/log with uid: nobody gid: nogroup - [0m[32mPassed[0m[1m
     Setting up : Making Directory /tmp/sandbox/bad_http_fmt/ts/runtime - [0m[32mPassed[0m[1m
     Setting up : On /tmp/sandbox/bad_http_fmt/ts/runtime with uid: nobody gid: nobody - [0m[32mPassed[0m[1m
     Setting up : On /tmp/sandbox/bad_http_fmt/ts/runtime with uid: nobody gid: nogroup - [0m[32mPassed[0m[1m
     Setting up : Making Directory /tmp/sandbox/bad_http_fmt/ts/ssl - [0m[32mPassed[0m[1m
     Setting up : On /tmp/sandbox/bad_http_fmt/ts/ssl with uid: nobody gid: nobody - [0m[32mPassed[0m[1m
     Setting up : On /tmp/sandbox/bad_http_fmt/ts/ssl with uid: nobody gid: nogroup - [0m[32mPassed[0m[1m
     Setting up : Making Directory /tmp/sandbox/bad_http_fmt/ts/storage - [0m[32mPassed[0m[1m
     Setting up : On /tmp/sandbox/bad_http_fmt/ts/storage with uid: nobody gid: nobody - [0m[32mPassed[0m[1m
     Setting up : On /tmp/sandbox/bad_http_fmt/ts/storage with uid: nobody gid: nogroup - [0m[32mPassed[0m[1m
     Setting up : recycling port: 61071, queue size: 993 - [0m[32mPassed[0m[1m
     Setting up : recycling port: 61072, queue size: 992 - [0m[32mPassed[0m[1m
     Setting up : recycling port: 61073, queue size: 991 - [0m[32mPassed[0m[1m
     Setting up : recycling port: 61074, queue size: 990 - [0m[32mPassed[0m[1m
     Test : Checking that ReturnCode == 0 - [0m[32mPassed[0m[1m
        Reason: Returned Value: 0 == 0
     Time-Out : Process finishes within expected time - [0m[32mPassed[0m[1m
        Reason: Returned value: 1.147749423980713 < 600.0
     file /tmp/sandbox/bad_http_fmt/ts/log/diags.log : Diags log file diags.log should not contain errors - [0m[32mPassed[0m[1m
        Reason: Contents of /tmp/sandbox/bad_http_fmt/ts/log/diags.log excludes expression
     file /tmp/sandbox/bad_http_fmt/ts/log/diags.log : Diags log file diags.log should not contain errors - [0m[32mPassed[0m[1m
        Reason: Contents of /tmp/sandbox/bad_http_fmt/ts/log/diags.log excludes expression
     file /tmp/sandbox/bad_http_fmt/ts/log/diags.log : Diags log file diags.log should not contain a warning about an unrecognized configuration - [0m[32mPassed[0m[1m
        Reason: Contents of /tmp/sandbox/bad_http_fmt/ts/log/diags.log excludes expression
     Appending File /tmp/sandbox/bad_http_fmt/ts/config/records.yaml : Writing config file records.yaml - [0m[32mPassed[0m[1m
        Reason: Success
     Appending File /tmp/sandbox/bad_http_fmt/ts/config/runroot.yaml : Appended file /tmp/sandbox/bad_http_fmt/ts/config/runroot.yaml - [0m[32mPassed[0m[1m
        Reason: Success
     Appending File /tmp/sandbox/bad_http_fmt/ts/config/ip_allow.yaml : Appended file /tmp/sandbox/bad_http_fmt/ts/config/ip_allow.yaml - [0m[32mPassed[0m[1m
        Reason: Success
   Run: 0-tr: [0m[32mPassed[0m[1m
     Process: Default: [0m[32mPassed[0m[1m
       Test : Checking that ReturnCode == 0 - [0m[32mPassed[0m[1m
          Reason: Returned Value: 0 == 0
   Run: 1-tr: [0m[32mPassed[0m[1m
     Process: Default: [0m[32mPassed[0m[1m
       Test : Checking that ReturnCode == 0 - [0m[32mPassed[0m[1m
          Reason: Returned Value: 0 == 0
   Run: 2-tr: [0m[32mPassed[0m[1m
     Process: Default: [0m[32mPassed[0m[1m
       Test : Checking that ReturnCode == 0 - [0m[32mPassed[0m[1m
          Reason: Returned Value: 0 == 0
   Run: 3-tr: [0m[32mPassed[0m[1m
     Process: Default: [0m[32mPassed[0m[1m
       Test : Checking that ReturnCode == 0 - [0m[32mPassed[0m[1m
          Reason: Returned Value: 0 == 0
   Run: 4-tr: [0m[32mPassed[0m[1m
     Process: Default: [0m[32mPassed[0m[1m
       Test : Checking that ReturnCode == 0 - [0m[32mPassed[0m[1m
          Reason: Returned Value: 0 == 0
   Run: 5-tr: [0m[32mPassed[0m[1m
     Process: Default: [0m[32mPassed[0m[1m
       Test : Checking that ReturnCode == 0 - [0m[32mPassed[0m[1m
          Reason: Returned Value: 0 == 0
   Run: 6-tr: [0m[32mPassed[0m[1m
     Process: Default: [0m[32mPassed[0m[1m
       Test : Checking that ReturnCode == 0 - [0m[32mPassed[0m[1m
          Reason: Returned Value: 0 == 0
   Run: 7-tr: [0m[32mPassed[0m[1m
     Process: Default: [0m[32mPassed[0m[1m
       Test : Checking that ReturnCode == 0 - [0m[32mPassed[0m[1m
          Reason: Returned Value: 0 == 0
   Run: 8-tr: [0m[32mPassed[0m[1m
     Process: Default: [0m[32mPassed[0m[1m
       Test : Checking that ReturnCode == 0 - [0m[32mPassed[0m[1m
          Reason: Returned Value: 0 == 0
   Run: 9-tr: [0m[31mFailed[0m[1m
     Starting TestRun 9-tr : No Issues found - [0m[32mPassed[0m[1m
        Reason: Started!
     Process: Default: [0m[31mFailed[0m[1m
       Test : Checking that ReturnCode == 0 - [0m[32mPassed[0m[1m
          Reason: Returned Value: 0 == 0
       file /tmp/sandbox/bad_http_fmt/_output/9-tr-Default/stream.stdout.txt : Checking that /tmp/sandbox/bad_http_fmt/_output/9-tr-Default/stream.stdout.txt matches client.gold - [0m[31mFailed[0m[1m
          Reason: File differences
           Gold File : /src/trafficserver/tests/gold_tests/bad_http_fmt/client.gold
           Data File : /tmp/sandbox/bad_http_fmt/_output/9-tr-Default/stream.stdout.txt
           - HTTP/1.0 200 OK
           - X-Resp-Id: 1
             ======
           - HTTP/1.1 200 OK
           - X-Resp-Id: 2
             ======
           - HTTP/1.0 400 Invalid HTTP Request
           - <HTML>
             ======
           - HTTP/1.1 505 Unsupported HTTP Version
           - <HTML>
             ======
           - <HTML>
             ======
           - <HTML>
             ======
           - HTTP/1.1 200 OK
           - X-Resp-Id: 3
             ======
           - HTTP/1.1 200 OK
           - X-Resp-Id: 4
             ======
           - HTTP/1.1 403 Access Denied
           - <HTML>
             ======
   Run: 10-tr: [0m[1mSkipped[0m[1m
      Reason: Test run 9-tr failed

[0m[1m Test: cache_and_req_body: [0m[31mFailed[0m[1m
    File: cache_and_req_body.test.py
    Directory: /src/trafficserver/tests/gold_tests/headers
   Starting Test cache_and_req_body : No issues found - [0m[32mPassed[0m[1m
      Reason: Started!
   Process: ts: [0m[32mPassed[0m[1m
     Setting up : Making Directory /tmp/sandbox/cache_and_req_body/ts - [0m[32mPassed[0m[1m
     Setting up : Copying '/usr/bin' to '/tmp/sandbox/cache_and_req_body/ts/bin' - [0m[32mPassed[0m[1m
     Setting up : Making Directory /tmp/sandbox/cache_and_req_body/ts/config - [0m[32mPassed[0m[1m
     Setting up : On /tmp/sandbox/cache_and_req_body/ts/config with uid: nobody gid: nobody - [0m[32mPassed[0m[1m
     Setting up : On /tmp/sandbox/cache_and_req_body/ts/config with uid: nobody gid: nogroup - [0m[32mPassed[0m[1m
     Setting up : Copying '/src/trafficserver/tests/gold_tests/autest-site/min_cfg/storage.config' to directory '/tmp/sandbox/cache_and_req_body/ts/config' as 'storage.config'' - [0m[32mPassed[0m[1m
     Setting up : Copying '/src/trafficserver/tests/gold_tests/autest-site/min_cfg/ip_allow.yaml' to directory '/tmp/sandbox/cache_and_req_body/ts/config' as 'ip_allow.yaml'' - [0m[32mPassed[0m[1m
     Setting up : Copying '/src/trafficserver/tests/gold_tests/autest-site/min_cfg/readme.txt' to directory '/tmp/sandbox/cache_and_req_body/ts/config' as 'readme.txt'' - [0m[32mPassed[0m[1m
     Setting up : Copying '/usr/etc/trafficserver/body_factory' to '/tmp/sandbox/cache_and_req_body/ts/config/body_factory' - [0m[32mPassed[0m[1m
     Setting up : Making Directory /tmp/sandbox/cache_and_req_body/ts/cache - [0m[32mPassed[0m[1m
     Setting up : Copying '/usr/libexec/trafficserver' to '/tmp/sandbox/cache_and_req_body/ts/plugin' - [0m[32mPassed[0m[1m
     Setting up : Making Directory /tmp/sandbox/cache_and_req_body/ts/log - [0m[32mPassed[0m[1m
     Setting up : On /tmp/sandbox/cache_and_req_body/ts/log with uid: nobody gid: nobody - [0m[32mPassed[0m[1m
     Setting up : On /tmp/sandbox/cache_and_req_body/ts/log with uid: nobody gid: nogroup - [0m[32mPassed[0m[1m
     Setting up : Making Directory /tmp/sandbox/cache_and_req_body/ts/runtime - [0m[32mPassed[0m[1m
     Setting up : On /tmp/sandbox/cache_and_req_body/ts/runtime with uid: nobody gid: nobody - [0m[32mPassed[0m[1m
     Setting up : On /tmp/sandbox/cache_and_req_body/ts/runtime with uid: nobody gid: nogroup - [0m[32mPassed[0m[1m
     Setting up : Making Directory /tmp/sandbox/cache_and_req_body/ts/ssl - [0m[32mPassed[0m[1m
     Setting up : On /tmp/sandbox/cache_and_req_body/ts/ssl with uid: nobody gid: nobody - [0m[32mPassed[0m[1m
     Setting up : On /tmp/sandbox/cache_and_req_body/ts/ssl with uid: nobody gid: nogroup - [0m[32mPassed[0m[1m
     Setting up : Making Directory /tmp/sandbox/cache_and_req_body/ts/storage - [0m[32mPassed[0m[1m
     Setting up : On /tmp/sandbox/cache_and_req_body/ts/storage with uid: nobody gid: nobody - [0m[32mPassed[0m[1m
     Setting up : On /tmp/sandbox/cache_and_req_body/ts/storage with uid: nobody gid: nogroup - [0m[32mPassed[0m[1m
     Setting up : recycling port: 61231, queue size: 993 - [0m[32mPassed[0m[1m
     Setting up : recycling port: 61232, queue size: 992 - [0m[32mPassed[0m[1m
     Setting up : recycling port: 61233, queue size: 991 - [0m[32mPassed[0m[1m
     Setting up : recycling port: 61234, queue size: 990 - [0m[32mPassed[0m[1m
     Test : Checking that ReturnCode == 0 - [0m[32mPassed[0m[1m
        Reason: Returned Value: 0 == 0
     Time-Out : Process finishes within expected time - [0m[32mPassed[0m[1m
        Reason: Returned value: 1.5170769691467285 < 600.0
     file /tmp/sandbox/cache_and_req_body/ts/log/diags.log : Diags log file diags.log should not contain errors - [0m[32mPassed[0m[1m
        Reason: Contents of /tmp/sandbox/cache_and_req_body/ts/log/diags.log excludes expression
     file /tmp/sandbox/cache_and_req_body/ts/log/diags.log : Diags log file diags.log should not contain errors - [0m[32mPassed[0m[1m
        Reason: Contents of /tmp/sandbox/cache_and_req_body/ts/log/diags.log excludes expression
     file /tmp/sandbox/cache_and_req_body/ts/log/diags.log : Diags log file diags.log should not contain a warning about an unrecognized configuration - [0m[32mPassed[0m[1m
        Reason: Contents of /tmp/sandbox/cache_and_req_body/ts/log/diags.log excludes expression
     Appending File /tmp/sandbox/cache_and_req_body/ts/config/records.yaml : Writing config file records.yaml - [0m[32mPassed[0m[1m
        Reason: Success
     Appending File /tmp/sandbox/cache_and_req_body/ts/config/runroot.yaml : Appended file /tmp/sandbox/cache_and_req_body/ts/config/runroot.yaml - [0m[32mPassed[0m[1m
        Reason: Success
     Appending File /tmp/sandbox/cache_and_req_body/ts/config/plugin.config : Appended file /tmp/sandbox/cache_and_req_body/ts/config/plugin.config - [0m[32mPassed[0m[1m
        Reason: Success
     Appending File /tmp/sandbox/cache_and_req_body/ts/config/remap.config : Appended file /tmp/sandbox/cache_and_req_body/ts/config/remap.config - [0m[32mPassed[0m[1m
        Reason: Success
   Process: server: [0m[32mPassed[0m[1m
     Setting up : recycling port: 61235, queue size: 989 - [0m[32mPassed[0m[1m
     Setting up : Making Directory /tmp/sandbox/cache_and_req_body/server - [0m[32mPassed[0m[1m
     Test : Checking that any test passes - [0m[32mPassed[0m[1m
        Reason: One or more tests passed
     
       Test : Checking that ReturnCode == None - [0m[31mFailed[0m[1m
          Reason: Returned Value 0 != None
       
     
       Test : Checking that ReturnCode == 0 - [0m[32mPassed[0m[1m
          Reason: Returned Value: 0 == 0
       
     Time-Out : Process finishes within expected time - [0m[32mPassed[0m[1m
        Reason: Returned value: 2.277153968811035 < 600.0
   Run: 0-tr: [0m[32mPassed[0m[1m
     Process: Default: [0m[32mPassed[0m[1m
       Test : Checking that ReturnCode == 0 - [0m[32mPassed[0m[1m
          Reason: Returned Value: 0 == 0
       file /tmp/sandbox/cache_and_req_body/_output/0-tr-Default/stream.stdout.txt : Checking that all 10 headers exist and have matching values: Connection, Via, Server, X-Cache-Key, X-Cache, Last-Modified, cache-control, Content-Length, Date, Age - [0m[32mPassed[0m[1m
          Reason: Curl headers and values match
   Run: 1-tr: [0m[31mFailed[0m[1m
     Test : Checking that True == _isRunningAfter - [0m[32mPassed[0m[1m
        Reason: Returned Value: True == _isRunningAfter
     Starting TestRun 1-tr : No Issues found - [0m[32mPassed[0m[1m
        Reason: Started!
     Process: Default: [0m[31mFailed[0m[1m
       Test : Checking that ReturnCode == 0 - [0m[31mFailed[0m[1m
          Reason: Returned Value 127 != 0
       file /tmp/sandbox/cache_and_req_body/_output/1-tr-Default/stream.stdout.txt : Checking that all 10 headers exist and have matching values: Last-Modified, cache-control, Content-Length, Date, Age, Connection, Via, Server, X-Cache, HTTP/1.1 200 OK - [0m[31mFailed[0m[1m
          Reason: Nonexistent field: last-modified
           --------------------------------------------------------------------------------
           Nonexistent field: cache-control
           --------------------------------------------------------------------------------
           Nonexistent field: content-length
           --------------------------------------------------------------------------------
           Nonexistent field: date
           --------------------------------------------------------------------------------
           Nonexistent field: age
           --------------------------------------------------------------------------------
           Nonexistent field: connection
           --------------------------------------------------------------------------------
           Nonexistent field: via
           --------------------------------------------------------------------------------
           Nonexistent field: server
           --------------------------------------------------------------------------------
           Nonexistent field: x-cache
           --------------------------------------------------------------------------------
           Nonexistent field: http/1.1 200 ok
           --------------------------------------------------------------------------------
   Run: 2-tr: [0m[31mFailed[0m[1m
     Test : Checking that True == _isRunningAfter - [0m[32mPassed[0m[1m
        Reason: Returned Value: True == _isRunningAfter
     Starting TestRun 2-tr : No Issues found - [0m[32mPassed[0m[1m
        Reason: Started!
     Process: Default: [0m[31mFailed[0m[1m
       Test : Checking that ReturnCode == 0 - [0m[31mFailed[0m[1m
          Reason: Returned Value 127 != 0
       file /tmp/sandbox/cache_and_req_body/_output/2-tr-Default/stream.stdout.txt : Checking that all 10 headers exist and have matching values: Last-Modified, cache-control, Content-Length, Date, Age, Connection, Via, Server, X-Cache, HTTP/1.1 200 OK - [0m[31mFailed[0m[1m
          Reason: Nonexistent field: last-modified
           --------------------------------------------------------------------------------
           Nonexistent field: cache-control
           --------------------------------------------------------------------------------
           Nonexistent field: content-length
           --------------------------------------------------------------------------------
           Nonexistent field: date
           --------------------------------------------------------------------------------
           Nonexistent field: age
           --------------------------------------------------------------------------------
           Nonexistent field: connection
           --------------------------------------------------------------------------------
           Nonexistent field: via
           --------------------------------------------------------------------------------
           Nonexistent field: server
           --------------------------------------------------------------------------------
           Nonexistent field: x-cache
           --------------------------------------------------------------------------------
           Nonexistent field: http/1.1 200 ok
           --------------------------------------------------------------------------------
   Run: 3-tr: [0m[31mFailed[0m[1m
     Test : Checking that True == _isRunningAfter - [0m[32mPassed[0m[1m
        Reason: Returned Value: True == _isRunningAfter
     Starting TestRun 3-tr : No Issues found - [0m[32mPassed[0m[1m
        Reason: Started!
     Process: Default: [0m[31mFailed[0m[1m
       Test : Checking that ReturnCode == 0 - [0m[31mFailed[0m[1m
          Reason: Returned Value 127 != 0
       file /tmp/sandbox/cache_and_req_body/_output/3-tr-Default/stream.stdout.txt : Checking that all 10 headers exist and have matching values: Last-Modified, cache-control, Content-Length, Date, Age, Connection, Via, Server, X-Cache, HTTP/1.1 200 OK - [0m[31mFailed[0m[1m
          Reason: Nonexistent field: last-modified
           --------------------------------------------------------------------------------
           Nonexistent field: cache-control
           --------------------------------------------------------------------------------
           Nonexistent field: content-length
           --------------------------------------------------------------------------------
           Nonexistent field: date
           --------------------------------------------------------------------------------
           Nonexistent field: age
           --------------------------------------------------------------------------------
           Nonexistent field: connection
           --------------------------------------------------------------------------------
           Nonexistent field: via
           --------------------------------------------------------------------------------
           Nonexistent field: server
           --------------------------------------------------------------------------------
           Nonexistent field: x-cache
           --------------------------------------------------------------------------------
           Nonexistent field: http/1.1 200 ok
           --------------------------------------------------------------------------------

[0m[1m Test: good_request_after_bad: [0m[31mFailed[0m[1m
    File: good_request_after_bad.test.py
    Directory: /src/trafficserver/tests/gold_tests/headers
   file trace_curl.txt : ATS error msg - [0m[32mPassed[0m[1m
      Reason: Contents of /tmp/sandbox/good_request_after_bad/trace_curl.txt contained expression
   file trace_curl.txt : ATS error msg - [0m[32mPassed[0m[1m
      Reason: Contents of /tmp/sandbox/good_request_after_bad/trace_curl.txt contained expression
   Starting Test good_request_after_bad : No issues found - [0m[32mPassed[0m[1m
      Reason: Started!
   Process: ts: [0m[32mPassed[0m[1m
     Setting up : Making Directory /tmp/sandbox/good_request_after_bad/ts - [0m[32mPassed[0m[1m
     Setting up : Copying '/usr/bin' to '/tmp/sandbox/good_request_after_bad/ts/bin' - [0m[32mPassed[0m[1m
     Setting up : Making Directory /tmp/sandbox/good_request_after_bad/ts/config - [0m[32mPassed[0m[1m
     Setting up : On /tmp/sandbox/good_request_after_bad/ts/config with uid: nobody gid: nobody - [0m[32mPassed[0m[1m
     Setting up : On /tmp/sandbox/good_request_after_bad/ts/config with uid: nobody gid: nogroup - [0m[32mPassed[0m[1m
     Setting up : Copying '/src/trafficserver/tests/gold_tests/autest-site/min_cfg/storage.config' to directory '/tmp/sandbox/good_request_after_bad/ts/config' as 'storage.config'' - [0m[32mPassed[0m[1m
     Setting up : Copying '/src/trafficserver/tests/gold_tests/autest-site/min_cfg/ip_allow.yaml' to directory '/tmp/sandbox/good_request_after_bad/ts/config' as 'ip_allow.yaml'' - [0m[32mPassed[0m[1m
     Setting up : Copying '/src/trafficserver/tests/gold_tests/autest-site/min_cfg/readme.txt' to directory '/tmp/sandbox/good_request_after_bad/ts/config' as 'readme.txt'' - [0m[32mPassed[0m[1m
     Setting up : Copying '/usr/etc/trafficserver/body_factory' to '/tmp/sandbox/good_request_after_bad/ts/config/body_factory' - [0m[32mPassed[0m[1m
     Setting up : Making Directory /tmp/sandbox/good_request_after_bad/ts/cache - [0m[32mPassed[0m[1m
     Setting up : Copying '/usr/libexec/trafficserver' to '/tmp/sandbox/good_request_after_bad/ts/plugin' - [0m[32mPassed[0m[1m
     Setting up : Making Directory /tmp/sandbox/good_request_after_bad/ts/log - [0m[32mPassed[0m[1m
     Setting up : On /tmp/sandbox/good_request_after_bad/ts/log with uid: nobody gid: nobody - [0m[32mPassed[0m[1m
     Setting up : On /tmp/sandbox/good_request_after_bad/ts/log with uid: nobody gid: nogroup - [0m[32mPassed[0m[1m
     Setting up : Making Directory /tmp/sandbox/good_request_after_bad/ts/runtime - [0m[32mPassed[0m[1m
     Setting up : On /tmp/sandbox/good_request_after_bad/ts/runtime with uid: nobody gid: nobody - [0m[32mPassed[0m[1m
     Setting up : On /tmp/sandbox/good_request_after_bad/ts/runtime with uid: nobody gid: nogroup - [0m[32mPassed[0m[1m
     Setting up : Making Directory /tmp/sandbox/good_request_after_bad/ts/ssl - [0m[32mPassed[0m[1m
     Setting up : On /tmp/sandbox/good_request_after_bad/ts/ssl with uid: nobody gid: nobody - [0m[32mPassed[0m[1m
     Setting up : On /tmp/sandbox/good_request_after_bad/ts/ssl with uid: nobody gid: nogroup - [0m[32mPassed[0m[1m
     Setting up : Making Directory /tmp/sandbox/good_request_after_bad/ts/storage - [0m[32mPassed[0m[1m
     Setting up : On /tmp/sandbox/good_request_after_bad/ts/storage with uid: nobody gid: nobody - [0m[32mPassed[0m[1m
     Setting up : On /tmp/sandbox/good_request_after_bad/ts/storage with uid: nobody gid: nogroup - [0m[32mPassed[0m[1m
     Setting up : recycling port: 61571, queue size: 966 - [0m[32mPassed[0m[1m
     Setting up : recycling port: 61572, queue size: 965 - [0m[32mPassed[0m[1m
     Setting up : recycling port: 61573, queue size: 964 - [0m[32mPassed[0m[1m
     Setting up : recycling port: 61574, queue size: 963 - [0m[32mPassed[0m[1m
     Test : Checking that ReturnCode == 0 - [0m[32mPassed[0m[1m
        Reason: Returned Value: 0 == 0
     Time-Out : Process finishes within expected time - [0m[32mPassed[0m[1m
        Reason: Returned value: 5.301159620285034 < 600.0
     file /tmp/sandbox/good_request_after_bad/ts/log/diags.log : Diags log file diags.log should not contain errors - [0m[32mPassed[0m[1m
        Reason: Contents of /tmp/sandbox/good_request_after_bad/ts/log/diags.log excludes expression
     file /tmp/sandbox/good_request_after_bad/ts/log/diags.log : Diags log file diags.log should not contain errors - [0m[32mPassed[0m[1m
        Reason: Contents of /tmp/sandbox/good_request_after_bad/ts/log/diags.log excludes expression
     file /tmp/sandbox/good_request_after_bad/ts/log/diags.log : Diags log file diags.log should not contain a warning about an unrecognized configuration - [0m[32mPassed[0m[1m
        Reason: Contents of /tmp/sandbox/good_request_after_bad/ts/log/diags.log excludes expression
     Appending File /tmp/sandbox/good_request_after_bad/ts/config/records.yaml : Writing config file records.yaml - [0m[32mPassed[0m[1m
        Reason: Success
     Appending File /tmp/sandbox/good_request_after_bad/ts/config/runroot.yaml : Appended file /tmp/sandbox/good_request_after_bad/ts/config/runroot.yaml - [0m[32mPassed[0m[1m
        Reason: Success
     Appending File /tmp/sandbox/good_request_after_bad/ts/config/remap.config : Appended file /tmp/sandbox/good_request_after_bad/ts/config/remap.config - [0m[32mPassed[0m[1m
        Reason: Success
   Process: ts2: [0m[32mPassed[0m[1m
     Setting up : Making Directory /tmp/sandbox/good_request_after_bad/ts2 - [0m[32mPassed[0m[1m
     Setting up : Copying '/usr/bin' to '/tmp/sandbox/good_request_after_bad/ts2/bin' - [0m[32mPassed[0m[1m
     Setting up : Making Directory /tmp/sandbox/good_request_after_bad/ts2/config - [0m[32mPassed[0m[1m
     Setting up : On /tmp/sandbox/good_request_after_bad/ts2/config with uid: nobody gid: nobody - [0m[32mPassed[0m[1m
     Setting up : On /tmp/sandbox/good_request_after_bad/ts2/config with uid: nobody gid: nogroup - [0m[32mPassed[0m[1m
     Setting up : Copying '/src/trafficserver/tests/gold_tests/autest-site/min_cfg/storage.config' to directory '/tmp/sandbox/good_request_after_bad/ts2/config' as 'storage.config'' - [0m[32mPassed[0m[1m
     Setting up : Copying '/src/trafficserver/tests/gold_tests/autest-site/min_cfg/ip_allow.yaml' to directory '/tmp/sandbox/good_request_after_bad/ts2/config' as 'ip_allow.yaml'' - [0m[32mPassed[0m[1m
     Setting up : Copying '/src/trafficserver/tests/gold_tests/autest-site/min_cfg/readme.txt' to directory '/tmp/sandbox/good_request_after_bad/ts2/config' as 'readme.txt'' - [0m[32mPassed[0m[1m
     Setting up : Copying '/usr/etc/trafficserver/body_factory' to '/tmp/sandbox/good_request_after_bad/ts2/config/body_factory' - [0m[32mPassed[0m[1m
     Setting up : Making Directory /tmp/sandbox/good_request_after_bad/ts2/cache - [0m[32mPassed[0m[1m
     Setting up : Copying '/usr/libexec/trafficserver' to '/tmp/sandbox/good_request_after_bad/ts2/plugin' - [0m[32mPassed[0m[1m
     Setting up : Making Directory /tmp/sandbox/good_request_after_bad/ts2/log - [0m[32mPassed[0m[1m
     Setting up : On /tmp/sandbox/good_request_after_bad/ts2/log with uid: nobody gid: nobody - [0m[32mPassed[0m[1m
     Setting up : On /tmp/sandbox/good_request_after_bad/ts2/log with uid: nobody gid: nogroup - [0m[32mPassed[0m[1m
     Setting up : Making Directory /tmp/sandbox/good_request_after_bad/ts2/runtime - [0m[32mPassed[0m[1m
     Setting up : On /tmp/sandbox/good_request_after_bad/ts2/runtime with uid: nobody gid: nobody - [0m[32mPassed[0m[1m
     Setting up : On /tmp/sandbox/good_request_after_bad/ts2/runtime with uid: nobody gid: nogroup - [0m[32mPassed[0m[1m
     Setting up : Making Directory /tmp/sandbox/good_request_after_bad/ts2/ssl - [0m[32mPassed[0m[1m
     Setting up : On /tmp/sandbox/good_request_after_bad/ts2/ssl with uid: nobody gid: nobody - [0m[32mPassed[0m[1m
     Setting up : On /tmp/sandbox/good_request_after_bad/ts2/ssl with uid: nobody gid: nogroup - [0m[32mPassed[0m[1m
     Setting up : Making Directory /tmp/sandbox/good_request_after_bad/ts2/storage - [0m[32mPassed[0m[1m
     Setting up : On /tmp/sandbox/good_request_after_bad/ts2/storage with uid: nobody gid: nobody - [0m[32mPassed[0m[1m
     Setting up : On /tmp/sandbox/good_request_after_bad/ts2/storage with uid: nobody gid: nogroup - [0m[32mPassed[0m[1m
     Setting up : recycling port: 61575, queue size: 962 - [0m[32mPassed[0m[1m
     Setting up : recycling port: 61576, queue size: 961 - [0m[32mPassed[0m[1m
     Setting up : recycling port: 61577, queue size: 960 - [0m[32mPassed[0m[1m
     Setting up : recycling port: 61578, queue size: 959 - [0m[32mPassed[0m[1m
     Test : Checking that ReturnCode == 0 - [0m[32mPassed[0m[1m
        Reason: Returned Value: 0 == 0
     Time-Out : Process finishes within expected time - [0m[32mPassed[0m[1m
        Reason: Returned value: 4.9276344776153564 < 600.0
     file /tmp/sandbox/good_request_after_bad/ts2/log/diags.log : Diags log file diags.log should not contain errors - [0m[32mPassed[0m[1m
        Reason: Contents of /tmp/sandbox/good_request_after_bad/ts2/log/diags.log excludes expression
     file /tmp/sandbox/good_request_after_bad/ts2/log/diags.log : Diags log file diags.log should not contain errors - [0m[32mPassed[0m[1m
        Reason: Contents of /tmp/sandbox/good_request_after_bad/ts2/log/diags.log excludes expression
     file /tmp/sandbox/good_request_after_bad/ts2/log/diags.log : Diags log file diags.log should not contain a warning about an unrecognized configuration - [0m[32mPassed[0m[1m
        Reason: Contents of /tmp/sandbox/good_request_after_bad/ts2/log/diags.log excludes expression
     Appending File /tmp/sandbox/good_request_after_bad/ts2/config/records.yaml : Writing config file records.yaml - [0m[32mPassed[0m[1m
        Reason: Success
     Appending File /tmp/sandbox/good_request_after_bad/ts2/config/runroot.yaml : Appended file /tmp/sandbox/good_request_after_bad/ts2/config/runroot.yaml - [0m[32mPassed[0m[1m
        Reason: Success
     Appending File /tmp/sandbox/good_request_after_bad/ts2/config/remap.config : Appended file /tmp/sandbox/good_request_after_bad/ts2/config/remap.config - [0m[32mPassed[0m[1m
        Reason: Success
   Process: server: [0m[32mPassed[0m[1m
     Setting up : recycling port: 61579, queue size: 958 - [0m[32mPassed[0m[1m
     Setting up : Making Directory /tmp/sandbox/good_request_after_bad/server - [0m[32mPassed[0m[1m
     Test : Checking that any test passes - [0m[32mPassed[0m[1m
        Reason: One or more tests passed
     
       Test : Checking that ReturnCode == None - [0m[31mFailed[0m[1m
          Reason: Returned Value 0 != None
       
     
       Test : Checking that ReturnCode == 0 - [0m[32mPassed[0m[1m
          Reason: Returned Value: 0 == 0
       
     Time-Out : Process finishes within expected time - [0m[32mPassed[0m[1m
        Reason: Returned value: 6.160256624221802 < 600.0
   Run: Good control: [0m[31mFailed[0m[1m
     Starting TestRun 0-tr : No Issues found - [0m[32mPassed[0m[1m
        Reason: Started!
     Process: Default: [0m[31mFailed[0m[1m
       Test : Checking that ReturnCode == 0 - [0m[31mFailed[0m[1m
          Reason: Returned Value 127 != 0
   Run: Good control: [0m[31mFailed[0m[1m
     Starting TestRun 1-tr : No Issues found - [0m[32mPassed[0m[1m
        Reason: Started!
     Process: Default: [0m[31mFailed[0m[1m
       Test : Checking that ReturnCode == 0 - [0m[31mFailed[0m[1m
          Reason: Returned Value 127 != 0
   Run: space after header name: [0m[31mFailed[0m[1m
     Starting TestRun 2-tr : No Issues found - [0m[32mPassed[0m[1m
        Reason: Started!
     Process: Default: [0m[31mFailed[0m[1m
       Test : Checking that ReturnCode == 0 - [0m[31mFailed[0m[1m
          Reason: Returned Value 127 != 0
       file /tmp/sandbox/good_request_after_bad/_output/2-tr-Default/stream.stdout.txt : Checking that /tmp/sandbox/good_request_after_bad/_output/2-tr-Default/stream.stdout.txt matches gold/bad_good_request.gold - [0m[31mFailed[0m[1m
          Reason: File differences
           Gold File : /src/trafficserver/tests/gold_tests/headers/gold/bad_good_request.gold
           Data File : /tmp/sandbox/good_request_after_bad/_output/2-tr-Default/stream.stdout.txt
           - ``HTTP/1.1 400 Invalid HTTP Request
           - ``Connection: close
           - ``Server: ATS/``
           - ``Content-Length: 219
           - ``
           - <TITLE>Bad Request</TITLE>
           - ``<H1>Bad Request</H1>
           - ``Description: Could not process this request.
           - ``
   Run: Bad protocol number: [0m[31mFailed[0m[1m
     Starting TestRun 3-tr : No Issues found - [0m[32mPassed[0m[1m
        Reason: Started!
     Process: Default: [0m[31mFailed[0m[1m
       Test : Checking that ReturnCode == 0 - [0m[31mFailed[0m[1m
          Reason: Returned Value 127 != 0
       file /tmp/sandbox/good_request_after_bad/_output/3-tr-Default/stream.stdout.txt : Checking that /tmp/sandbox/good_request_after_bad/_output/3-tr-Default/stream.stdout.txt matches gold/bad_protocol_number.gold - [0m[31mFailed[0m[1m
          Reason: File differences
           Gold File : /src/trafficserver/tests/gold_tests/headers/gold/bad_protocol_number.gold
           Data File : /tmp/sandbox/good_request_after_bad/_output/3-tr-Default/stream.stdout.txt
           - HTTP/1.1 505 Unsupported HTTP Version
           - Date: ``
           - Server: ATS/``
           - Cache-Control: no-store
           - Content-Type: text/html
           - Content-Language: en
           - Content-Length: 219
           - 
           - <HTML>
           - <HEAD>
           - <TITLE>Bad Request</TITLE>
           - </HEAD>
           - 
           - <BODY BGCOLOR="white" FGCOLOR="black">
           - <H1>Bad Request</H1>
           - <HR>
           - 
           - <FONT FACE="Helvetica,Arial"><B>
           - Description: Could not process this request.
           - </B></FONT>
           - <HR>
           - </BODY>
   Run: Unsupported Transfer Encoding value: [0m[31mFailed[0m[1m
     Starting TestRun 4-tr : No Issues found - [0m[32mPassed[0m[1m
        Reason: Started!
     Process: Default: [0m[31mFailed[0m[1m
       Test : Checking that ReturnCode == 0 - [0m[31mFailed[0m[1m
          Reason: Returned Value 127 != 0
       file /tmp/sandbox/good_request_after_bad/_output/4-tr-Default/stream.stdout.txt : Checking that /tmp/sandbox/good_request_after_bad/_output/4-tr-Default/stream.stdout.txt matches gold/bad_te_value.gold - [0m[31mFailed[0m[1m
          Reason: File differences
           Gold File : /src/trafficserver/tests/gold_tests/headers/gold/bad_te_value.gold
           Data File : /tmp/sandbox/good_request_after_bad/_output/4-tr-Default/stream.stdout.txt
           - HTTP/1.1 501 Field not implemented
           - Date: ``
           - Connection: keep-alive
           - Server: ATS/``
           - Cache-Control: no-store
           - Content-Type: text/html
           - Content-Language: en
           - Content-Length: 289
           - 
           - <HTML>
           - <HEAD>
           - <TITLE>Transcoding Not Available</TITLE>
           - </HEAD>
           - 
           - <BODY BGCOLOR="white" FGCOLOR="black">
           - <H1>Transcoding Not Available</H1>
           - <HR>
           - 
           - <FONT FACE="Helvetica,Arial">
           - 
           - <B> Description: Unable to provide the document in the
           - format requested by your browser.
           - </B></FONT>
           - <HR>
           - </BODY>
   Run: Another unsupported Transfer Encoding value: [0m[31mFailed[0m[1m
     Starting TestRun 5-tr : No Issues found - [0m[32mPassed[0m[1m
        Reason: Started!
     Process: Default: [0m[31mFailed[0m[1m
       Test : Checking that ReturnCode == 0 - [0m[31mFailed[0m[1m
          Reason: Returned Value 127 != 0
       file /tmp/sandbox/good_request_after_bad/_output/5-tr-Default/stream.stdout.txt : Checking that /tmp/sandbox/good_request_after_bad/_output/5-tr-Default/stream.stdout.txt matches gold/invalid_character_in_te_value.gold - [0m[31mFailed[0m[1m
          Reason: File differences
           Gold File : /src/trafficserver/tests/gold_tests/headers/gold/invalid_character_in_te_value.gold
           Data File : /tmp/sandbox/good_request_after_bad/_output/5-tr-Default/stream.stdout.txt
           - HTTP/1.1 400 Invalid HTTP Request
           - Date:``
           - Connection: close
           - Server:``
           - Cache-Control: no-store
           - Content-Type: text/html
           - Content-Language: en
           - Content-Length:``
           - 
           - <HTML>
           - <HEAD>
           - <TITLE>Bad Request</TITLE>
           - </HEAD>
           - 
           - <BODY BGCOLOR="white" FGCOLOR="black">
           - <H1>Bad Request</H1>
           - <HR>
           - 
           - <FONT FACE="Helvetica,Arial"><B>
           - Description: Could not process this request.
           - </B></FONT>
           - <HR>
           - </BODY>
   Run: Extra characters in content-length: [0m[31mFailed[0m[1m
     Starting TestRun 6-tr : No Issues found - [0m[32mPassed[0m[1m
        Reason: Started!
     Process: Default: [0m[31mFailed[0m[1m
       Test : Checking that ReturnCode == 0 - [0m[31mFailed[0m[1m
          Reason: Returned Value 127 != 0
       file /tmp/sandbox/good_request_after_bad/_output/6-tr-Default/stream.stdout.txt : Checking that /tmp/sandbox/good_request_after_bad/_output/6-tr-Default/stream.stdout.txt matches gold/bad_good_request_header.gold - [0m[31mFailed[0m[1m
          Reason: File differences
           Gold File : /src/trafficserver/tests/gold_tests/headers/gold/bad_good_request_header.gold
           Data File : /tmp/sandbox/good_request_after_bad/_output/6-tr-Default/stream.stdout.txt
           - ``HTTP/1.1 400 Invalid HTTP Request
           - ``Connection: close
           - ``Server: ATS/``
           - ``Content-Length: 219
           - ``
   Run: Different extra characters in content-length: [0m[31mFailed[0m[1m
     Starting TestRun 7-tr : No Issues found - [0m[32mPassed[0m[1m
        Reason: Started!
     Process: Default: [0m[31mFailed[0m[1m
       Test : Checking that ReturnCode == 0 - [0m[31mFailed[0m[1m
          Reason: Returned Value 127 != 0
       file /tmp/sandbox/good_request_after_bad/_output/7-tr-Default/stream.stdout.txt : Checking that /tmp/sandbox/good_request_after_bad/_output/7-tr-Default/stream.stdout.txt matches gold/bad_good_request_header.gold - [0m[31mFailed[0m[1m
          Reason: File differences
           Gold File : /src/trafficserver/tests/gold_tests/headers/gold/bad_good_request_header.gold
           Data File : /tmp/sandbox/good_request_after_bad/_output/7-tr-Default/stream.stdout.txt
           - ``HTTP/1.1 400 Invalid HTTP Request
           - ``Connection: close
           - ``Server: ATS/``
           - ``Content-Length: 219
           - ``
   Run: Trace request with a body: [0m[31mFailed[0m[1m
     Starting TestRun 8-tr : No Issues found - [0m[32mPassed[0m[1m
        Reason: Started!
     Process: Default: [0m[31mFailed[0m[1m
       Test : Checking that ReturnCode == 0 - [0m[31mFailed[0m[1m
          Reason: Returned Value 127 != 0
       file /tmp/sandbox/good_request_after_bad/_output/8-tr-Default/stream.stdout.txt : Checking that /tmp/sandbox/good_request_after_bad/_output/8-tr-Default/stream.stdout.txt matches gold/bad_good_request.gold - [0m[31mFailed[0m[1m
          Reason: File differences
           Gold File : /src/trafficserver/tests/gold_tests/headers/gold/bad_good_request.gold
           Data File : /tmp/sandbox/good_request_after_bad/_output/8-tr-Default/stream.stdout.txt
           - ``HTTP/1.1 400 Invalid HTTP Request
           - ``Connection: close
           - ``Server: ATS/``
           - ``Content-Length: 219
           - ``
           - <TITLE>Bad Request</TITLE>
           - ``<H1>Bad Request</H1>
           - ``Description: Could not process this request.
           - ``
   Run: Trace request with a chunked body: [0m[31mFailed[0m[1m
     Starting TestRun 9-tr : No Issues found - [0m[32mPassed[0m[1m
        Reason: Started!
     Process: Default: [0m[31mFailed[0m[1m
       Test : Checking that ReturnCode == 0 - [0m[31mFailed[0m[1m
          Reason: Returned Value 127 != 0
       file /tmp/sandbox/good_request_after_bad/_output/9-tr-Default/stream.stdout.txt : Checking that /tmp/sandbox/good_request_after_bad/_output/9-tr-Default/stream.stdout.txt matches gold/bad_good_request.gold - [0m[31mFailed[0m[1m
          Reason: File differences
           Gold File : /src/trafficserver/tests/gold_tests/headers/gold/bad_good_request.gold
           Data File : /tmp/sandbox/good_request_after_bad/_output/9-tr-Default/stream.stdout.txt
           - ``HTTP/1.1 400 Invalid HTTP Request
           - ``Connection: close
           - ``Server: ATS/``
           - ``Content-Length: 219
           - ``
           - <TITLE>Bad Request</TITLE>
           - ``<H1>Bad Request</H1>
           - ``Description: Could not process this request.
           - ``
   Run: Trace request with a chunked body via curl: [0m[32mPassed[0m[1m
     Process: Default: [0m[32mPassed[0m[1m
       Test : Checking that ReturnCode == 0 - [0m[32mPassed[0m[1m
          Reason: Returned Value: 0 == 0
       file /tmp/sandbox/good_request_after_bad/_output/10-tr-Default/stream.all.txt : Checking that /tmp/sandbox/good_request_after_bad/_output/10-tr-Default/stream.all.txt matches gold/bad_good_request_header.gold - [0m[32mPassed[0m[1m
          Reason: Values match
   Run: Trace request via curl: [0m[32mPassed[0m[1m
     Process: Default: [0m[32mPassed[0m[1m
       Test : Checking that ReturnCode == 0 - [0m[32mPassed[0m[1m
          Reason: Returned Value: 0 == 0
       file /tmp/sandbox/good_request_after_bad/_output/11-tr-Default/stream.all.txt : microserver does not support TRACE - [0m[32mPassed[0m[1m
          Reason: Contents of /tmp/sandbox/good_request_after_bad/_output/11-tr-Default/stream.all.txt contained expression
   Run: mixed case method: [0m[31mFailed[0m[1m
     Starting TestRun 12-tr : No Issues found - [0m[32mPassed[0m[1m
        Reason: Started!
     Process: Default: [0m[31mFailed[0m[1m
       Test : Checking that ReturnCode == 0 - [0m[31mFailed[0m[1m
          Reason: Returned Value 127 != 0
       file /tmp/sandbox/good_request_after_bad/_output/12-tr-Default/stream.stdout.txt : Checking that /tmp/sandbox/good_request_after_bad/_output/12-tr-Default/stream.stdout.txt matches gold/bad_method.gold - [0m[31mFailed[0m[1m
          Reason: File differences
           Gold File : /src/trafficserver/tests/gold_tests/headers/gold/bad_method.gold
           Data File : /tmp/sandbox/good_request_after_bad/_output/12-tr-Default/stream.stdout.txt
           - HTTP/1.1 501 Unsupported method ('gET')
           - Content-Type: text/html;charset=utf-8
           - Content-Length: 496
           - Date: ``
           - Age: 0
           - Connection: keep-alive
           - Server: ATS/``
           - 
           - <!DOCTYPE HTML PUBLIC "-//W3C//DTD HTML 4.01//EN"
           -         "http://www.w3.org/TR/html4/strict.dtd">
           - <html>
           -     <head>
           -         <meta http-equiv="Content-Type" content="text/html;charset=utf-8">
           -         <title>Error response</title>
           -     </head>
           -     <body>
           -         <h1>Error response</h1>
           -         <p>Error code: 501</p>
           -         <p>Message: Unsupported method ('gET').</p>
           -         <p>Error code explanation: HTTPStatus.NOT_IMPLEMENTED - Server does not support this operation.</p>
           -     </body>
           - </html>
           - HTTP/1.1 200 OK
           - ``
   Run: mangled line termination: [0m[31mFailed[0m[1m
     Starting TestRun 13-tr : No Issues found - [0m[32mPassed[0m[1m
        Reason: Started!
     Process: Default: [0m[31mFailed[0m[1m
       Test : Checking that ReturnCode == 0 - [0m[31mFailed[0m[1m
          Reason: Returned Value 127 != 0
       file /tmp/sandbox/good_request_after_bad/_output/13-tr-Default/stream.stdout.txt : Checking that /tmp/sandbox/good_request_after_bad/_output/13-tr-Default/stream.stdout.txt matches gold/bad_good_request.gold - [0m[31mFailed[0m[1m
          Reason: File differences
           Gold File : /src/trafficserver/tests/gold_tests/headers/gold/bad_good_request.gold
           Data File : /tmp/sandbox/good_request_after_bad/_output/13-tr-Default/stream.stdout.txt
           - ``HTTP/1.1 400 Invalid HTTP Request
           - ``Connection: close
           - ``Server: ATS/``
           - ``Content-Length: 219
           - ``
           - <TITLE>Bad Request</TITLE>
           - ``<H1>Bad Request</H1>
           - ``Description: Could not process this request.
           - ``
   Run: Catch bad URL characters: [0m[31mFailed[0m[1m
     Starting TestRun 14-tr : No Issues found - [0m[32mPassed[0m[1m
        Reason: Started!
     Process: Default: [0m[31mFailed[0m[1m
       Test : Checking that ReturnCode == 0 - [0m[31mFailed[0m[1m
          Reason: Returned Value 127 != 0
       file /tmp/sandbox/good_request_after_bad/_output/14-tr-Default/stream.stdout.txt : Checking that /tmp/sandbox/good_request_after_bad/_output/14-tr-Default/stream.stdout.txt matches gold/bad_good_request_http1.gold - [0m[31mFailed[0m[1m
          Reason: File differences
           Gold File : /src/trafficserver/tests/gold_tests/headers/gold/bad_good_request_http1.gold
           Data File : /tmp/sandbox/good_request_after_bad/_output/14-tr-Default/stream.stdout.txt
           - ``HTTP/1.0 400 Invalid HTTP Request
           - ``Server: ATS/``
           - ``Content-Length: 219
           - ``
           - <TITLE>Bad Request</TITLE>
           - ``<H1>Bad Request</H1>
           - ``Description: Could not process this request.
           - ``
   Run: Catch whitespace in URL: [0m[31mFailed[0m[1m
     Starting TestRun 15-tr : No Issues found - [0m[32mPassed[0m[1m
        Reason: Started!
     Process: Default: [0m[31mFailed[0m[1m
       Test : Checking that ReturnCode == 0 - [0m[31mFailed[0m[1m
          Reason: Returned Value 127 != 0
       file /tmp/sandbox/good_request_after_bad/_output/15-tr-Default/stream.stdout.txt : Checking that /tmp/sandbox/good_request_after_bad/_output/15-tr-Default/stream.stdout.txt matches gold/bad_good_request_http1.gold - [0m[31mFailed[0m[1m
          Reason: File differences
           Gold File : /src/trafficserver/tests/gold_tests/headers/gold/bad_good_request_http1.gold
           Data File : /tmp/sandbox/good_request_after_bad/_output/15-tr-Default/stream.stdout.txt
           - ``HTTP/1.0 400 Invalid HTTP Request
           - ``Server: ATS/``
           - ``Content-Length: 219
           - ``
           - <TITLE>Bad Request</TITLE>
           - ``<H1>Bad Request</H1>
           - ``Description: Could not process this request.
           - ``
   Run: Extra characters in protocol: [0m[31mFailed[0m[1m
     Starting TestRun 16-tr : No Issues found - [0m[32mPassed[0m[1m
        Reason: Started!
     Process: Default: [0m[31mFailed[0m[1m
       Test : Checking that ReturnCode == 0 - [0m[31mFailed[0m[1m
          Reason: Returned Value 127 != 0
       file /tmp/sandbox/good_request_after_bad/_output/16-tr-Default/stream.stdout.txt : Checking that /tmp/sandbox/good_request_after_bad/_output/16-tr-Default/stream.stdout.txt matches gold/bad_good_request_http1.gold - [0m[31mFailed[0m[1m
          Reason: File differences
           Gold File : /src/trafficserver/tests/gold_tests/headers/gold/bad_good_request_http1.gold
           Data File : /tmp/sandbox/good_request_after_bad/_output/16-tr-Default/stream.stdout.txt
           - ``HTTP/1.0 400 Invalid HTTP Request
           - ``Server: ATS/``
           - ``Content-Length: 219
           - ``
           - <TITLE>Bad Request</TITLE>
           - ``<H1>Bad Request</H1>
           - ``Description: Could not process this request.
           - ``
   Run: Characters that are strict but not case 2 bad: [0m[31mFailed[0m[1m
     Starting TestRun 17-tr : No Issues found - [0m[32mPassed[0m[1m
        Reason: Started!
     Process: Default: [0m[31mFailed[0m[1m
       Test : Checking that ReturnCode == 0 - [0m[31mFailed[0m[1m
          Reason: Returned Value 127 != 0
       file /tmp/sandbox/good_request_after_bad/_output/17-tr-Default/stream.all.txt : Success - [0m[31mFailed[0m[1m
          Reason: Contents of /tmp/sandbox/good_request_after_bad/_output/17-tr-Default/stream.all.txt did not contains expression: "HTTP/1.1 200 OK"
   Run: Catch whitespace in URL: [0m[31mFailed[0m[1m
     Starting TestRun 18-tr : No Issues found - [0m[32mPassed[0m[1m
        Reason: Started!
     Process: Default: [0m[31mFailed[0m[1m
       Test : Checking that ReturnCode == 0 - [0m[31mFailed[0m[1m
          Reason: Returned Value 127 != 0
       file /tmp/sandbox/good_request_after_bad/_output/18-tr-Default/stream.stdout.txt : Checking that /tmp/sandbox/good_request_after_bad/_output/18-tr-Default/stream.stdout.txt matches gold/bad_good_request_http1.gold - [0m[31mFailed[0m[1m
          Reason: File differences
           Gold File : /src/trafficserver/tests/gold_tests/headers/gold/bad_good_request_http1.gold
           Data File : /tmp/sandbox/good_request_after_bad/_output/18-tr-Default/stream.stdout.txt
           - ``HTTP/1.0 400 Invalid HTTP Request
           - ``Server: ATS/``
           - ``Content-Length: 219
           - ``
           - <TITLE>Bad Request</TITLE>
           - ``<H1>Bad Request</H1>
           - ``Description: Could not process this request.
           - ``
   Run: Extra characters in protocol: [0m[31mFailed[0m[1m
     Starting TestRun 19-tr : No Issues found - [0m[32mPassed[0m[1m
        Reason: Started!
     Process: Default: [0m[31mFailed[0m[1m
       Test : Checking that ReturnCode == 0 - [0m[31mFailed[0m[1m
          Reason: Returned Value 127 != 0
       file /tmp/sandbox/good_request_after_bad/_output/19-tr-Default/stream.stdout.txt : Checking that /tmp/sandbox/good_request_after_bad/_output/19-tr-Default/stream.stdout.txt matches gold/bad_good_request_http1.gold - [0m[31mFailed[0m[1m
          Reason: File differences
           Gold File : /src/trafficserver/tests/gold_tests/headers/gold/bad_good_request_http1.gold
           Data File : /tmp/sandbox/good_request_after_bad/_output/19-tr-Default/stream.stdout.txt
           - ``HTTP/1.0 400 Invalid HTTP Request
           - ``Server: ATS/``
           - ``Content-Length: 219
           - ``
           - <TITLE>Bad Request</TITLE>
           - ``<H1>Bad Request</H1>
           - ``Description: Could not process this request.
           - ``

[0m[1m Test: chunked_encoding_h2: [0m[31mFailed[0m[1m
    File: chunked_encoding_h2.test.py
    Directory: /src/trafficserver/tests/gold_tests/chunked_encoding
   Setting up : recycling port: 61313, queue size: 975 - [0m[32mPassed[0m[1m
   Starting Test chunked_encoding_h2 : No issues found - [0m[32mPassed[0m[1m
      Reason: Started!
   Process: ts: [0m[32mPassed[0m[1m
     Setting up : Making Directory /tmp/sandbox/chunked_encoding_h2/ts - [0m[32mPassed[0m[1m
     Setting up : Copying '/usr/bin' to '/tmp/sandbox/chunked_encoding_h2/ts/bin' - [0m[32mPassed[0m[1m
     Setting up : Making Directory /tmp/sandbox/chunked_encoding_h2/ts/config - [0m[32mPassed[0m[1m
     Setting up : On /tmp/sandbox/chunked_encoding_h2/ts/config with uid: nobody gid: nobody - [0m[32mPassed[0m[1m
     Setting up : On /tmp/sandbox/chunked_encoding_h2/ts/config with uid: nobody gid: nogroup - [0m[32mPassed[0m[1m
     Setting up : Copying '/src/trafficserver/tests/gold_tests/autest-site/min_cfg/storage.config' to directory '/tmp/sandbox/chunked_encoding_h2/ts/config' as 'storage.config'' - [0m[32mPassed[0m[1m
     Setting up : Copying '/src/trafficserver/tests/gold_tests/autest-site/min_cfg/ip_allow.yaml' to directory '/tmp/sandbox/chunked_encoding_h2/ts/config' as 'ip_allow.yaml'' - [0m[32mPassed[0m[1m
     Setting up : Copying '/src/trafficserver/tests/gold_tests/autest-site/min_cfg/readme.txt' to directory '/tmp/sandbox/chunked_encoding_h2/ts/config' as 'readme.txt'' - [0m[32mPassed[0m[1m
     Setting up : Copying '/usr/etc/trafficserver/body_factory' to '/tmp/sandbox/chunked_encoding_h2/ts/config/body_factory' - [0m[32mPassed[0m[1m
     Setting up : Making Directory /tmp/sandbox/chunked_encoding_h2/ts/cache - [0m[32mPassed[0m[1m
     Setting up : Copying '/usr/libexec/trafficserver' to '/tmp/sandbox/chunked_encoding_h2/ts/plugin' - [0m[32mPassed[0m[1m
     Setting up : Making Directory /tmp/sandbox/chunked_encoding_h2/ts/log - [0m[32mPassed[0m[1m
     Setting up : On /tmp/sandbox/chunked_encoding_h2/ts/log with uid: nobody gid: nobody - [0m[32mPassed[0m[1m
     Setting up : On /tmp/sandbox/chunked_encoding_h2/ts/log with uid: nobody gid: nogroup - [0m[32mPassed[0m[1m
     Setting up : Making Directory /tmp/sandbox/chunked_encoding_h2/ts/runtime - [0m[32mPassed[0m[1m
     Setting up : On /tmp/sandbox/chunked_encoding_h2/ts/runtime with uid: nobody gid: nobody - [0m[32mPassed[0m[1m
     Setting up : On /tmp/sandbox/chunked_encoding_h2/ts/runtime with uid: nobody gid: nogroup - [0m[32mPassed[0m[1m
     Setting up : Making Directory /tmp/sandbox/chunked_encoding_h2/ts/ssl - [0m[32mPassed[0m[1m
     Setting up : On /tmp/sandbox/chunked_encoding_h2/ts/ssl with uid: nobody gid: nobody - [0m[32mPassed[0m[1m
     Setting up : On /tmp/sandbox/chunked_encoding_h2/ts/ssl with uid: nobody gid: nogroup - [0m[32mPassed[0m[1m
     Setting up : Making Directory /tmp/sandbox/chunked_encoding_h2/ts/storage - [0m[32mPassed[0m[1m
     Setting up : On /tmp/sandbox/chunked_encoding_h2/ts/storage with uid: nobody gid: nobody - [0m[32mPassed[0m[1m
     Setting up : On /tmp/sandbox/chunked_encoding_h2/ts/storage with uid: nobody gid: nogroup - [0m[32mPassed[0m[1m
     Setting up : recycling port: 61314, queue size: 974 - [0m[32mPassed[0m[1m
     Setting up : recycling port: 61315, queue size: 973 - [0m[32mPassed[0m[1m
     Setting up : recycling port: 61316, queue size: 972 - [0m[32mPassed[0m[1m
     Setting up : recycling port: 61317, queue size: 971 - [0m[32mPassed[0m[1m
     Setting up : recycling port: 61318, queue size: 970 - [0m[32mPassed[0m[1m
     Setting up : recycling port: 61319, queue size: 969 - [0m[32mPassed[0m[1m
     Setting up : Copying '/src/trafficserver/tests/gold_tests/autest-site/../../tools/ssl/server.pem' to directory '/tmp/sandbox/chunked_encoding_h2/ts/ssl' as 'server.pem'' - [0m[32mPassed[0m[1m
     Setting up : Copying '/src/trafficserver/tests/gold_tests/autest-site/../../tools/ssl/server.key' to directory '/tmp/sandbox/chunked_encoding_h2/ts/ssl' as 'server.key'' - [0m[32mPassed[0m[1m
     Test : Checking that ReturnCode == 0 - [0m[32mPassed[0m[1m
        Reason: Returned Value: 0 == 0
     Time-Out : Process finishes within expected time - [0m[32mPassed[0m[1m
        Reason: Returned value: 3.60832142829895 < 600.0
     file /tmp/sandbox/chunked_encoding_h2/ts/log/diags.log : Diags log file diags.log should not contain errors - [0m[32mPassed[0m[1m
        Reason: Contents of /tmp/sandbox/chunked_encoding_h2/ts/log/diags.log excludes expression
     file /tmp/sandbox/chunked_encoding_h2/ts/log/diags.log : Diags log file diags.log should not contain errors - [0m[32mPassed[0m[1m
        Reason: Contents of /tmp/sandbox/chunked_encoding_h2/ts/log/diags.log excludes expression
     file /tmp/sandbox/chunked_encoding_h2/ts/log/diags.log : Diags log file diags.log should not contain a warning about an unrecognized configuration - [0m[32mPassed[0m[1m
        Reason: Contents of /tmp/sandbox/chunked_encoding_h2/ts/log/diags.log excludes expression
     Appending File /tmp/sandbox/chunked_encoding_h2/ts/config/records.yaml : Writing config file records.yaml - [0m[32mPassed[0m[1m
        Reason: Success
     Appending File /tmp/sandbox/chunked_encoding_h2/ts/config/runroot.yaml : Appended file /tmp/sandbox/chunked_encoding_h2/ts/config/runroot.yaml - [0m[32mPassed[0m[1m
        Reason: Success
     Appending File /tmp/sandbox/chunked_encoding_h2/ts/config/remap.config : Appended file /tmp/sandbox/chunked_encoding_h2/ts/config/remap.config - [0m[32mPassed[0m[1m
        Reason: Success
     Appending File /tmp/sandbox/chunked_encoding_h2/ts/config/ssl_multicert.config : Appended file /tmp/sandbox/chunked_encoding_h2/ts/config/ssl_multicert.config - [0m[32mPassed[0m[1m
        Reason: Success
   Run: 0-tr: [0m[31mFailed[0m[1m
     Setting up : Copying 'delay-server.sh' to 'None' - [0m[32mPassed[0m[1m
     Setting up : Copying 'case1.sh' to 'None' - [0m[32mPassed[0m[1m
     Test : Checking that True == _isRunningAfter - [0m[32mPassed[0m[1m
        Reason: Returned Value: True == _isRunningAfter
     Starting TestRun 0-tr : No Issues found - [0m[32mPassed[0m[1m
        Reason: Started!
     Process: Default: [0m[31mFailed[0m[1m
       Test : Checking that ReturnCode == 0 - [0m[32mPassed[0m[1m
          Reason: Returned Value: 0 == 0
       Time-Out : Process finishes within expected time - [0m[32mPassed[0m[1m
          Reason: Returned value: 1.0040624141693115 < 600.0
       file /tmp/sandbox/chunked_encoding_h2/_output/0-tr-Default/stream.all.txt : Delayed chunk close should not cause reset - [0m[32mPassed[0m[1m
          Reason: Contents of /tmp/sandbox/chunked_encoding_h2/_output/0-tr-Default/stream.all.txt excludes expression
       file /tmp/sandbox/chunked_encoding_h2/_output/0-tr-Default/stream.all.txt : Should return chunked - [0m[31mFailed[0m[1m
          Reason: Contents of /tmp/sandbox/chunked_encoding_h2/_output/0-tr-Default/stream.all.txt contains expression: "content-length"
             Details:
               [  0.132] recv (stream_id=13) content-length: 247 : 46
       file /tmp/sandbox/chunked_encoding_h2/_output/0-tr-Default/stream.all.txt : Should get successful response - [0m[31mFailed[0m[1m
          Reason: Contents of /tmp/sandbox/chunked_encoding_h2/_output/0-tr-Default/stream.all.txt did not contains expression: ":status: 200"
   Run: 1-tr: [0m[31mFailed[0m[1m
     Setting up : Copying 'server2.sh' to 'None' - [0m[32mPassed[0m[1m
     Setting up : Copying 'case2.sh' to 'None' - [0m[32mPassed[0m[1m
     Starting TestRun 1-tr : No Issues found - [0m[32mPassed[0m[1m
        Reason: Started!
     Process: Default: [0m[31mFailed[0m[1m
       Test : Checking that ReturnCode == 0 - [0m[32mPassed[0m[1m
          Reason: Returned Value: 0 == 0
       Time-Out : Process finishes within expected time - [0m[32mPassed[0m[1m
          Reason: Returned value: 1.004352331161499 < 600.0
       file /tmp/sandbox/chunked_encoding_h2/_output/1-tr-Default/stream.all.txt : Request should succeed - [0m[31mFailed[0m[1m
          Reason: Contents of /tmp/sandbox/chunked_encoding_h2/_output/1-tr-Default/stream.all.txt did not contains expression: "HTTP/2 200"
       file /tmp/sandbox/chunked_encoding_h2/_output/1-tr-Default/stream.all.txt : Response should include content length - [0m[32mPassed[0m[1m
          Reason: Contents of /tmp/sandbox/chunked_encoding_h2/_output/1-tr-Default/stream.all.txt contained expression
   Run: 2-tr: [0m[31mFailed[0m[1m
     Setting up : Copying 'server3.sh' to 'None' - [0m[32mPassed[0m[1m
     Setting up : Copying 'case3.sh' to 'None' - [0m[32mPassed[0m[1m
     Starting TestRun 2-tr : No Issues found - [0m[32mPassed[0m[1m
        Reason: Started!
     Process: Default: [0m[31mFailed[0m[1m
       Test : Checking that ReturnCode == 0 - [0m[32mPassed[0m[1m
          Reason: Returned Value: 0 == 0
       Time-Out : Process finishes within expected time - [0m[32mPassed[0m[1m
          Reason: Returned value: 1.0049500465393066 < 600.0
       file /tmp/sandbox/chunked_encoding_h2/_output/2-tr-Default/stream.all.txt : Request should succeed - [0m[31mFailed[0m[1m
          Reason: Contents of /tmp/sandbox/chunked_encoding_h2/_output/2-tr-Default/stream.all.txt did not contains expression: "HTTP/2 200"
       file /tmp/sandbox/chunked_encoding_h2/_output/2-tr-Default/stream.all.txt : Response should not include content length - [0m[31mFailed[0m[1m
          Reason: Contents of /tmp/sandbox/chunked_encoding_h2/_output/2-tr-Default/stream.all.txt contains expression: "content-length:"
             Details:
               < content-length: 247 : 95

[0m[1m Test: chunked_encoding: [0m[31mFailed[0m[1m
    File: chunked_encoding.test.py
    Directory: /src/trafficserver/tests/gold_tests/chunked_encoding
   Setting up : recycling port: 61294, queue size: 975 - [0m[32mPassed[0m[1m
   Setting up : Copying '/src/trafficserver/tests/gold_tests/chunked_encoding/smuggle-client' to 'None' - [0m[32mPassed[0m[1m
   file outserver4 : Extra body bytes should not be delivered - [0m[31mFailed[0m[1m
      Reason: Cannot read /tmp/sandbox/chunked_encoding/outserver4: [Errno 2] No such file or directory: '/tmp/sandbox/chunked_encoding/outserver4'
   Starting Test chunked_encoding : No issues found - [0m[32mPassed[0m[1m
      Reason: Started!
   Process: ts: [0m[32mPassed[0m[1m
     Setting up : Making Directory /tmp/sandbox/chunked_encoding/ts - [0m[32mPassed[0m[1m
     Setting up : Copying '/usr/bin' to '/tmp/sandbox/chunked_encoding/ts/bin' - [0m[32mPassed[0m[1m
     Setting up : Making Directory /tmp/sandbox/chunked_encoding/ts/config - [0m[32mPassed[0m[1m
     Setting up : On /tmp/sandbox/chunked_encoding/ts/config with uid: nobody gid: nobody - [0m[32mPassed[0m[1m
     Setting up : On /tmp/sandbox/chunked_encoding/ts/config with uid: nobody gid: nogroup - [0m[32mPassed[0m[1m
     Setting up : Copying '/src/trafficserver/tests/gold_tests/autest-site/min_cfg/storage.config' to directory '/tmp/sandbox/chunked_encoding/ts/config' as 'storage.config'' - [0m[32mPassed[0m[1m
     Setting up : Copying '/src/trafficserver/tests/gold_tests/autest-site/min_cfg/ip_allow.yaml' to directory '/tmp/sandbox/chunked_encoding/ts/config' as 'ip_allow.yaml'' - [0m[32mPassed[0m[1m
     Setting up : Copying '/src/trafficserver/tests/gold_tests/autest-site/min_cfg/readme.txt' to directory '/tmp/sandbox/chunked_encoding/ts/config' as 'readme.txt'' - [0m[32mPassed[0m[1m
     Setting up : Copying '/usr/etc/trafficserver/body_factory' to '/tmp/sandbox/chunked_encoding/ts/config/body_factory' - [0m[32mPassed[0m[1m
     Setting up : Making Directory /tmp/sandbox/chunked_encoding/ts/cache - [0m[32mPassed[0m[1m
     Setting up : Copying '/usr/libexec/trafficserver' to '/tmp/sandbox/chunked_encoding/ts/plugin' - [0m[32mPassed[0m[1m
     Setting up : Making Directory /tmp/sandbox/chunked_encoding/ts/log - [0m[32mPassed[0m[1m
     Setting up : On /tmp/sandbox/chunked_encoding/ts/log with uid: nobody gid: nobody - [0m[32mPassed[0m[1m
     Setting up : On /tmp/sandbox/chunked_encoding/ts/log with uid: nobody gid: nogroup - [0m[32mPassed[0m[1m
     Setting up : Making Directory /tmp/sandbox/chunked_encoding/ts/runtime - [0m[32mPassed[0m[1m
     Setting up : On /tmp/sandbox/chunked_encoding/ts/runtime with uid: nobody gid: nobody - [0m[32mPassed[0m[1m
     Setting up : On /tmp/sandbox/chunked_encoding/ts/runtime with uid: nobody gid: nogroup - [0m[32mPassed[0m[1m
     Setting up : Making Directory /tmp/sandbox/chunked_encoding/ts/ssl - [0m[32mPassed[0m[1m
     Setting up : On /tmp/sandbox/chunked_encoding/ts/ssl with uid: nobody gid: nobody - [0m[32mPassed[0m[1m
     Setting up : On /tmp/sandbox/chunked_encoding/ts/ssl with uid: nobody gid: nogroup - [0m[32mPassed[0m[1m
     Setting up : Making Directory /tmp/sandbox/chunked_encoding/ts/storage - [0m[32mPassed[0m[1m
     Setting up : On /tmp/sandbox/chunked_encoding/ts/storage with uid: nobody gid: nobody - [0m[32mPassed[0m[1m
     Setting up : On /tmp/sandbox/chunked_encoding/ts/storage with uid: nobody gid: nogroup - [0m[32mPassed[0m[1m
     Setting up : recycling port: 61295, queue size: 974 - [0m[32mPassed[0m[1m
     Setting up : recycling port: 61296, queue size: 973 - [0m[32mPassed[0m[1m
     Setting up : recycling port: 61297, queue size: 972 - [0m[32mPassed[0m[1m
     Setting up : recycling port: 61298, queue size: 971 - [0m[32mPassed[0m[1m
     Setting up : recycling port: 61299, queue size: 970 - [0m[32mPassed[0m[1m
     Setting up : recycling port: 61300, queue size: 969 - [0m[32mPassed[0m[1m
     Setting up : Copying '/src/trafficserver/tests/gold_tests/autest-site/../../tools/ssl/server.pem' to directory '/tmp/sandbox/chunked_encoding/ts/ssl' as 'server.pem'' - [0m[32mPassed[0m[1m
     Setting up : Copying '/src/trafficserver/tests/gold_tests/autest-site/../../tools/ssl/server.key' to directory '/tmp/sandbox/chunked_encoding/ts/ssl' as 'server.key'' - [0m[32mPassed[0m[1m
     Test : Checking that ReturnCode == 0 - [0m[32mPassed[0m[1m
        Reason: Returned Value: 0 == 0
     Time-Out : Process finishes within expected time - [0m[32mPassed[0m[1m
        Reason: Returned value: 5.377083778381348 < 600.0
     file /tmp/sandbox/chunked_encoding/ts/log/diags.log : Diags log file diags.log should not contain errors - [0m[32mPassed[0m[1m
        Reason: Contents of /tmp/sandbox/chunked_encoding/ts/log/diags.log excludes expression
     file /tmp/sandbox/chunked_encoding/ts/log/diags.log : Diags log file diags.log should not contain errors - [0m[32mPassed[0m[1m
        Reason: Contents of /tmp/sandbox/chunked_encoding/ts/log/diags.log excludes expression
     file /tmp/sandbox/chunked_encoding/ts/log/diags.log : Diags log file diags.log should not contain a warning about an unrecognized configuration - [0m[32mPassed[0m[1m
        Reason: Contents of /tmp/sandbox/chunked_encoding/ts/log/diags.log excludes expression
     Appending File /tmp/sandbox/chunked_encoding/ts/config/records.yaml : Writing config file records.yaml - [0m[32mPassed[0m[1m
        Reason: Success
     Appending File /tmp/sandbox/chunked_encoding/ts/config/runroot.yaml : Appended file /tmp/sandbox/chunked_encoding/ts/config/runroot.yaml - [0m[32mPassed[0m[1m
        Reason: Success
     Appending File /tmp/sandbox/chunked_encoding/ts/config/remap.config : Appended file /tmp/sandbox/chunked_encoding/ts/config/remap.config - [0m[32mPassed[0m[1m
        Reason: Success
     Appending File /tmp/sandbox/chunked_encoding/ts/config/ssl_multicert.config : Appended file /tmp/sandbox/chunked_encoding/ts/config/ssl_multicert.config - [0m[32mPassed[0m[1m
        Reason: Success
   Process: server: [0m[32mPassed[0m[1m
     Setting up : recycling port: 61301, queue size: 968 - [0m[32mPassed[0m[1m
     Setting up : Making Directory /tmp/sandbox/chunked_encoding/server - [0m[32mPassed[0m[1m
     Test : Checking that any test passes - [0m[32mPassed[0m[1m
        Reason: One or more tests passed
     
       Test : Checking that ReturnCode == None - [0m[31mFailed[0m[1m
          Reason: Returned Value 0 != None
       
     
       Test : Checking that ReturnCode == 0 - [0m[32mPassed[0m[1m
          Reason: Returned Value: 0 == 0
       
     Time-Out : Process finishes within expected time - [0m[32mPassed[0m[1m
        Reason: Returned value: 4.032562017440796 < 600.0
   Process: server2: [0m[32mPassed[0m[1m
     Setting up : recycling port: 61302, queue size: 967 - [0m[32mPassed[0m[1m
     Setting up : Making Directory /tmp/sandbox/chunked_encoding/server2 - [0m[32mPassed[0m[1m
     Test : Checking that any test passes - [0m[32mPassed[0m[1m
        Reason: One or more tests passed
     
       Test : Checking that ReturnCode == None - [0m[31mFailed[0m[1m
          Reason: Returned Value 0 != None
       
     
       Test : Checking that ReturnCode == 0 - [0m[32mPassed[0m[1m
          Reason: Returned Value: 0 == 0
       
     Time-Out : Process finishes within expected time - [0m[32mPassed[0m[1m
        Reason: Returned value: 4.970592498779297 < 600.0
   Process: server3: [0m[32mPassed[0m[1m
     Setting up : recycling port: 61303, queue size: 966 - [0m[32mPassed[0m[1m
     Setting up : Making Directory /tmp/sandbox/chunked_encoding/server3 - [0m[32mPassed[0m[1m
     Test : Checking that any test passes - [0m[32mPassed[0m[1m
        Reason: One or more tests passed
     
       Test : Checking that ReturnCode == None - [0m[31mFailed[0m[1m
          Reason: Returned Value 0 != None
       
     
       Test : Checking that ReturnCode == 0 - [0m[32mPassed[0m[1m
          Reason: Returned Value: 0 == 0
       
     Time-Out : Process finishes within expected time - [0m[32mPassed[0m[1m
        Reason: Returned value: 5.905060291290283 < 600.0
   Run: 0-tr: [0m[32mPassed[0m[1m
     Process: Default: [0m[32mPassed[0m[1m
       Test : Checking that ReturnCode == 0 - [0m[32mPassed[0m[1m
          Reason: Returned Value: 0 == 0
       file /tmp/sandbox/chunked_encoding/_output/0-tr-Default/stream.stderr.txt : Checking that /tmp/sandbox/chunked_encoding/_output/0-tr-Default/stream.stderr.txt matches gold/chunked_GET_200.gold - [0m[32mPassed[0m[1m
          Reason: Values match
   Run: 1-tr: [0m[32mPassed[0m[1m
     Process: Default: [0m[32mPassed[0m[1m
       Test : Checking that ReturnCode == 0 - [0m[32mPassed[0m[1m
          Reason: Returned Value: 0 == 0
       file /tmp/sandbox/chunked_encoding/_output/1-tr-Default/stream.stderr.txt : Checking that /tmp/sandbox/chunked_encoding/_output/1-tr-Default/stream.stderr.txt matches gold/h2_chunked_POST_200.gold - [0m[32mPassed[0m[1m
          Reason: Values match
   Run: 2-tr: [0m[32mPassed[0m[1m
     Process: Default: [0m[32mPassed[0m[1m
       Test : Checking that ReturnCode == 0 - [0m[32mPassed[0m[1m
          Reason: Returned Value: 0 == 0
       file /tmp/sandbox/chunked_encoding/_output/2-tr-Default/stream.stderr.txt : Checking that /tmp/sandbox/chunked_encoding/_output/2-tr-Default/stream.stderr.txt matches gold/chunked_POST_200.gold - [0m[32mPassed[0m[1m
          Reason: Values match
   Run: 3-tr: [0m[32mPassed[0m[1m
     Process: Default: [0m[32mPassed[0m[1m
       Test : Checking that ReturnCode == 0 - [0m[32mPassed[0m[1m
          Reason: Returned Value: 0 == 0
       file /tmp/sandbox/chunked_encoding/_output/3-tr-Default/stream.stderr.txt : Checking that /tmp/sandbox/chunked_encoding/_output/3-tr-Default/stream.stderr.txt matches gold/chunked_POST_200.gold - [0m[32mPassed[0m[1m
          Reason: Values match
   Run: 4-tr: [0m[31mFailed[0m[1m
     Setting up : Copying 'server4.sh' to 'None' - [0m[32mPassed[0m[1m
     Setting up : Copying 'case4.sh' to 'None' - [0m[32mPassed[0m[1m
     Time-Out : TestRun finishes within expected time - [0m[32mPassed[0m[1m
        Reason: Returned value: 1.1091725826263428 < 5.0
     Starting TestRun 4-tr : No Issues found - [0m[32mPassed[0m[1m
        Reason: Started!
     Process: Default: [0m[31mFailed[0m[1m
       Test : Checking that ReturnCode == 0 - [0m[31mFailed[0m[1m
          Reason: Returned Value 1 != 0
       Time-Out : Process finishes within expected time - [0m[32mPassed[0m[1m
          Reason: Returned value: 1.0039470195770264 < 600.0
       file /tmp/sandbox/chunked_encoding/_output/4-tr-Default/stream.all.txt : Response should not include content length - [0m[32mPassed[0m[1m
          Reason: Contents of /tmp/sandbox/chunked_encoding/_output/4-tr-Default/stream.all.txt excludes expression

[0m[1mTotal of 76 test
[0m[1m  Unknown: 0
[0m[1m  Exception: 1
[0m[1m  Failed: 9
[0m[1m  Warning: 0
[0m[1m  Skipped: 2
[0m[1m  Passed: 64
[0m[0m+ true
++ ls -A /tmp/sandbox/
+ '[' -n 'bad_http_fmt
bigobj
cache-control
cache_and_req_body
cert_update
certifier
chunked_encoding
chunked_encoding_h2
double
good_request_after_bad' ']'
+ cp -rf /tmp/sandbox/ /src/trafficserver/output/adjust_autest_for_rockylinux8/
+ exit 1
Command exited with non-zero status 1
0.09user 0.04system 16:21.89elapsed 0%CPU (0avgtext+0avgdata 22816maxresident)k
15inputs+0outputs (36major+10139minor)pagefaults 0swaps
